JOB 2 ANAGRAMS => 420 anagrams
aaallrt
aaalltr
aaalrlt
aaalrtl
aaaltlr
aaaltrl
aaarllt
aaarltl
aaartll
aaatllr
aaatlrl
aaatrll
aalalrt
aalaltr
aalarlt
aalartl
aalatlr
aalatrl
aallart
aallatr
aallrat
aallrta
aalltar
aalltra
aalralt
aalratl
aalrlat
aalrlta
aalrtal
aalrtla
aaltalr
aaltarl
aaltlar
aaltlra
aaltral
aaltrla
aarallt
aaraltl
aaratll
aarlalt
aarlatl
aarllat
aarllta
aarltal
aarltla
aartall
aartlal
aartlla
aatallr
aatalrl
aatarll
aatlalr
aatlarl
aatllar
aatllra
aatlral
aatlrla
aatrall
aatrlal
aatrlla
alaalrt
alaaltr
alaarlt
alaartl
alaatlr
alaatrl
alalart
alalatr
alalrat
alalrta
alaltar
alaltra
alaralt
alaratl
alarlat
alarlta
alartal
alartla
alatalr
alatarl
alatlar
alatlra
alatral
alatrla
allaart
allaatr
allarat
allarta
allatar
allatra
allraat
allrata
allrtaa
alltaar
alltara
alltraa
alraalt
alraatl
alralat
alralta
alratal
alratla
alrlaat
alrlata
alrltaa
alrtaal
alrtala
alrtlaa
altaalr
altaarl
altalar
altalra
altaral
altarla
altlaar
altlara
altlraa
altraal
altrala
altrlaa
araallt
araaltl
araatll
aralalt
aralatl
arallat
arallta
araltal
araltla
aratall
aratlal
aratlla
arlaalt
arlaatl
arlalat
arlalta
arlatal
arlatla
arllaat
arllata
arlltaa
arltaal
arltala
arltlaa
artaall
artalal
artalla
artlaal
artlala
artllaa
ataallr
ataalrl
ataarll
atalalr
atalarl
atallar
atallra
atalral
atalrla
atarall
atarlal
atarlla
atlaalr
atlaarl
atlalar
atlalra
atlaral
atlarla
atllaar
atllara
atllraa
atlraal
atlrala
atlrlaa
atraall
atralal
atralla
atrlaal
atrlala
atrllaa
laaalrt
laaaltr
laaarlt
laaartl
laaatlr
laaatrl
laalart
laalatr
laalrat
laalrta
laaltar
laaltra
laaralt
laaratl
laarlat
laarlta
laartal
laartla
laatalr
laatarl
laatlar
laatlra
laatral
laatrla
lalaart
lalaatr
lalarat
lalarta
lalatar
lalatra
lalraat
lalrata
lalrtaa
laltaar
laltara
laltraa
laraalt
laraatl
laralat
laralta
laratal
laratla
larlaat
larlata
larltaa
lartaal
lartala
lartlaa
lataalr
lataarl
latalar
latalra
lataral
latarla
latlaar
latlara
latlraa
latraal
latrala
latrlaa
llaaart
llaaatr
llaarat
llaarta
llaatar
llaatra
llaraat
llarata
llartaa
llataar
llatara
llatraa
llraaat
llraata
llrataa
llrtaaa
lltaaar
lltaara
lltaraa
lltraaa
lraaalt
lraaatl
lraalat
lraalta
lraatal
lraatla
lralaat
lralata
lraltaa
lrataal
lratala
lratlaa
lrlaaat
lrlaata
lrlataa
lrltaaa
lrtaaal
lrtaala
lrtalaa
lrtlaaa
ltaaalr
ltaaarl
ltaalar
ltaalra
ltaaral
ltaarla
ltalaar
ltalara
ltalraa
ltaraal
ltarala
ltarlaa
ltlaaar
ltlaara
ltlaraa
ltlraaa
ltraaal
ltraala
ltralaa
ltrlaaa
raaallt
raaaltl
raaatll
raalalt
raalatl
raallat
raallta
raaltal
raaltla
raatall
raatlal
raatlla
ralaalt
ralaatl
ralalat
ralalta
ralatal
ralatla
rallaat
rallata
ralltaa
raltaal
raltala
raltlaa
rataall
ratalal
ratalla
ratlaal
ratlala
ratllaa
rlaaalt
rlaaatl
rlaalat
rlaalta
rlaatal
rlaatla
rlalaat
rlalata
rlaltaa
rlataal
rlatala
rlatlaa
rllaaat
rllaata
rllataa
rlltaaa
rltaaal
rltaala
rltalaa
rltlaaa
rtaaall
rtaalal
rtaalla
rtalaal
rtalala
rtallaa
rtlaaal
rtlaala
rtlalaa
rtllaaa
taaallr
taaalrl
taaarll
taalalr
taalarl
taallar
taallra
taalral
taalrla
taarall
taarlal
taarlla
talaalr
talaarl
talalar
talalra
talaral
talarla
tallaar
tallara
tallraa
talraal
talrala
talrlaa
taraall
taralal
taralla
tarlaal
tarlala
tarllaa
tlaaalr
tlaaarl
tlaalar
tlaalra
tlaaral
tlaarla
tlalaar
tlalara
tlalraa
tlaraal
tlarala
tlarlaa
tllaaar
tllaara
tllaraa
tllraaa
tlraaal
tlraala
tlralaa
tlrlaaa
traaall
traalal
traalla
tralaal
tralala
trallaa
trlaaal
trlaala
trlalaa
trllaaa

