JOB 8 ANAGRAMS => 720 anagrams
definr
defirn
defnir
defnri
defrin
defrni
deifnr
deifrn
deinfr
deinrf
deirfn
deirnf
denfir
denfri
denifr
denirf
denrfi
denrif
derfin
derfni
derifn
derinf
dernfi
dernif
dfeinr
dfeirn
dfenir
dfenri
dferin
dferni
dfienr
dfiern
dfiner
dfinre
dfiren
dfirne
dfneir
dfneri
dfnier
dfnire
dfnrei
dfnrie
dfrein
dfreni
dfrien
dfrine
dfrnei
dfrnie
diefnr
diefrn
dienfr
dienrf
dierfn
diernf
difenr
difern
difner
difnre
difren
difrne
dinefr
dinerf
dinfer
dinfre
dinref
dinrfe
direfn
direnf
dirfen
dirfne
dirnef
dirnfe
dnefir
dnefri
dneifr
dneirf
dnerfi
dnerif
dnfeir
dnferi
dnfier
dnfire
dnfrei
dnfrie
dniefr
dnierf
dnifer
dnifre
dniref
dnirfe
dnrefi
dnreif
dnrfei
dnrfie
dnrief
dnrife
drefin
drefni
dreifn
dreinf
drenfi
drenif
drfein
drfeni
drfien
drfine
drfnei
drfnie
driefn
drienf
drifen
drifne
drinef
drinfe
drnefi
drneif
drnfei
drnfie
drnief
drnife
edfinr
edfirn
edfnir
edfnri
edfrin
edfrni
edifnr
edifrn
edinfr
edinrf
edirfn
edirnf
ednfir
ednfri
ednifr
ednirf
ednrfi
ednrif
edrfin
edrfni
edrifn
edrinf
edrnfi
edrnif
efdinr
efdirn
efdnir
efdnri
efdrin
efdrni
efidnr
efidrn
efindr
efinrd
efirdn
efirnd
efndir
efndri
efnidr
efnird
efnrdi
efnrid
efrdin
efrdni
efridn
efrind
efrndi
efrnid
eidfnr
eidfrn
eidnfr
eidnrf
eidrfn
eidrnf
eifdnr
eifdrn
eifndr
eifnrd
eifrdn
eifrnd
eindfr
eindrf
einfdr
einfrd
einrdf
einrfd
eirdfn
eirdnf
eirfdn
eirfnd
eirndf
eirnfd
endfir
endfri
endifr
endirf
endrfi
endrif
enfdir
enfdri
enfidr
enfird
enfrdi
enfrid
enidfr
enidrf
enifdr
enifrd
enirdf
enirfd
enrdfi
enrdif
enrfdi
enrfid
enridf
enrifd
erdfin
erdfni
erdifn
erdinf
erdnfi
erdnif
erfdin
erfdni
erfidn
erfind
erfndi
erfnid
eridfn
eridnf
erifdn
erifnd
erindf
erinfd
erndfi
erndif
ernfdi
ernfid
ernidf
ernifd
fdeinr
fdeirn
fdenir
fdenri
fderin
fderni
fdienr
fdiern
fdiner
fdinre
fdiren
fdirne
fdneir
fdneri
fdnier
fdnire
fdnrei
fdnrie
fdrein
fdreni
fdrien
fdrine
fdrnei
fdrnie
fedinr
fedirn
fednir
fednri
fedrin
fedrni
feidnr
feidrn
feindr
feinrd
feirdn
feirnd
fendir
fendri
fenidr
fenird
fenrdi
fenrid
ferdin
ferdni
feridn
ferind
ferndi
fernid
fidenr
fidern
fidner
fidnre
fidren
fidrne
fiednr
fiedrn
fiendr
fienrd
fierdn
fiernd
finder
findre
finedr
finerd
finrde
finred
firden
firdne
firedn
firend
firnde
firned
fndeir
fnderi
fndier
fndire
fndrei
fndrie
fnedir
fnedri
fneidr
fneird
fnerdi
fnerid
fnider
fnidre
fniedr
fnierd
fnirde
fnired
fnrdei
fnrdie
fnredi
fnreid
fnride
fnried
frdein
frdeni
frdien
frdine
frdnei
frdnie
fredin
fredni
freidn
freind
frendi
frenid
friden
fridne
friedn
friend
frinde
frined
frndei
frndie
frnedi
frneid
frnide
frnied
idefnr
idefrn
idenfr
idenrf
iderfn
idernf
idfenr
idfern
idfner
idfnre
idfren
idfrne
idnefr
idnerf
idnfer
idnfre
idnref
idnrfe
idrefn
idrenf
idrfen
idrfne
idrnef
idrnfe
iedfnr
iedfrn
iednfr
iednrf
iedrfn
iedrnf
iefdnr
iefdrn
iefndr
iefnrd
iefrdn
iefrnd
iendfr
iendrf
ienfdr
ienfrd
ienrdf
ienrfd
ierdfn
ierdnf
ierfdn
ierfnd
ierndf
iernfd
ifdenr
ifdern
ifdner
ifdnre
ifdren
ifdrne
ifednr
ifedrn
ifendr
ifenrd
iferdn
ifernd
ifnder
ifndre
ifnedr
ifnerd
ifnrde
ifnred
ifrden
ifrdne
ifredn
ifrend
ifrnde
ifrned
indefr
inderf
indfer
indfre
indref
indrfe
inedfr
inedrf
inefdr
inefrd
inerdf
inerfd
infder
infdre
infedr
inferd
infrde
infred
inrdef
inrdfe
inredf
inrefd
inrfde
inrfed
irdefn
irdenf
irdfen
irdfne
irdnef
irdnfe
iredfn
irednf
irefdn
irefnd
irendf
irenfd
irfden
irfdne
irfedn
irfend
irfnde
irfned
irndef
irndfe
irnedf
irnefd
irnfde
irnfed
ndefir
ndefri
ndeifr
ndeirf
nderfi
nderif
ndfeir
ndferi
ndfier
ndfire
ndfrei
ndfrie
ndiefr
ndierf
ndifer
ndifre
ndiref
ndirfe
ndrefi
ndreif
ndrfei
ndrfie
ndrief
ndrife
nedfir
nedfri
nedifr
nedirf
nedrfi
nedrif
nefdir
nefdri
nefidr
nefird
nefrdi
nefrid
neidfr
neidrf
neifdr
neifrd
neirdf
neirfd
nerdfi
nerdif
nerfdi
nerfid
neridf
nerifd
nfdeir
nfderi
nfdier
nfdire
nfdrei
nfdrie
nfedir
nfedri
nfeidr
nfeird
nferdi
nferid
nfider
nfidre
nfiedr
nfierd
nfirde
nfired
nfrdei
nfrdie
nfredi
nfreid
nfride
nfried
nidefr
niderf
nidfer
nidfre
nidref
nidrfe
niedfr
niedrf
niefdr
niefrd
nierdf
nierfd
nifder
nifdre
nifedr
niferd
nifrde
nifred
nirdef
nirdfe
niredf
nirefd
nirfde
nirfed
nrdefi
nrdeif
nrdfei
nrdfie
nrdief
nrdife
nredfi
nredif
nrefdi
nrefid
nreidf
nreifd
nrfdei
nrfdie
nrfedi
nrfeid
nrfide
nrfied
nridef
nridfe
nriedf
nriefd
nrifde
nrifed
rdefin
rdefni
rdeifn
rdeinf
rdenfi
rdenif
rdfein
rdfeni
rdfien
rdfine
rdfnei
rdfnie
rdiefn
rdienf
rdifen
rdifne
rdinef
rdinfe
rdnefi
rdneif
rdnfei
rdnfie
rdnief
rdnife
redfin
redfni
redifn
redinf
rednfi
rednif
refdin
refdni
refidn
refind
refndi
refnid
reidfn
reidnf
reifdn
reifnd
reindf
reinfd
rendfi
rendif
renfdi
renfid
renidf
renifd
rfdein
rfdeni
rfdien
rfdine
rfdnei
rfdnie
rfedin
rfedni
rfeidn
rfeind
rfendi
rfenid
rfiden
rfidne
rfiedn
rfiend
rfinde
rfined
rfndei
rfndie
rfnedi
rfneid
rfnide
rfnied
ridefn
ridenf
ridfen
ridfne
ridnef
ridnfe
riedfn
riednf
riefdn
riefnd
riendf
rienfd
rifden
rifdne
rifedn
rifend
rifnde
rifned
rindef
rindfe
rinedf
rinefd
rinfde
rinfed
rndefi
rndeif
rndfei
rndfie
rndief
rndife
rnedfi
rnedif
rnefdi
rnefid
rneidf
rneifd
rnfdei
rnfdie
rnfedi
rnfeid
rnfide
rnfied
rnidef
rnidfe
rniedf
rniefd
rnifde
rnifed

