JOB 9 ANAGRAMS => 10080 anagrams
ehinnssu
ehinnsus
ehinnuss
ehinsnsu
ehinsnus
ehinssnu
ehinssun
ehinsuns
ehinsusn
ehinunss
ehinusns
ehinussn
ehisnnsu
ehisnnus
ehisnsnu
ehisnsun
ehisnuns
ehisnusn
ehissnnu
ehissnun
ehissunn
ehisunns
ehisunsn
ehisusnn
ehiunnss
ehiunsns
ehiunssn
ehiusnns
ehiusnsn
ehiussnn
ehninssu
ehninsus
ehninuss
ehnisnsu
ehnisnus
ehnissnu
ehnissun
ehnisuns
ehnisusn
ehniunss
ehniusns
ehniussn
ehnnissu
ehnnisus
ehnniuss
ehnnsisu
ehnnsius
ehnnssiu
ehnnssui
ehnnsuis
ehnnsusi
ehnnuiss
ehnnusis
ehnnussi
ehnsinsu
ehnsinus
ehnsisnu
ehnsisun
ehnsiuns
ehnsiusn
ehnsnisu
ehnsnius
ehnsnsiu
ehnsnsui
ehnsnuis
ehnsnusi
ehnssinu
ehnssiun
ehnssniu
ehnssnui
ehnssuin
ehnssuni
ehnsuins
ehnsuisn
ehnsunis
ehnsunsi
ehnsusin
ehnsusni
ehnuinss
ehnuisns
ehnuissn
ehnuniss
ehnunsis
ehnunssi
ehnusins
ehnusisn
ehnusnis
ehnusnsi
ehnussin
ehnussni
ehsinnsu
ehsinnus
ehsinsnu
ehsinsun
ehsinuns
ehsinusn
ehsisnnu
ehsisnun
ehsisunn
ehsiunns
ehsiunsn
ehsiusnn
ehsninsu
ehsninus
ehsnisnu
ehsnisun
ehsniuns
ehsniusn
ehsnnisu
ehsnnius
ehsnnsiu
ehsnnsui
ehsnnuis
ehsnnusi
ehsnsinu
ehsnsiun
ehsnsniu
ehsnsnui
ehsnsuin
ehsnsuni
ehsnuins
ehsnuisn
ehsnunis
ehsnunsi
ehsnusin
ehsnusni
ehssinnu
ehssinun
ehssiunn
ehssninu
ehssniun
ehssnniu
ehssnnui
ehssnuin
ehssnuni
ehssuinn
ehssunin
ehssunni
ehsuinns
ehsuinsn
ehsuisnn
ehsunins
ehsunisn
ehsunnis
ehsunnsi
ehsunsin
ehsunsni
ehsusinn
ehsusnin
ehsusnni
ehuinnss
ehuinsns
ehuinssn
ehuisnns
ehuisnsn
ehuissnn
ehuninss
ehunisns
ehunissn
ehunniss
ehunnsis
ehunnssi
ehunsins
ehunsisn
ehunsnis
ehunsnsi
ehunssin
ehunssni
ehusinns
ehusinsn
ehusisnn
ehusnins
ehusnisn
ehusnnis
ehusnnsi
ehusnsin
ehusnsni
ehussinn
ehussnin
ehussnni
eihnnssu
eihnnsus
eihnnuss
eihnsnsu
eihnsnus
eihnssnu
eihnssun
eihnsuns
eihnsusn
eihnunss
eihnusns
eihnussn
eihsnnsu
eihsnnus
eihsnsnu
eihsnsun
eihsnuns
eihsnusn
eihssnnu
eihssnun
eihssunn
eihsunns
eihsunsn
eihsusnn
eihunnss
eihunsns
eihunssn
eihusnns
eihusnsn
eihussnn
einhnssu
einhnsus
einhnuss
einhsnsu
einhsnus
einhssnu
einhssun
einhsuns
einhsusn
einhunss
einhusns
einhussn
einnhssu
einnhsus
einnhuss
einnshsu
einnshus
einnsshu
einnssuh
einnsuhs
einnsush
einnuhss
einnushs
einnussh
einshnsu
einshnus
einshsnu
einshsun
einshuns
einshusn
einsnhsu
einsnhus
einsnshu
einsnsuh
einsnuhs
einsnush
einsshnu
einsshun
einssnhu
einssnuh
einssuhn
einssunh
einsuhns
einsuhsn
einsunhs
einsunsh
einsushn
einsusnh
einuhnss
einuhsns
einuhssn
einunhss
einunshs
einunssh
einushns
einushsn
einusnhs
einusnsh
einusshn
einussnh
eishnnsu
eishnnus
eishnsnu
eishnsun
eishnuns
eishnusn
eishsnnu
eishsnun
eishsunn
eishunns
eishunsn
eishusnn
eisnhnsu
eisnhnus
eisnhsnu
eisnhsun
eisnhuns
eisnhusn
eisnnhsu
eisnnhus
eisnnshu
eisnnsuh
eisnnuhs
eisnnush
eisnshnu
eisnshun
eisnsnhu
eisnsnuh
eisnsuhn
eisnsunh
eisnuhns
eisnuhsn
eisnunhs
eisnunsh
eisnushn
eisnusnh
eisshnnu
eisshnun
eisshunn
eissnhnu
eissnhun
eissnnhu
eissnnuh
eissnuhn
eissnunh
eissuhnn
eissunhn
eissunnh
eisuhnns
eisuhnsn
eisuhsnn
eisunhns
eisunhsn
eisunnhs
eisunnsh
eisunshn
eisunsnh
eisushnn
eisusnhn
eisusnnh
eiuhnnss
eiuhnsns
eiuhnssn
eiuhsnns
eiuhsnsn
eiuhssnn
eiunhnss
eiunhsns
eiunhssn
eiunnhss
eiunnshs
eiunnssh
eiunshns
eiunshsn
eiunsnhs
eiunsnsh
eiunsshn
eiunssnh
eiushnns
eiushnsn
eiushsnn
eiusnhns
eiusnhsn
eiusnnhs
eiusnnsh
eiusnshn
eiusnsnh
eiusshnn
eiussnhn
eiussnnh
enhinssu
enhinsus
enhinuss
enhisnsu
enhisnus
enhissnu
enhissun
enhisuns
enhisusn
enhiunss
enhiusns
enhiussn
enhnissu
enhnisus
enhniuss
enhnsisu
enhnsius
enhnssiu
enhnssui
enhnsuis
enhnsusi
enhnuiss
enhnusis
enhnussi
enhsinsu
enhsinus
enhsisnu
enhsisun
enhsiuns
enhsiusn
enhsnisu
enhsnius
enhsnsiu
enhsnsui
enhsnuis
enhsnusi
enhssinu
enhssiun
enhssniu
enhssnui
enhssuin
enhssuni
enhsuins
enhsuisn
enhsunis
enhsunsi
enhsusin
enhsusni
enhuinss
enhuisns
enhuissn
enhuniss
enhunsis
enhunssi
enhusins
enhusisn
enhusnis
enhusnsi
enhussin
enhussni
enihnssu
enihnsus
enihnuss
enihsnsu
enihsnus
enihssnu
enihssun
enihsuns
enihsusn
enihunss
enihusns
enihussn
eninhssu
eninhsus
eninhuss
eninshsu
eninshus
eninsshu
eninssuh
eninsuhs
eninsush
eninuhss
eninushs
eninussh
enishnsu
enishnus
enishsnu
enishsun
enishuns
enishusn
enisnhsu
enisnhus
enisnshu
enisnsuh
enisnuhs
enisnush
enisshnu
enisshun
enissnhu
enissnuh
enissuhn
enissunh
enisuhns
enisuhsn
enisunhs
enisunsh
enisushn
enisusnh
eniuhnss
eniuhsns
eniuhssn
eniunhss
eniunshs
eniunssh
eniushns
eniushsn
eniusnhs
eniusnsh
eniusshn
eniussnh
ennhissu
ennhisus
ennhiuss
ennhsisu
ennhsius
ennhssiu
ennhssui
ennhsuis
ennhsusi
ennhuiss
ennhusis
ennhussi
ennihssu
ennihsus
ennihuss
ennishsu
ennishus
ennisshu
ennissuh
ennisuhs
ennisush
enniuhss
enniushs
enniussh
ennshisu
ennshius
ennshsiu
ennshsui
ennshuis
ennshusi
ennsihsu
ennsihus
ennsishu
ennsisuh
ennsiuhs
ennsiush
ennsshiu
ennsshui
ennssihu
ennssiuh
ennssuhi
ennssuih
ennsuhis
ennsuhsi
ennsuihs
ennsuish
ennsushi
ennsusih
ennuhiss
ennuhsis
ennuhssi
ennuihss
ennuishs
ennuissh
ennushis
ennushsi
ennusihs
ennusish
ennusshi
ennussih
enshinsu
enshinus
enshisnu
enshisun
enshiuns
enshiusn
enshnisu
enshnius
enshnsiu
enshnsui
enshnuis
enshnusi
enshsinu
enshsiun
enshsniu
enshsnui
enshsuin
enshsuni
enshuins
enshuisn
enshunis
enshunsi
enshusin
enshusni
ensihnsu
ensihnus
ensihsnu
ensihsun
ensihuns
ensihusn
ensinhsu
ensinhus
ensinshu
ensinsuh
ensinuhs
ensinush
ensishnu
ensishun
ensisnhu
ensisnuh
ensisuhn
ensisunh
ensiuhns
ensiuhsn
ensiunhs
ensiunsh
ensiushn
ensiusnh
ensnhisu
ensnhius
ensnhsiu
ensnhsui
ensnhuis
ensnhusi
ensnihsu
ensnihus
ensnishu
ensnisuh
ensniuhs
ensniush
ensnshiu
ensnshui
ensnsihu
ensnsiuh
ensnsuhi
ensnsuih
ensnuhis
ensnuhsi
ensnuihs
ensnuish
ensnushi
ensnusih
ensshinu
ensshiun
ensshniu
ensshnui
ensshuin
ensshuni
enssihnu
enssihun
enssinhu
enssinuh
enssiuhn
enssiunh
enssnhiu
enssnhui
enssnihu
enssniuh
enssnuhi
enssnuih
enssuhin
enssuhni
enssuihn
enssuinh
enssunhi
enssunih
ensuhins
ensuhisn
ensuhnis
ensuhnsi
ensuhsin
ensuhsni
ensuihns
ensuihsn
ensuinhs
ensuinsh
ensuishn
ensuisnh
ensunhis
ensunhsi
ensunihs
ensunish
ensunshi
ensunsih
ensushin
ensushni
ensusihn
ensusinh
ensusnhi
ensusnih
enuhinss
enuhisns
enuhissn
enuhniss
enuhnsis
enuhnssi
enuhsins
enuhsisn
enuhsnis
enuhsnsi
enuhssin
enuhssni
enuihnss
enuihsns
enuihssn
enuinhss
enuinshs
enuinssh
enuishns
enuishsn
enuisnhs
enuisnsh
enuisshn
enuissnh
enunhiss
enunhsis
enunhssi
enunihss
enunishs
enunissh
enunshis
enunshsi
enunsihs
enunsish
enunsshi
enunssih
enushins
enushisn
enushnis
enushnsi
enushsin
enushsni
enusihns
enusihsn
enusinhs
enusinsh
enusishn
enusisnh
enusnhis
enusnhsi
enusnihs
enusnish
enusnshi
enusnsih
enusshin
enusshni
enussihn
enussinh
enussnhi
enussnih
eshinnsu
eshinnus
eshinsnu
eshinsun
eshinuns
eshinusn
eshisnnu
eshisnun
eshisunn
eshiunns
eshiunsn
eshiusnn
eshninsu
eshninus
eshnisnu
eshnisun
eshniuns
eshniusn
eshnnisu
eshnnius
eshnnsiu
eshnnsui
eshnnuis
eshnnusi
eshnsinu
eshnsiun
eshnsniu
eshnsnui
eshnsuin
eshnsuni
eshnuins
eshnuisn
eshnunis
eshnunsi
eshnusin
eshnusni
eshsinnu
eshsinun
eshsiunn
eshsninu
eshsniun
eshsnniu
eshsnnui
eshsnuin
eshsnuni
eshsuinn
eshsunin
eshsunni
eshuinns
eshuinsn
eshuisnn
eshunins
eshunisn
eshunnis
eshunnsi
eshunsin
eshunsni
eshusinn
eshusnin
eshusnni
esihnnsu
esihnnus
esihnsnu
esihnsun
esihnuns
esihnusn
esihsnnu
esihsnun
esihsunn
esihunns
esihunsn
esihusnn
esinhnsu
esinhnus
esinhsnu
esinhsun
esinhuns
esinhusn
esinnhsu
esinnhus
esinnshu
esinnsuh
esinnuhs
esinnush
esinshnu
esinshun
esinsnhu
esinsnuh
esinsuhn
esinsunh
esinuhns
esinuhsn
esinunhs
esinunsh
esinushn
esinusnh
esishnnu
esishnun
esishunn
esisnhnu
esisnhun
esisnnhu
esisnnuh
esisnuhn
esisnunh
esisuhnn
esisunhn
esisunnh
esiuhnns
esiuhnsn
esiuhsnn
esiunhns
esiunhsn
esiunnhs
esiunnsh
esiunshn
esiunsnh
esiushnn
esiusnhn
esiusnnh
esnhinsu
esnhinus
esnhisnu
esnhisun
esnhiuns
esnhiusn
esnhnisu
esnhnius
esnhnsiu
esnhnsui
esnhnuis
esnhnusi
esnhsinu
esnhsiun
esnhsniu
esnhsnui
esnhsuin
esnhsuni
esnhuins
esnhuisn
esnhunis
esnhunsi
esnhusin
esnhusni
esnihnsu
esnihnus
esnihsnu
esnihsun
esnihuns
esnihusn
esninhsu
esninhus
esninshu
esninsuh
esninuhs
esninush
esnishnu
esnishun
esnisnhu
esnisnuh
esnisuhn
esnisunh
esniuhns
esniuhsn
esniunhs
esniunsh
esniushn
esniusnh
esnnhisu
esnnhius
esnnhsiu
esnnhsui
esnnhuis
esnnhusi
esnnihsu
esnnihus
esnnishu
esnnisuh
esnniuhs
esnniush
esnnshiu
esnnshui
esnnsihu
esnnsiuh
esnnsuhi
esnnsuih
esnnuhis
esnnuhsi
esnnuihs
esnnuish
esnnushi
esnnusih
esnshinu
esnshiun
esnshniu
esnshnui
esnshuin
esnshuni
esnsihnu
esnsihun
esnsinhu
esnsinuh
esnsiuhn
esnsiunh
esnsnhiu
esnsnhui
esnsnihu
esnsniuh
esnsnuhi
esnsnuih
esnsuhin
esnsuhni
esnsuihn
esnsuinh
esnsunhi
esnsunih
esnuhins
esnuhisn
esnuhnis
esnuhnsi
esnuhsin
esnuhsni
esnuihns
esnuihsn
esnuinhs
esnuinsh
esnuishn
esnuisnh
esnunhis
esnunhsi
esnunihs
esnunish
esnunshi
esnunsih
esnushin
esnushni
esnusihn
esnusinh
esnusnhi
esnusnih
esshinnu
esshinun
esshiunn
esshninu
esshniun
esshnniu
esshnnui
esshnuin
esshnuni
esshuinn
esshunin
esshunni
essihnnu
essihnun
essihunn
essinhnu
essinhun
essinnhu
essinnuh
essinuhn
essinunh
essiuhnn
essiunhn
essiunnh
essnhinu
essnhiun
essnhniu
essnhnui
essnhuin
essnhuni
essnihnu
essnihun
essninhu
essninuh
essniuhn
essniunh
essnnhiu
essnnhui
essnnihu
essnniuh
essnnuhi
essnnuih
essnuhin
essnuhni
essnuihn
essnuinh
essnunhi
essnunih
essuhinn
essuhnin
essuhnni
essuihnn
essuinhn
essuinnh
essunhin
essunhni
essunihn
essuninh
essunnhi
essunnih
esuhinns
esuhinsn
esuhisnn
esuhnins
esuhnisn
esuhnnis
esuhnnsi
esuhnsin
esuhnsni
esuhsinn
esuhsnin
esuhsnni
esuihnns
esuihnsn
esuihsnn
esuinhns
esuinhsn
esuinnhs
esuinnsh
esuinshn
esuinsnh
esuishnn
esuisnhn
esuisnnh
esunhins
esunhisn
esunhnis
esunhnsi
esunhsin
esunhsni
esunihns
esunihsn
esuninhs
esuninsh
esunishn
esunisnh
esunnhis
esunnhsi
esunnihs
esunnish
esunnshi
esunnsih
esunshin
esunshni
esunsihn
esunsinh
esunsnhi
esunsnih
esushinn
esushnin
esushnni
esusihnn
esusinhn
esusinnh
esusnhin
esusnhni
esusnihn
esusninh
esusnnhi
esusnnih
euhinnss
euhinsns
euhinssn
euhisnns
euhisnsn
euhissnn
euhninss
euhnisns
euhnissn
euhnniss
euhnnsis
euhnnssi
euhnsins
euhnsisn
euhnsnis
euhnsnsi
euhnssin
euhnssni
euhsinns
euhsinsn
euhsisnn
euhsnins
euhsnisn
euhsnnis
euhsnnsi
euhsnsin
euhsnsni
euhssinn
euhssnin
euhssnni
euihnnss
euihnsns
euihnssn
euihsnns
euihsnsn
euihssnn
euinhnss
euinhsns
euinhssn
euinnhss
euinnshs
euinnssh
euinshns
euinshsn
euinsnhs
euinsnsh
euinsshn
euinssnh
euishnns
euishnsn
euishsnn
euisnhns
euisnhsn
euisnnhs
euisnnsh
euisnshn
euisnsnh
euisshnn
euissnhn
euissnnh
eunhinss
eunhisns
eunhissn
eunhniss
eunhnsis
eunhnssi
eunhsins
eunhsisn
eunhsnis
eunhsnsi
eunhssin
eunhssni
eunihnss
eunihsns
eunihssn
euninhss
euninshs
euninssh
eunishns
eunishsn
eunisnhs
eunisnsh
eunisshn
eunissnh
eunnhiss
eunnhsis
eunnhssi
eunnihss
eunnishs
eunnissh
eunnshis
eunnshsi
eunnsihs
eunnsish
eunnsshi
eunnssih
eunshins
eunshisn
eunshnis
eunshnsi
eunshsin
eunshsni
eunsihns
eunsihsn
eunsinhs
eunsinsh
eunsishn
eunsisnh
eunsnhis
eunsnhsi
eunsnihs
eunsnish
eunsnshi
eunsnsih
eunsshin
eunsshni
eunssihn
eunssinh
eunssnhi
eunssnih
eushinns
eushinsn
eushisnn
eushnins
eushnisn
eushnnis
eushnnsi
eushnsin
eushnsni
eushsinn
eushsnin
eushsnni
eusihnns
eusihnsn
eusihsnn
eusinhns
eusinhsn
eusinnhs
eusinnsh
eusinshn
eusinsnh
eusishnn
eusisnhn
eusisnnh
eusnhins
eusnhisn
eusnhnis
eusnhnsi
eusnhsin
eusnhsni
eusnihns
eusnihsn
eusninhs
eusninsh
eusnishn
eusnisnh
eusnnhis
eusnnhsi
eusnnihs
eusnnish
eusnnshi
eusnnsih
eusnshin
eusnshni
eusnsihn
eusnsinh
eusnsnhi
eusnsnih
eusshinn
eusshnin
eusshnni
eussihnn
eussinhn
eussinnh
eussnhin
eussnhni
eussnihn
eussninh
eussnnhi
eussnnih
heinnssu
heinnsus
heinnuss
heinsnsu
heinsnus
heinssnu
heinssun
heinsuns
heinsusn
heinunss
heinusns
heinussn
heisnnsu
heisnnus
heisnsnu
heisnsun
heisnuns
heisnusn
heissnnu
heissnun
heissunn
heisunns
heisunsn
heisusnn
heiunnss
heiunsns
heiunssn
heiusnns
heiusnsn
heiussnn
heninssu
heninsus
heninuss
henisnsu
henisnus
henissnu
henissun
henisuns
henisusn
heniunss
heniusns
heniussn
hennissu
hennisus
henniuss
hennsisu
hennsius
hennssiu
hennssui
hennsuis
hennsusi
hennuiss
hennusis
hennussi
hensinsu
hensinus
hensisnu
hensisun
hensiuns
hensiusn
hensnisu
hensnius
hensnsiu
hensnsui
hensnuis
hensnusi
henssinu
henssiun
henssniu
henssnui
henssuin
henssuni
hensuins
hensuisn
hensunis
hensunsi
hensusin
hensusni
henuinss
henuisns
henuissn
henuniss
henunsis
henunssi
henusins
henusisn
henusnis
henusnsi
henussin
henussni
hesinnsu
hesinnus
hesinsnu
hesinsun
hesinuns
hesinusn
hesisnnu
hesisnun
hesisunn
hesiunns
hesiunsn
hesiusnn
hesninsu
hesninus
hesnisnu
hesnisun
hesniuns
hesniusn
hesnnisu
hesnnius
hesnnsiu
hesnnsui
hesnnuis
hesnnusi
hesnsinu
hesnsiun
hesnsniu
hesnsnui
hesnsuin
hesnsuni
hesnuins
hesnuisn
hesnunis
hesnunsi
hesnusin
hesnusni
hessinnu
hessinun
hessiunn
hessninu
hessniun
hessnniu
hessnnui
hessnuin
hessnuni
hessuinn
hessunin
hessunni
hesuinns
hesuinsn
hesuisnn
hesunins
hesunisn
hesunnis
hesunnsi
hesunsin
hesunsni
hesusinn
hesusnin
hesusnni
heuinnss
heuinsns
heuinssn
heuisnns
heuisnsn
heuissnn
heuninss
heunisns
heunissn
heunniss
heunnsis
heunnssi
heunsins
heunsisn
heunsnis
heunsnsi
heunssin
heunssni
heusinns
heusinsn
heusisnn
heusnins
heusnisn
heusnnis
heusnnsi
heusnsin
heusnsni
heussinn
heussnin
heussnni
hiennssu
hiennsus
hiennuss
hiensnsu
hiensnus
hienssnu
hienssun
hiensuns
hiensusn
hienunss
hienusns
hienussn
hiesnnsu
hiesnnus
hiesnsnu
hiesnsun
hiesnuns
hiesnusn
hiessnnu
hiessnun
hiessunn
hiesunns
hiesunsn
hiesusnn
hieunnss
hieunsns
hieunssn
hieusnns
hieusnsn
hieussnn
hinenssu
hinensus
hinenuss
hinesnsu
hinesnus
hinessnu
hinessun
hinesuns
hinesusn
hineunss
hineusns
hineussn
hinnessu
hinnesus
hinneuss
hinnsesu
hinnseus
hinnsseu
hinnssue
hinnsues
hinnsuse
hinnuess
hinnuses
hinnusse
hinsensu
hinsenus
hinsesnu
hinsesun
hinseuns
hinseusn
hinsnesu
hinsneus
hinsnseu
hinsnsue
hinsnues
hinsnuse
hinssenu
hinsseun
hinssneu
hinssnue
hinssuen
hinssune
hinsuens
hinsuesn
hinsunes
hinsunse
hinsusen
hinsusne
hinuenss
hinuesns
hinuessn
hinuness
hinunses
hinunsse
hinusens
hinusesn
hinusnes
hinusnse
hinussen
hinussne
hisennsu
hisennus
hisensnu
hisensun
hisenuns
hisenusn
hisesnnu
hisesnun
hisesunn
hiseunns
hiseunsn
hiseusnn
hisnensu
hisnenus
hisnesnu
hisnesun
hisneuns
hisneusn
hisnnesu
hisnneus
hisnnseu
hisnnsue
hisnnues
hisnnuse
hisnsenu
hisnseun
hisnsneu
hisnsnue
hisnsuen
hisnsune
hisnuens
hisnuesn
hisnunes
hisnunse
hisnusen
hisnusne
hissennu
hissenun
hisseunn
hissnenu
hissneun
hissnneu
hissnnue
hissnuen
hissnune
hissuenn
hissunen
hissunne
hisuenns
hisuensn
hisuesnn
hisunens
hisunesn
hisunnes
hisunnse
hisunsen
hisunsne
hisusenn
hisusnen
hisusnne
hiuennss
hiuensns
hiuenssn
hiuesnns
hiuesnsn
hiuessnn
hiunenss
hiunesns
hiunessn
hiunness
hiunnses
hiunnsse
hiunsens
hiunsesn
hiunsnes
hiunsnse
hiunssen
hiunssne
hiusenns
hiusensn
hiusesnn
hiusnens
hiusnesn
hiusnnes
hiusnnse
hiusnsen
hiusnsne
hiussenn
hiussnen
hiussnne
hneinssu
hneinsus
hneinuss
hneisnsu
hneisnus
hneissnu
hneissun
hneisuns
hneisusn
hneiunss
hneiusns
hneiussn
hnenissu
hnenisus
hneniuss
hnensisu
hnensius
hnenssiu
hnenssui
hnensuis
hnensusi
hnenuiss
hnenusis
hnenussi
hnesinsu
hnesinus
hnesisnu
hnesisun
hnesiuns
hnesiusn
hnesnisu
hnesnius
hnesnsiu
hnesnsui
hnesnuis
hnesnusi
hnessinu
hnessiun
hnessniu
hnessnui
hnessuin
hnessuni
hnesuins
hnesuisn
hnesunis
hnesunsi
hnesusin
hnesusni
hneuinss
hneuisns
hneuissn
hneuniss
hneunsis
hneunssi
hneusins
hneusisn
hneusnis
hneusnsi
hneussin
hneussni
hnienssu
hniensus
hnienuss
hniesnsu
hniesnus
hniessnu
hniessun
hniesuns
hniesusn
hnieunss
hnieusns
hnieussn
hninessu
hninesus
hnineuss
hninsesu
hninseus
hninsseu
hninssue
hninsues
hninsuse
hninuess
hninuses
hninusse
hnisensu
hnisenus
hnisesnu
hnisesun
hniseuns
hniseusn
hnisnesu
hnisneus
hnisnseu
hnisnsue
hnisnues
hnisnuse
hnissenu
hnisseun
hnissneu
hnissnue
hnissuen
hnissune
hnisuens
hnisuesn
hnisunes
hnisunse
hnisusen
hnisusne
hniuenss
hniuesns
hniuessn
hniuness
hniunses
hniunsse
hniusens
hniusesn
hniusnes
hniusnse
hniussen
hniussne
hnneissu
hnneisus
hnneiuss
hnnesisu
hnnesius
hnnessiu
hnnessui
hnnesuis
hnnesusi
hnneuiss
hnneusis
hnneussi
hnniessu
hnniesus
hnnieuss
hnnisesu
hnniseus
hnnisseu
hnnissue
hnnisues
hnnisuse
hnniuess
hnniuses
hnniusse
hnnseisu
hnnseius
hnnsesiu
hnnsesui
hnnseuis
hnnseusi
hnnsiesu
hnnsieus
hnnsiseu
hnnsisue
hnnsiues
hnnsiuse
hnnsseiu
hnnsseui
hnnssieu
hnnssiue
hnnssuei
hnnssuie
hnnsueis
hnnsuesi
hnnsuies
hnnsuise
hnnsusei
hnnsusie
hnnueiss
hnnuesis
hnnuessi
hnnuiess
hnnuises
hnnuisse
hnnuseis
hnnusesi
hnnusies
hnnusise
hnnussei
hnnussie
hnseinsu
hnseinus
hnseisnu
hnseisun
hnseiuns
hnseiusn
hnsenisu
hnsenius
hnsensiu
hnsensui
hnsenuis
hnsenusi
hnsesinu
hnsesiun
hnsesniu
hnsesnui
hnsesuin
hnsesuni
hnseuins
hnseuisn
hnseunis
hnseunsi
hnseusin
hnseusni
hnsiensu
hnsienus
hnsiesnu
hnsiesun
hnsieuns
hnsieusn
hnsinesu
hnsineus
hnsinseu
hnsinsue
hnsinues
hnsinuse
hnsisenu
hnsiseun
hnsisneu
hnsisnue
hnsisuen
hnsisune
hnsiuens
hnsiuesn
hnsiunes
hnsiunse
hnsiusen
hnsiusne
hnsneisu
hnsneius
hnsnesiu
hnsnesui
hnsneuis
hnsneusi
hnsniesu
hnsnieus
hnsniseu
hnsnisue
hnsniues
hnsniuse
hnsnseiu
hnsnseui
hnsnsieu
hnsnsiue
hnsnsuei
hnsnsuie
hnsnueis
hnsnuesi
hnsnuies
hnsnuise
hnsnusei
hnsnusie
hnsseinu
hnsseiun
hnsseniu
hnssenui
hnsseuin
hnsseuni
hnssienu
hnssieun
hnssineu
hnssinue
hnssiuen
hnssiune
hnssneiu
hnssneui
hnssnieu
hnssniue
hnssnuei
hnssnuie
hnssuein
hnssueni
hnssuien
hnssuine
hnssunei
hnssunie
hnsueins
hnsueisn
hnsuenis
hnsuensi
hnsuesin
hnsuesni
hnsuiens
hnsuiesn
hnsuines
hnsuinse
hnsuisen
hnsuisne
hnsuneis
hnsunesi
hnsunies
hnsunise
hnsunsei
hnsunsie
hnsusein
hnsuseni
hnsusien
hnsusine
hnsusnei
hnsusnie
hnueinss
hnueisns
hnueissn
hnueniss
hnuensis
hnuenssi
hnuesins
hnuesisn
hnuesnis
hnuesnsi
hnuessin
hnuessni
hnuienss
hnuiesns
hnuiessn
hnuiness
hnuinses
hnuinsse
hnuisens
hnuisesn
hnuisnes
hnuisnse
hnuissen
hnuissne
hnuneiss
hnunesis
hnunessi
hnuniess
hnunises
hnunisse
hnunseis
hnunsesi
hnunsies
hnunsise
hnunssei
hnunssie
hnuseins
hnuseisn
hnusenis
hnusensi
hnusesin
hnusesni
hnusiens
hnusiesn
hnusines
hnusinse
hnusisen
hnusisne
hnusneis
hnusnesi
hnusnies
hnusnise
hnusnsei
hnusnsie
hnussein
hnusseni
hnussien
hnussine
hnussnei
hnussnie
hseinnsu
hseinnus
hseinsnu
hseinsun
hseinuns
hseinusn
hseisnnu
hseisnun
hseisunn
hseiunns
hseiunsn
hseiusnn
hseninsu
hseninus
hsenisnu
hsenisun
hseniuns
hseniusn
hsennisu
hsennius
hsennsiu
hsennsui
hsennuis
hsennusi
hsensinu
hsensiun
hsensniu
hsensnui
hsensuin
hsensuni
hsenuins
hsenuisn
hsenunis
hsenunsi
hsenusin
hsenusni
hsesinnu
hsesinun
hsesiunn
hsesninu
hsesniun
hsesnniu
hsesnnui
hsesnuin
hsesnuni
hsesuinn
hsesunin
hsesunni
hseuinns
hseuinsn
hseuisnn
hseunins
hseunisn
hseunnis
hseunnsi
hseunsin
hseunsni
hseusinn
hseusnin
hseusnni
hsiennsu
hsiennus
hsiensnu
hsiensun
hsienuns
hsienusn
hsiesnnu
hsiesnun
hsiesunn
hsieunns
hsieunsn
hsieusnn
hsinensu
hsinenus
hsinesnu
hsinesun
hsineuns
hsineusn
hsinnesu
hsinneus
hsinnseu
hsinnsue
hsinnues
hsinnuse
hsinsenu
hsinseun
hsinsneu
hsinsnue
hsinsuen
hsinsune
hsinuens
hsinuesn
hsinunes
hsinunse
hsinusen
hsinusne
hsisennu
hsisenun
hsiseunn
hsisnenu
hsisneun
hsisnneu
hsisnnue
hsisnuen
hsisnune
hsisuenn
hsisunen
hsisunne
hsiuenns
hsiuensn
hsiuesnn
hsiunens
hsiunesn
hsiunnes
hsiunnse
hsiunsen
hsiunsne
hsiusenn
hsiusnen
hsiusnne
hsneinsu
hsneinus
hsneisnu
hsneisun
hsneiuns
hsneiusn
hsnenisu
hsnenius
hsnensiu
hsnensui
hsnenuis
hsnenusi
hsnesinu
hsnesiun
hsnesniu
hsnesnui
hsnesuin
hsnesuni
hsneuins
hsneuisn
hsneunis
hsneunsi
hsneusin
hsneusni
hsniensu
hsnienus
hsniesnu
hsniesun
hsnieuns
hsnieusn
hsninesu
hsnineus
hsninseu
hsninsue
hsninues
hsninuse
hsnisenu
hsniseun
hsnisneu
hsnisnue
hsnisuen
hsnisune
hsniuens
hsniuesn
hsniunes
hsniunse
hsniusen
hsniusne
hsnneisu
hsnneius
hsnnesiu
hsnnesui
hsnneuis
hsnneusi
hsnniesu
hsnnieus
hsnniseu
hsnnisue
hsnniues
hsnniuse
hsnnseiu
hsnnseui
hsnnsieu
hsnnsiue
hsnnsuei
hsnnsuie
hsnnueis
hsnnuesi
hsnnuies
hsnnuise
hsnnusei
hsnnusie
hsnseinu
hsnseiun
hsnseniu
hsnsenui
hsnseuin
hsnseuni
hsnsienu
hsnsieun
hsnsineu
hsnsinue
hsnsiuen
hsnsiune
hsnsneiu
hsnsneui
hsnsnieu
hsnsniue
hsnsnuei
hsnsnuie
hsnsuein
hsnsueni
hsnsuien
hsnsuine
hsnsunei
hsnsunie
hsnueins
hsnueisn
hsnuenis
hsnuensi
hsnuesin
hsnuesni
hsnuiens
hsnuiesn
hsnuines
hsnuinse
hsnuisen
hsnuisne
hsnuneis
hsnunesi
hsnunies
hsnunise
hsnunsei
hsnunsie
hsnusein
hsnuseni
hsnusien
hsnusine
hsnusnei
hsnusnie
hsseinnu
hsseinun
hsseiunn
hsseninu
hsseniun
hssenniu
hssennui
hssenuin
hssenuni
hsseuinn
hsseunin
hsseunni
hssiennu
hssienun
hssieunn
hssinenu
hssineun
hssinneu
hssinnue
hssinuen
hssinune
hssiuenn
hssiunen
hssiunne
hssneinu
hssneiun
hssneniu
hssnenui
hssneuin
hssneuni
hssnienu
hssnieun
hssnineu
hssninue
hssniuen
hssniune
hssnneiu
hssnneui
hssnnieu
hssnniue
hssnnuei
hssnnuie
hssnuein
hssnueni
hssnuien
hssnuine
hssnunei
hssnunie
hssueinn
hssuenin
hssuenni
hssuienn
hssuinen
hssuinne
hssunein
hssuneni
hssunien
hssunine
hssunnei
hssunnie
hsueinns
hsueinsn
hsueisnn
hsuenins
hsuenisn
hsuennis
hsuennsi
hsuensin
hsuensni
hsuesinn
hsuesnin
hsuesnni
hsuienns
hsuiensn
hsuiesnn
hsuinens
hsuinesn
hsuinnes
hsuinnse
hsuinsen
hsuinsne
hsuisenn
hsuisnen
hsuisnne
hsuneins
hsuneisn
hsunenis
hsunensi
hsunesin
hsunesni
hsuniens
hsuniesn
hsunines
hsuninse
hsunisen
hsunisne
hsunneis
hsunnesi
hsunnies
hsunnise
hsunnsei
hsunnsie
hsunsein
hsunseni
hsunsien
hsunsine
hsunsnei
hsunsnie
hsuseinn
hsusenin
hsusenni
hsusienn
hsusinen
hsusinne
hsusnein
hsusneni
hsusnien
hsusnine
hsusnnei
hsusnnie
hueinnss
hueinsns
hueinssn
hueisnns
hueisnsn
hueissnn
hueninss
huenisns
huenissn
huenniss
huennsis
huennssi
huensins
huensisn
huensnis
huensnsi
huenssin
huenssni
huesinns
huesinsn
huesisnn
huesnins
huesnisn
huesnnis
huesnnsi
huesnsin
huesnsni
huessinn
huessnin
huessnni
huiennss
huiensns
huienssn
huiesnns
huiesnsn
huiessnn
huinenss
huinesns
huinessn
huinness
huinnses
huinnsse
huinsens
huinsesn
huinsnes
huinsnse
huinssen
huinssne
huisenns
huisensn
huisesnn
huisnens
huisnesn
huisnnes
huisnnse
huisnsen
huisnsne
huissenn
huissnen
huissnne
huneinss
huneisns
huneissn
huneniss
hunensis
hunenssi
hunesins
hunesisn
hunesnis
hunesnsi
hunessin
hunessni
hunienss
huniesns
huniessn
huniness
huninses
huninsse
hunisens
hunisesn
hunisnes
hunisnse
hunissen
hunissne
hunneiss
hunnesis
hunnessi
hunniess
hunnises
hunnisse
hunnseis
hunnsesi
hunnsies
hunnsise
hunnssei
hunnssie
hunseins
hunseisn
hunsenis
hunsensi
hunsesin
hunsesni
hunsiens
hunsiesn
hunsines
hunsinse
hunsisen
hunsisne
hunsneis
hunsnesi
hunsnies
hunsnise
hunsnsei
hunsnsie
hunssein
hunsseni
hunssien
hunssine
hunssnei
hunssnie
huseinns
huseinsn
huseisnn
husenins
husenisn
husennis
husennsi
husensin
husensni
husesinn
husesnin
husesnni
husienns
husiensn
husiesnn
husinens
husinesn
husinnes
husinnse
husinsen
husinsne
husisenn
husisnen
husisnne
husneins
husneisn
husnenis
husnensi
husnesin
husnesni
husniens
husniesn
husnines
husninse
husnisen
husnisne
husnneis
husnnesi
husnnies
husnnise
husnnsei
husnnsie
husnsein
husnseni
husnsien
husnsine
husnsnei
husnsnie
husseinn
hussenin
hussenni
hussienn
hussinen
hussinne
hussnein
hussneni
hussnien
hussnine
hussnnei
hussnnie
iehnnssu
iehnnsus
iehnnuss
iehnsnsu
iehnsnus
iehnssnu
iehnssun
iehnsuns
iehnsusn
iehnunss
iehnusns
iehnussn
iehsnnsu
iehsnnus
iehsnsnu
iehsnsun
iehsnuns
iehsnusn
iehssnnu
iehssnun
iehssunn
iehsunns
iehsunsn
iehsusnn
iehunnss
iehunsns
iehunssn
iehusnns
iehusnsn
iehussnn
ienhnssu
ienhnsus
ienhnuss
ienhsnsu
ienhsnus
ienhssnu
ienhssun
ienhsuns
ienhsusn
ienhunss
ienhusns
ienhussn
iennhssu
iennhsus
iennhuss
iennshsu
iennshus
iennsshu
iennssuh
iennsuhs
iennsush
iennuhss
iennushs
iennussh
ienshnsu
ienshnus
ienshsnu
ienshsun
ienshuns
ienshusn
iensnhsu
iensnhus
iensnshu
iensnsuh
iensnuhs
iensnush
iensshnu
iensshun
ienssnhu
ienssnuh
ienssuhn
ienssunh
iensuhns
iensuhsn
iensunhs
iensunsh
iensushn
iensusnh
ienuhnss
ienuhsns
ienuhssn
ienunhss
ienunshs
ienunssh
ienushns
ienushsn
ienusnhs
ienusnsh
ienusshn
ienussnh
ieshnnsu
ieshnnus
ieshnsnu
ieshnsun
ieshnuns
ieshnusn
ieshsnnu
ieshsnun
ieshsunn
ieshunns
ieshunsn
ieshusnn
iesnhnsu
iesnhnus
iesnhsnu
iesnhsun
iesnhuns
iesnhusn
iesnnhsu
iesnnhus
iesnnshu
iesnnsuh
iesnnuhs
iesnnush
iesnshnu
iesnshun
iesnsnhu
iesnsnuh
iesnsuhn
iesnsunh
iesnuhns
iesnuhsn
iesnunhs
iesnunsh
iesnushn
iesnusnh
iesshnnu
iesshnun
iesshunn
iessnhnu
iessnhun
iessnnhu
iessnnuh
iessnuhn
iessnunh
iessuhnn
iessunhn
iessunnh
iesuhnns
iesuhnsn
iesuhsnn
iesunhns
iesunhsn
iesunnhs
iesunnsh
iesunshn
iesunsnh
iesushnn
iesusnhn
iesusnnh
ieuhnnss
ieuhnsns
ieuhnssn
ieuhsnns
ieuhsnsn
ieuhssnn
ieunhnss
ieunhsns
ieunhssn
ieunnhss
ieunnshs
ieunnssh
ieunshns
ieunshsn
ieunsnhs
ieunsnsh
ieunsshn
ieunssnh
ieushnns
ieushnsn
ieushsnn
ieusnhns
ieusnhsn
ieusnnhs
ieusnnsh
ieusnshn
ieusnsnh
ieusshnn
ieussnhn
ieussnnh
ihennssu
ihennsus
ihennuss
ihensnsu
ihensnus
ihenssnu
ihenssun
ihensuns
ihensusn
ihenunss
ihenusns
ihenussn
ihesnnsu
ihesnnus
ihesnsnu
ihesnsun
ihesnuns
ihesnusn
ihessnnu
ihessnun
ihessunn
ihesunns
ihesunsn
ihesusnn
iheunnss
iheunsns
iheunssn
iheusnns
iheusnsn
iheussnn
ihnenssu
ihnensus
ihnenuss
ihnesnsu
ihnesnus
ihnessnu
ihnessun
ihnesuns
ihnesusn
ihneunss
ihneusns
ihneussn
ihnnessu
ihnnesus
ihnneuss
ihnnsesu
ihnnseus
ihnnsseu
ihnnssue
ihnnsues
ihnnsuse
ihnnuess
ihnnuses
ihnnusse
ihnsensu
ihnsenus
ihnsesnu
ihnsesun
ihnseuns
ihnseusn
ihnsnesu
ihnsneus
ihnsnseu
ihnsnsue
ihnsnues
ihnsnuse
ihnssenu
ihnsseun
ihnssneu
ihnssnue
ihnssuen
ihnssune
ihnsuens
ihnsuesn
ihnsunes
ihnsunse
ihnsusen
ihnsusne
ihnuenss
ihnuesns
ihnuessn
ihnuness
ihnunses
ihnunsse
ihnusens
ihnusesn
ihnusnes
ihnusnse
ihnussen
ihnussne
ihsennsu
ihsennus
ihsensnu
ihsensun
ihsenuns
ihsenusn
ihsesnnu
ihsesnun
ihsesunn
ihseunns
ihseunsn
ihseusnn
ihsnensu
ihsnenus
ihsnesnu
ihsnesun
ihsneuns
ihsneusn
ihsnnesu
ihsnneus
ihsnnseu
ihsnnsue
ihsnnues
ihsnnuse
ihsnsenu
ihsnseun
ihsnsneu
ihsnsnue
ihsnsuen
ihsnsune
ihsnuens
ihsnuesn
ihsnunes
ihsnunse
ihsnusen
ihsnusne
ihssennu
ihssenun
ihsseunn
ihssnenu
ihssneun
ihssnneu
ihssnnue
ihssnuen
ihssnune
ihssuenn
ihssunen
ihssunne
ihsuenns
ihsuensn
ihsuesnn
ihsunens
ihsunesn
ihsunnes
ihsunnse
ihsunsen
ihsunsne
ihsusenn
ihsusnen
ihsusnne
ihuennss
ihuensns
ihuenssn
ihuesnns
ihuesnsn
ihuessnn
ihunenss
ihunesns
ihunessn
ihunness
ihunnses
ihunnsse
ihunsens
ihunsesn
ihunsnes
ihunsnse
ihunssen
ihunssne
ihusenns
ihusensn
ihusesnn
ihusnens
ihusnesn
ihusnnes
ihusnnse
ihusnsen
ihusnsne
ihussenn
ihussnen
ihussnne
inehnssu
inehnsus
inehnuss
inehsnsu
inehsnus
inehssnu
inehssun
inehsuns
inehsusn
inehunss
inehusns
inehussn
inenhssu
inenhsus
inenhuss
inenshsu
inenshus
inensshu
inenssuh
inensuhs
inensush
inenuhss
inenushs
inenussh
ineshnsu
ineshnus
ineshsnu
ineshsun
ineshuns
ineshusn
inesnhsu
inesnhus
inesnshu
inesnsuh
inesnuhs
inesnush
inesshnu
inesshun
inessnhu
inessnuh
inessuhn
inessunh
inesuhns
inesuhsn
inesunhs
inesunsh
inesushn
inesusnh
ineuhnss
ineuhsns
ineuhssn
ineunhss
ineunshs
ineunssh
ineushns
ineushsn
ineusnhs
ineusnsh
ineusshn
ineussnh
inhenssu
inhensus
inhenuss
inhesnsu
inhesnus
inhessnu
inhessun
inhesuns
inhesusn
inheunss
inheusns
inheussn
inhnessu
inhnesus
inhneuss
inhnsesu
inhnseus
inhnsseu
inhnssue
inhnsues
inhnsuse
inhnuess
inhnuses
inhnusse
inhsensu
inhsenus
inhsesnu
inhsesun
inhseuns
inhseusn
inhsnesu
inhsneus
inhsnseu
inhsnsue
inhsnues
inhsnuse
inhssenu
inhsseun
inhssneu
inhssnue
inhssuen
inhssune
inhsuens
inhsuesn
inhsunes
inhsunse
inhsusen
inhsusne
inhuenss
inhuesns
inhuessn
inhuness
inhunses
inhunsse
inhusens
inhusesn
inhusnes
inhusnse
inhussen
inhussne
innehssu
innehsus
innehuss
inneshsu
inneshus
innesshu
innessuh
innesuhs
innesush
inneuhss
inneushs
inneussh
innhessu
innhesus
innheuss
innhsesu
innhseus
innhsseu
innhssue
innhsues
innhsuse
innhuess
innhuses
innhusse
innsehsu
innsehus
innseshu
innsesuh
innseuhs
innseush
innshesu
innsheus
innshseu
innshsue
innshues
innshuse
innssehu
innsseuh
innssheu
innsshue
innssueh
innssuhe
innsuehs
innsuesh
innsuhes
innsuhse
innsuseh
innsushe
innuehss
innueshs
innuessh
innuhess
innuhses
innuhsse
innusehs
innusesh
innushes
innushse
innusseh
innusshe
insehnsu
insehnus
insehsnu
insehsun
insehuns
insehusn
insenhsu
insenhus
insenshu
insensuh
insenuhs
insenush
inseshnu
inseshun
insesnhu
insesnuh
insesuhn
insesunh
inseuhns
inseuhsn
inseunhs
inseunsh
inseushn
inseusnh
inshensu
inshenus
inshesnu
inshesun
insheuns
insheusn
inshnesu
inshneus
inshnseu
inshnsue
inshnues
inshnuse
inshsenu
inshseun
inshsneu
inshsnue
inshsuen
inshsune
inshuens
inshuesn
inshunes
inshunse
inshusen
inshusne
insnehsu
insnehus
insneshu
insnesuh
insneuhs
insneush
insnhesu
insnheus
insnhseu
insnhsue
insnhues
insnhuse
insnsehu
insnseuh
insnsheu
insnshue
insnsueh
insnsuhe
insnuehs
insnuesh
insnuhes
insnuhse
insnuseh
insnushe
inssehnu
inssehun
inssenhu
inssenuh
insseuhn
insseunh
insshenu
inssheun
insshneu
insshnue
insshuen
insshune
inssnehu
inssneuh
inssnheu
inssnhue
inssnueh
inssnuhe
inssuehn
inssuenh
inssuhen
inssuhne
inssuneh
inssunhe
insuehns
insuehsn
insuenhs
insuensh
insueshn
insuesnh
insuhens
insuhesn
insuhnes
insuhnse
insuhsen
insuhsne
insunehs
insunesh
insunhes
insunhse
insunseh
insunshe
insusehn
insusenh
insushen
insushne
insusneh
insusnhe
inuehnss
inuehsns
inuehssn
inuenhss
inuenshs
inuenssh
inueshns
inueshsn
inuesnhs
inuesnsh
inuesshn
inuessnh
inuhenss
inuhesns
inuhessn
inuhness
inuhnses
inuhnsse
inuhsens
inuhsesn
inuhsnes
inuhsnse
inuhssen
inuhssne
inunehss
inuneshs
inunessh
inunhess
inunhses
inunhsse
inunsehs
inunsesh
inunshes
inunshse
inunsseh
inunsshe
inusehns
inusehsn
inusenhs
inusensh
inuseshn
inusesnh
inushens
inushesn
inushnes
inushnse
inushsen
inushsne
inusnehs
inusnesh
inusnhes
inusnhse
inusnseh
inusnshe
inussehn
inussenh
inusshen
inusshne
inussneh
inussnhe
isehnnsu
isehnnus
isehnsnu
isehnsun
isehnuns
isehnusn
isehsnnu
isehsnun
isehsunn
isehunns
isehunsn
isehusnn
isenhnsu
isenhnus
isenhsnu
isenhsun
isenhuns
isenhusn
isennhsu
isennhus
isennshu
isennsuh
isennuhs
isennush
isenshnu
isenshun
isensnhu
isensnuh
isensuhn
isensunh
isenuhns
isenuhsn
isenunhs
isenunsh
isenushn
isenusnh
iseshnnu
iseshnun
iseshunn
isesnhnu
isesnhun
isesnnhu
isesnnuh
isesnuhn
isesnunh
isesuhnn
isesunhn
isesunnh
iseuhnns
iseuhnsn
iseuhsnn
iseunhns
iseunhsn
iseunnhs
iseunnsh
iseunshn
iseunsnh
iseushnn
iseusnhn
iseusnnh
ishennsu
ishennus
ishensnu
ishensun
ishenuns
ishenusn
ishesnnu
ishesnun
ishesunn
isheunns
isheunsn
isheusnn
ishnensu
ishnenus
ishnesnu
ishnesun
ishneuns
ishneusn
ishnnesu
ishnneus
ishnnseu
ishnnsue
ishnnues
ishnnuse
ishnsenu
ishnseun
ishnsneu
ishnsnue
ishnsuen
ishnsune
ishnuens
ishnuesn
ishnunes
ishnunse
ishnusen
ishnusne
ishsennu
ishsenun
ishseunn
ishsnenu
ishsneun
ishsnneu
ishsnnue
ishsnuen
ishsnune
ishsuenn
ishsunen
ishsunne
ishuenns
ishuensn
ishuesnn
ishunens
ishunesn
ishunnes
ishunnse
ishunsen
ishunsne
ishusenn
ishusnen
ishusnne
isnehnsu
isnehnus
isnehsnu
isnehsun
isnehuns
isnehusn
isnenhsu
isnenhus
isnenshu
isnensuh
isnenuhs
isnenush
isneshnu
isneshun
isnesnhu
isnesnuh
isnesuhn
isnesunh
isneuhns
isneuhsn
isneunhs
isneunsh
isneushn
isneusnh
isnhensu
isnhenus
isnhesnu
isnhesun
isnheuns
isnheusn
isnhnesu
isnhneus
isnhnseu
isnhnsue
isnhnues
isnhnuse
isnhsenu
isnhseun
isnhsneu
isnhsnue
isnhsuen
isnhsune
isnhuens
isnhuesn
isnhunes
isnhunse
isnhusen
isnhusne
isnnehsu
isnnehus
isnneshu
isnnesuh
isnneuhs
isnneush
isnnhesu
isnnheus
isnnhseu
isnnhsue
isnnhues
isnnhuse
isnnsehu
isnnseuh
isnnsheu
isnnshue
isnnsueh
isnnsuhe
isnnuehs
isnnuesh
isnnuhes
isnnuhse
isnnuseh
isnnushe
isnsehnu
isnsehun
isnsenhu
isnsenuh
isnseuhn
isnseunh
isnshenu
isnsheun
isnshneu
isnshnue
isnshuen
isnshune
isnsnehu
isnsneuh
isnsnheu
isnsnhue
isnsnueh
isnsnuhe
isnsuehn
isnsuenh
isnsuhen
isnsuhne
isnsuneh
isnsunhe
isnuehns
isnuehsn
isnuenhs
isnuensh
isnueshn
isnuesnh
isnuhens
isnuhesn
isnuhnes
isnuhnse
isnuhsen
isnuhsne
isnunehs
isnunesh
isnunhes
isnunhse
isnunseh
isnunshe
isnusehn
isnusenh
isnushen
isnushne
isnusneh
isnusnhe
issehnnu
issehnun
issehunn
issenhnu
issenhun
issennhu
issennuh
issenuhn
issenunh
isseuhnn
isseunhn
isseunnh
isshennu
isshenun
issheunn
isshnenu
isshneun
isshnneu
isshnnue
isshnuen
isshnune
isshuenn
isshunen
isshunne
issnehnu
issnehun
issnenhu
issnenuh
issneuhn
issneunh
issnhenu
issnheun
issnhneu
issnhnue
issnhuen
issnhune
issnnehu
issnneuh
issnnheu
issnnhue
issnnueh
issnnuhe
issnuehn
issnuenh
issnuhen
issnuhne
issnuneh
issnunhe
issuehnn
issuenhn
issuennh
issuhenn
issuhnen
issuhnne
issunehn
issunenh
issunhen
issunhne
issunneh
issunnhe
isuehnns
isuehnsn
isuehsnn
isuenhns
isuenhsn
isuennhs
isuennsh
isuenshn
isuensnh
isueshnn
isuesnhn
isuesnnh
isuhenns
isuhensn
isuhesnn
isuhnens
isuhnesn
isuhnnes
isuhnnse
isuhnsen
isuhnsne
isuhsenn
isuhsnen
isuhsnne
isunehns
isunehsn
isunenhs
isunensh
isuneshn
isunesnh
isunhens
isunhesn
isunhnes
isunhnse
isunhsen
isunhsne
isunnehs
isunnesh
isunnhes
isunnhse
isunnseh
isunnshe
isunsehn
isunsenh
isunshen
isunshne
isunsneh
isunsnhe
isusehnn
isusenhn
isusennh
isushenn
isushnen
isushnne
isusnehn
isusnenh
isusnhen
isusnhne
isusnneh
isusnnhe
iuehnnss
iuehnsns
iuehnssn
iuehsnns
iuehsnsn
iuehssnn
iuenhnss
iuenhsns
iuenhssn
iuennhss
iuennshs
iuennssh
iuenshns
iuenshsn
iuensnhs
iuensnsh
iuensshn
iuenssnh
iueshnns
iueshnsn
iueshsnn
iuesnhns
iuesnhsn
iuesnnhs
iuesnnsh
iuesnshn
iuesnsnh
iuesshnn
iuessnhn
iuessnnh
iuhennss
iuhensns
iuhenssn
iuhesnns
iuhesnsn
iuhessnn
iuhnenss
iuhnesns
iuhnessn
iuhnness
iuhnnses
iuhnnsse
iuhnsens
iuhnsesn
iuhnsnes
iuhnsnse
iuhnssen
iuhnssne
iuhsenns
iuhsensn
iuhsesnn
iuhsnens
iuhsnesn
iuhsnnes
iuhsnnse
iuhsnsen
iuhsnsne
iuhssenn
iuhssnen
iuhssnne
iunehnss
iunehsns
iunehssn
iunenhss
iunenshs
iunenssh
iuneshns
iuneshsn
iunesnhs
iunesnsh
iunesshn
iunessnh
iunhenss
iunhesns
iunhessn
iunhness
iunhnses
iunhnsse
iunhsens
iunhsesn
iunhsnes
iunhsnse
iunhssen
iunhssne
iunnehss
iunneshs
iunnessh
iunnhess
iunnhses
iunnhsse
iunnsehs
iunnsesh
iunnshes
iunnshse
iunnsseh
iunnsshe
iunsehns
iunsehsn
iunsenhs
iunsensh
iunseshn
iunsesnh
iunshens
iunshesn
iunshnes
iunshnse
iunshsen
iunshsne
iunsnehs
iunsnesh
iunsnhes
iunsnhse
iunsnseh
iunsnshe
iunssehn
iunssenh
iunsshen
iunsshne
iunssneh
iunssnhe
iusehnns
iusehnsn
iusehsnn
iusenhns
iusenhsn
iusennhs
iusennsh
iusenshn
iusensnh
iuseshnn
iusesnhn
iusesnnh
iushenns
iushensn
iushesnn
iushnens
iushnesn
iushnnes
iushnnse
iushnsen
iushnsne
iushsenn
iushsnen
iushsnne
iusnehns
iusnehsn
iusnenhs
iusnensh
iusneshn
iusnesnh
iusnhens
iusnhesn
iusnhnes
iusnhnse
iusnhsen
iusnhsne
iusnnehs
iusnnesh
iusnnhes
iusnnhse
iusnnseh
iusnnshe
iusnsehn
iusnsenh
iusnshen
iusnshne
iusnsneh
iusnsnhe
iussehnn
iussenhn
iussennh
iusshenn
iusshnen
iusshnne
iussnehn
iussnenh
iussnhen
iussnhne
iussnneh
iussnnhe
nehinssu
nehinsus
nehinuss
nehisnsu
nehisnus
nehissnu
nehissun
nehisuns
nehisusn
nehiunss
nehiusns
nehiussn
nehnissu
nehnisus
nehniuss
nehnsisu
nehnsius
nehnssiu
nehnssui
nehnsuis
nehnsusi
nehnuiss
nehnusis
nehnussi
nehsinsu
nehsinus
nehsisnu
nehsisun
nehsiuns
nehsiusn
nehsnisu
nehsnius
nehsnsiu
nehsnsui
nehsnuis
nehsnusi
nehssinu
nehssiun
nehssniu
nehssnui
nehssuin
nehssuni
nehsuins
nehsuisn
nehsunis
nehsunsi
nehsusin
nehsusni
nehuinss
nehuisns
nehuissn
nehuniss
nehunsis
nehunssi
nehusins
nehusisn
nehusnis
nehusnsi
nehussin
nehussni
neihnssu
neihnsus
neihnuss
neihsnsu
neihsnus
neihssnu
neihssun
neihsuns
neihsusn
neihunss
neihusns
neihussn
neinhssu
neinhsus
neinhuss
neinshsu
neinshus
neinsshu
neinssuh
neinsuhs
neinsush
neinuhss
neinushs
neinussh
neishnsu
neishnus
neishsnu
neishsun
neishuns
neishusn
neisnhsu
neisnhus
neisnshu
neisnsuh
neisnuhs
neisnush
neisshnu
neisshun
neissnhu
neissnuh
neissuhn
neissunh
neisuhns
neisuhsn
neisunhs
neisunsh
neisushn
neisusnh
neiuhnss
neiuhsns
neiuhssn
neiunhss
neiunshs
neiunssh
neiushns
neiushsn
neiusnhs
neiusnsh
neiusshn
neiussnh
nenhissu
nenhisus
nenhiuss
nenhsisu
nenhsius
nenhssiu
nenhssui
nenhsuis
nenhsusi
nenhuiss
nenhusis
nenhussi
nenihssu
nenihsus
nenihuss
nenishsu
nenishus
nenisshu
nenissuh
nenisuhs
nenisush
neniuhss
neniushs
neniussh
nenshisu
nenshius
nenshsiu
nenshsui
nenshuis
nenshusi
nensihsu
nensihus
nensishu
nensisuh
nensiuhs
nensiush
nensshiu
nensshui
nenssihu
nenssiuh
nenssuhi
nenssuih
nensuhis
nensuhsi
nensuihs
nensuish
nensushi
nensusih
nenuhiss
nenuhsis
nenuhssi
nenuihss
nenuishs
nenuissh
nenushis
nenushsi
nenusihs
nenusish
nenusshi
nenussih
neshinsu
neshinus
neshisnu
neshisun
neshiuns
neshiusn
neshnisu
neshnius
neshnsiu
neshnsui
neshnuis
neshnusi
neshsinu
neshsiun
neshsniu
neshsnui
neshsuin
neshsuni
neshuins
neshuisn
neshunis
neshunsi
neshusin
neshusni
nesihnsu
nesihnus
nesihsnu
nesihsun
nesihuns
nesihusn
nesinhsu
nesinhus
nesinshu
nesinsuh
nesinuhs
nesinush
nesishnu
nesishun
nesisnhu
nesisnuh
nesisuhn
nesisunh
nesiuhns
nesiuhsn
nesiunhs
nesiunsh
nesiushn
nesiusnh
nesnhisu
nesnhius
nesnhsiu
nesnhsui
nesnhuis
nesnhusi
nesnihsu
nesnihus
nesnishu
nesnisuh
nesniuhs
nesniush
nesnshiu
nesnshui
nesnsihu
nesnsiuh
nesnsuhi
nesnsuih
nesnuhis
nesnuhsi
nesnuihs
nesnuish
nesnushi
nesnusih
nesshinu
nesshiun
nesshniu
nesshnui
nesshuin
nesshuni
nessihnu
nessihun
nessinhu
nessinuh
nessiuhn
nessiunh
nessnhiu
nessnhui
nessnihu
nessniuh
nessnuhi
nessnuih
nessuhin
nessuhni
nessuihn
nessuinh
nessunhi
nessunih
nesuhins
nesuhisn
nesuhnis
nesuhnsi
nesuhsin
nesuhsni
nesuihns
nesuihsn
nesuinhs
nesuinsh
nesuishn
nesuisnh
nesunhis
nesunhsi
nesunihs
nesunish
nesunshi
nesunsih
nesushin
nesushni
nesusihn
nesusinh
nesusnhi
nesusnih
neuhinss
neuhisns
neuhissn
neuhniss
neuhnsis
neuhnssi
neuhsins
neuhsisn
neuhsnis
neuhsnsi
neuhssin
neuhssni
neuihnss
neuihsns
neuihssn
neuinhss
neuinshs
neuinssh
neuishns
neuishsn
neuisnhs
neuisnsh
neuisshn
neuissnh
neunhiss
neunhsis
neunhssi
neunihss
neunishs
neunissh
neunshis
neunshsi
neunsihs
neunsish
neunsshi
neunssih
neushins
neushisn
neushnis
neushnsi
neushsin
neushsni
neusihns
neusihsn
neusinhs
neusinsh
neusishn
neusisnh
neusnhis
neusnhsi
neusnihs
neusnish
neusnshi
neusnsih
neusshin
neusshni
neussihn
neussinh
neussnhi
neussnih
nheinssu
nheinsus
nheinuss
nheisnsu
nheisnus
nheissnu
nheissun
nheisuns
nheisusn
nheiunss
nheiusns
nheiussn
nhenissu
nhenisus
nheniuss
nhensisu
nhensius
nhenssiu
nhenssui
nhensuis
nhensusi
nhenuiss
nhenusis
nhenussi
nhesinsu
nhesinus
nhesisnu
nhesisun
nhesiuns
nhesiusn
nhesnisu
nhesnius
nhesnsiu
nhesnsui
nhesnuis
nhesnusi
nhessinu
nhessiun
nhessniu
nhessnui
nhessuin
nhessuni
nhesuins
nhesuisn
nhesunis
nhesunsi
nhesusin
nhesusni
nheuinss
nheuisns
nheuissn
nheuniss
nheunsis
nheunssi
nheusins
nheusisn
nheusnis
nheusnsi
nheussin
nheussni
nhienssu
nhiensus
nhienuss
nhiesnsu
nhiesnus
nhiessnu
nhiessun
nhiesuns
nhiesusn
nhieunss
nhieusns
nhieussn
nhinessu
nhinesus
nhineuss
nhinsesu
nhinseus
nhinsseu
nhinssue
nhinsues
nhinsuse
nhinuess
nhinuses
nhinusse
nhisensu
nhisenus
nhisesnu
nhisesun
nhiseuns
nhiseusn
nhisnesu
nhisneus
nhisnseu
nhisnsue
nhisnues
nhisnuse
nhissenu
nhisseun
nhissneu
nhissnue
nhissuen
nhissune
nhisuens
nhisuesn
nhisunes
nhisunse
nhisusen
nhisusne
nhiuenss
nhiuesns
nhiuessn
nhiuness
nhiunses
nhiunsse
nhiusens
nhiusesn
nhiusnes
nhiusnse
nhiussen
nhiussne
nhneissu
nhneisus
nhneiuss
nhnesisu
nhnesius
nhnessiu
nhnessui
nhnesuis
nhnesusi
nhneuiss
nhneusis
nhneussi
nhniessu
nhniesus
nhnieuss
nhnisesu
nhniseus
nhnisseu
nhnissue
nhnisues
nhnisuse
nhniuess
nhniuses
nhniusse
nhnseisu
nhnseius
nhnsesiu
nhnsesui
nhnseuis
nhnseusi
nhnsiesu
nhnsieus
nhnsiseu
nhnsisue
nhnsiues
nhnsiuse
nhnsseiu
nhnsseui
nhnssieu
nhnssiue
nhnssuei
nhnssuie
nhnsueis
nhnsuesi
nhnsuies
nhnsuise
nhnsusei
nhnsusie
nhnueiss
nhnuesis
nhnuessi
nhnuiess
nhnuises
nhnuisse
nhnuseis
nhnusesi
nhnusies
nhnusise
nhnussei
nhnussie
nhseinsu
nhseinus
nhseisnu
nhseisun
nhseiuns
nhseiusn
nhsenisu
nhsenius
nhsensiu
nhsensui
nhsenuis
nhsenusi
nhsesinu
nhsesiun
nhsesniu
nhsesnui
nhsesuin
nhsesuni
nhseuins
nhseuisn
nhseunis
nhseunsi
nhseusin
nhseusni
nhsiensu
nhsienus
nhsiesnu
nhsiesun
nhsieuns
nhsieusn
nhsinesu
nhsineus
nhsinseu
nhsinsue
nhsinues
nhsinuse
nhsisenu
nhsiseun
nhsisneu
nhsisnue
nhsisuen
nhsisune
nhsiuens
nhsiuesn
nhsiunes
nhsiunse
nhsiusen
nhsiusne
nhsneisu
nhsneius
nhsnesiu
nhsnesui
nhsneuis
nhsneusi
nhsniesu
nhsnieus
nhsniseu
nhsnisue
nhsniues
nhsniuse
nhsnseiu
nhsnseui
nhsnsieu
nhsnsiue
nhsnsuei
nhsnsuie
nhsnueis
nhsnuesi
nhsnuies
nhsnuise
nhsnusei
nhsnusie
nhsseinu
nhsseiun
nhsseniu
nhssenui
nhsseuin
nhsseuni
nhssienu
nhssieun
nhssineu
nhssinue
nhssiuen
nhssiune
nhssneiu
nhssneui
nhssnieu
nhssniue
nhssnuei
nhssnuie
nhssuein
nhssueni
nhssuien
nhssuine
nhssunei
nhssunie
nhsueins
nhsueisn
nhsuenis
nhsuensi
nhsuesin
nhsuesni
nhsuiens
nhsuiesn
nhsuines
nhsuinse
nhsuisen
nhsuisne
nhsuneis
nhsunesi
nhsunies
nhsunise
nhsunsei
nhsunsie
nhsusein
nhsuseni
nhsusien
nhsusine
nhsusnei
nhsusnie
nhueinss
nhueisns
nhueissn
nhueniss
nhuensis
nhuenssi
nhuesins
nhuesisn
nhuesnis
nhuesnsi
nhuessin
nhuessni
nhuienss
nhuiesns
nhuiessn
nhuiness
nhuinses
nhuinsse
nhuisens
nhuisesn
nhuisnes
nhuisnse
nhuissen
nhuissne
nhuneiss
nhunesis
nhunessi
nhuniess
nhunises
nhunisse
nhunseis
nhunsesi
nhunsies
nhunsise
nhunssei
nhunssie
nhuseins
nhuseisn
nhusenis
nhusensi
nhusesin
nhusesni
nhusiens
nhusiesn
nhusines
nhusinse
nhusisen
nhusisne
nhusneis
nhusnesi
nhusnies
nhusnise
nhusnsei
nhusnsie
nhussein
nhusseni
nhussien
nhussine
nhussnei
nhussnie
niehnssu
niehnsus
niehnuss
niehsnsu
niehsnus
niehssnu
niehssun
niehsuns
niehsusn
niehunss
niehusns
niehussn
nienhssu
nienhsus
nienhuss
nienshsu
nienshus
niensshu
nienssuh
niensuhs
niensush
nienuhss
nienushs
nienussh
nieshnsu
nieshnus
nieshsnu
nieshsun
nieshuns
nieshusn
niesnhsu
niesnhus
niesnshu
niesnsuh
niesnuhs
niesnush
niesshnu
niesshun
niessnhu
niessnuh
niessuhn
niessunh
niesuhns
niesuhsn
niesunhs
niesunsh
niesushn
niesusnh
nieuhnss
nieuhsns
nieuhssn
nieunhss
nieunshs
nieunssh
nieushns
nieushsn
nieusnhs
nieusnsh
nieusshn
nieussnh
nihenssu
nihensus
nihenuss
nihesnsu
nihesnus
nihessnu
nihessun
nihesuns
nihesusn
niheunss
niheusns
niheussn
nihnessu
nihnesus
nihneuss
nihnsesu
nihnseus
nihnsseu
nihnssue
nihnsues
nihnsuse
nihnuess
nihnuses
nihnusse
nihsensu
nihsenus
nihsesnu
nihsesun
nihseuns
nihseusn
nihsnesu
nihsneus
nihsnseu
nihsnsue
nihsnues
nihsnuse
nihssenu
nihsseun
nihssneu
nihssnue
nihssuen
nihssune
nihsuens
nihsuesn
nihsunes
nihsunse
nihsusen
nihsusne
nihuenss
nihuesns
nihuessn
nihuness
nihunses
nihunsse
nihusens
nihusesn
nihusnes
nihusnse
nihussen
nihussne
ninehssu
ninehsus
ninehuss
nineshsu
nineshus
ninesshu
ninessuh
ninesuhs
ninesush
nineuhss
nineushs
nineussh
ninhessu
ninhesus
ninheuss
ninhsesu
ninhseus
ninhsseu
ninhssue
ninhsues
ninhsuse
ninhuess
ninhuses
ninhusse
ninsehsu
ninsehus
ninseshu
ninsesuh
ninseuhs
ninseush
ninshesu
ninsheus
ninshseu
ninshsue
ninshues
ninshuse
ninssehu
ninsseuh
ninssheu
ninsshue
ninssueh
ninssuhe
ninsuehs
ninsuesh
ninsuhes
ninsuhse
ninsuseh
ninsushe
ninuehss
ninueshs
ninuessh
ninuhess
ninuhses
ninuhsse
ninusehs
ninusesh
ninushes
ninushse
ninusseh
ninusshe
nisehnsu
nisehnus
nisehsnu
nisehsun
nisehuns
nisehusn
nisenhsu
nisenhus
nisenshu
nisensuh
nisenuhs
nisenush
niseshnu
niseshun
nisesnhu
nisesnuh
nisesuhn
nisesunh
niseuhns
niseuhsn
niseunhs
niseunsh
niseushn
niseusnh
nishensu
nishenus
nishesnu
nishesun
nisheuns
nisheusn
nishnesu
nishneus
nishnseu
nishnsue
nishnues
nishnuse
nishsenu
nishseun
nishsneu
nishsnue
nishsuen
nishsune
nishuens
nishuesn
nishunes
nishunse
nishusen
nishusne
nisnehsu
nisnehus
nisneshu
nisnesuh
nisneuhs
nisneush
nisnhesu
nisnheus
nisnhseu
nisnhsue
nisnhues
nisnhuse
nisnsehu
nisnseuh
nisnsheu
nisnshue
nisnsueh
nisnsuhe
nisnuehs
nisnuesh
nisnuhes
nisnuhse
nisnuseh
nisnushe
nissehnu
nissehun
nissenhu
nissenuh
nisseuhn
nisseunh
nisshenu
nissheun
nisshneu
nisshnue
nisshuen
nisshune
nissnehu
nissneuh
nissnheu
nissnhue
nissnueh
nissnuhe
nissuehn
nissuenh
nissuhen
nissuhne
nissuneh
nissunhe
nisuehns
nisuehsn
nisuenhs
nisuensh
nisueshn
nisuesnh
nisuhens
nisuhesn
nisuhnes
nisuhnse
nisuhsen
nisuhsne
nisunehs
nisunesh
nisunhes
nisunhse
nisunseh
nisunshe
nisusehn
nisusenh
nisushen
nisushne
nisusneh
nisusnhe
niuehnss
niuehsns
niuehssn
niuenhss
niuenshs
niuenssh
niueshns
niueshsn
niuesnhs
niuesnsh
niuesshn
niuessnh
niuhenss
niuhesns
niuhessn
niuhness
niuhnses
niuhnsse
niuhsens
niuhsesn
niuhsnes
niuhsnse
niuhssen
niuhssne
niunehss
niuneshs
niunessh
niunhess
niunhses
niunhsse
niunsehs
niunsesh
niunshes
niunshse
niunsseh
niunsshe
niusehns
niusehsn
niusenhs
niusensh
niuseshn
niusesnh
niushens
niushesn
niushnes
niushnse
niushsen
niushsne
niusnehs
niusnesh
niusnhes
niusnhse
niusnseh
niusnshe
niussehn
niussenh
niusshen
niusshne
niussneh
niussnhe
nnehissu
nnehisus
nnehiuss
nnehsisu
nnehsius
nnehssiu
nnehssui
nnehsuis
nnehsusi
nnehuiss
nnehusis
nnehussi
nneihssu
nneihsus
nneihuss
nneishsu
nneishus
nneisshu
nneissuh
nneisuhs
nneisush
nneiuhss
nneiushs
nneiussh
nneshisu
nneshius
nneshsiu
nneshsui
nneshuis
nneshusi
nnesihsu
nnesihus
nnesishu
nnesisuh
nnesiuhs
nnesiush
nnesshiu
nnesshui
nnessihu
nnessiuh
nnessuhi
nnessuih
nnesuhis
nnesuhsi
nnesuihs
nnesuish
nnesushi
nnesusih
nneuhiss
nneuhsis
nneuhssi
nneuihss
nneuishs
nneuissh
nneushis
nneushsi
nneusihs
nneusish
nneusshi
nneussih
nnheissu
nnheisus
nnheiuss
nnhesisu
nnhesius
nnhessiu
nnhessui
nnhesuis
nnhesusi
nnheuiss
nnheusis
nnheussi
nnhiessu
nnhiesus
nnhieuss
nnhisesu
nnhiseus
nnhisseu
nnhissue
nnhisues
nnhisuse
nnhiuess
nnhiuses
nnhiusse
nnhseisu
nnhseius
nnhsesiu
nnhsesui
nnhseuis
nnhseusi
nnhsiesu
nnhsieus
nnhsiseu
nnhsisue
nnhsiues
nnhsiuse
nnhsseiu
nnhsseui
nnhssieu
nnhssiue
nnhssuei
nnhssuie
nnhsueis
nnhsuesi
nnhsuies
nnhsuise
nnhsusei
nnhsusie
nnhueiss
nnhuesis
nnhuessi
nnhuiess
nnhuises
nnhuisse
nnhuseis
nnhusesi
nnhusies
nnhusise
nnhussei
nnhussie
nniehssu
nniehsus
nniehuss
nnieshsu
nnieshus
nniesshu
nniessuh
nniesuhs
nniesush
nnieuhss
nnieushs
nnieussh
nnihessu
nnihesus
nniheuss
nnihsesu
nnihseus
nnihsseu
nnihssue
nnihsues
nnihsuse
nnihuess
nnihuses
nnihusse
nnisehsu
nnisehus
nniseshu
nnisesuh
nniseuhs
nniseush
nnishesu
nnisheus
nnishseu
nnishsue
nnishues
nnishuse
nnissehu
nnisseuh
nnissheu
nnisshue
nnissueh
nnissuhe
nnisuehs
nnisuesh
nnisuhes
nnisuhse
nnisuseh
nnisushe
nniuehss
nniueshs
nniuessh
nniuhess
nniuhses
nniuhsse
nniusehs
nniusesh
nniushes
nniushse
nniusseh
nniusshe
nnsehisu
nnsehius
nnsehsiu
nnsehsui
nnsehuis
nnsehusi
nnseihsu
nnseihus
nnseishu
nnseisuh
nnseiuhs
nnseiush
nnseshiu
nnseshui
nnsesihu
nnsesiuh
nnsesuhi
nnsesuih
nnseuhis
nnseuhsi
nnseuihs
nnseuish
nnseushi
nnseusih
nnsheisu
nnsheius
nnshesiu
nnshesui
nnsheuis
nnsheusi
nnshiesu
nnshieus
nnshiseu
nnshisue
nnshiues
nnshiuse
nnshseiu
nnshseui
nnshsieu
nnshsiue
nnshsuei
nnshsuie
nnshueis
nnshuesi
nnshuies
nnshuise
nnshusei
nnshusie
nnsiehsu
nnsiehus
nnsieshu
nnsiesuh
nnsieuhs
nnsieush
nnsihesu
nnsiheus
nnsihseu
nnsihsue
nnsihues
nnsihuse
nnsisehu
nnsiseuh
nnsisheu
nnsishue
nnsisueh
nnsisuhe
nnsiuehs
nnsiuesh
nnsiuhes
nnsiuhse
nnsiuseh
nnsiushe
nnssehiu
nnssehui
nnsseihu
nnsseiuh
nnsseuhi
nnsseuih
nnssheiu
nnssheui
nnsshieu
nnsshiue
nnsshuei
nnsshuie
nnssiehu
nnssieuh
nnssiheu
nnssihue
nnssiueh
nnssiuhe
nnssuehi
nnssueih
nnssuhei
nnssuhie
nnssuieh
nnssuihe
nnsuehis
nnsuehsi
nnsueihs
nnsueish
nnsueshi
nnsuesih
nnsuheis
nnsuhesi
nnsuhies
nnsuhise
nnsuhsei
nnsuhsie
nnsuiehs
nnsuiesh
nnsuihes
nnsuihse
nnsuiseh
nnsuishe
nnsusehi
nnsuseih
nnsushei
nnsushie
nnsusieh
nnsusihe
nnuehiss
nnuehsis
nnuehssi
nnueihss
nnueishs
nnueissh
nnueshis
nnueshsi
nnuesihs
nnuesish
nnuesshi
nnuessih
nnuheiss
nnuhesis
nnuhessi
nnuhiess
nnuhises
nnuhisse
nnuhseis
nnuhsesi
nnuhsies
nnuhsise
nnuhssei
nnuhssie
nnuiehss
nnuieshs
nnuiessh
nnuihess
nnuihses
nnuihsse
nnuisehs
nnuisesh
nnuishes
nnuishse
nnuisseh
nnuisshe
nnusehis
nnusehsi
nnuseihs
nnuseish
nnuseshi
nnusesih
nnusheis
nnushesi
nnushies
nnushise
nnushsei
nnushsie
nnusiehs
nnusiesh
nnusihes
nnusihse
nnusiseh
nnusishe
nnussehi
nnusseih
nnusshei
nnusshie
nnussieh
nnussihe
nsehinsu
nsehinus
nsehisnu
nsehisun
nsehiuns
nsehiusn
nsehnisu
nsehnius
nsehnsiu
nsehnsui
nsehnuis
nsehnusi
nsehsinu
nsehsiun
nsehsniu
nsehsnui
nsehsuin
nsehsuni
nsehuins
nsehuisn
nsehunis
nsehunsi
nsehusin
nsehusni
nseihnsu
nseihnus
nseihsnu
nseihsun
nseihuns
nseihusn
nseinhsu
nseinhus
nseinshu
nseinsuh
nseinuhs
nseinush
nseishnu
nseishun
nseisnhu
nseisnuh
nseisuhn
nseisunh
nseiuhns
nseiuhsn
nseiunhs
nseiunsh
nseiushn
nseiusnh
nsenhisu
nsenhius
nsenhsiu
nsenhsui
nsenhuis
nsenhusi
nsenihsu
nsenihus
nsenishu
nsenisuh
nseniuhs
nseniush
nsenshiu
nsenshui
nsensihu
nsensiuh
nsensuhi
nsensuih
nsenuhis
nsenuhsi
nsenuihs
nsenuish
nsenushi
nsenusih
nseshinu
nseshiun
nseshniu
nseshnui
nseshuin
nseshuni
nsesihnu
nsesihun
nsesinhu
nsesinuh
nsesiuhn
nsesiunh
nsesnhiu
nsesnhui
nsesnihu
nsesniuh
nsesnuhi
nsesnuih
nsesuhin
nsesuhni
nsesuihn
nsesuinh
nsesunhi
nsesunih
nseuhins
nseuhisn
nseuhnis
nseuhnsi
nseuhsin
nseuhsni
nseuihns
nseuihsn
nseuinhs
nseuinsh
nseuishn
nseuisnh
nseunhis
nseunhsi
nseunihs
nseunish
nseunshi
nseunsih
nseushin
nseushni
nseusihn
nseusinh
nseusnhi
nseusnih
nsheinsu
nsheinus
nsheisnu
nsheisun
nsheiuns
nsheiusn
nshenisu
nshenius
nshensiu
nshensui
nshenuis
nshenusi
nshesinu
nshesiun
nshesniu
nshesnui
nshesuin
nshesuni
nsheuins
nsheuisn
nsheunis
nsheunsi
nsheusin
nsheusni
nshiensu
nshienus
nshiesnu
nshiesun
nshieuns
nshieusn
nshinesu
nshineus
nshinseu
nshinsue
nshinues
nshinuse
nshisenu
nshiseun
nshisneu
nshisnue
nshisuen
nshisune
nshiuens
nshiuesn
nshiunes
nshiunse
nshiusen
nshiusne
nshneisu
nshneius
nshnesiu
nshnesui
nshneuis
nshneusi
nshniesu
nshnieus
nshniseu
nshnisue
nshniues
nshniuse
nshnseiu
nshnseui
nshnsieu
nshnsiue
nshnsuei
nshnsuie
nshnueis
nshnuesi
nshnuies
nshnuise
nshnusei
nshnusie
nshseinu
nshseiun
nshseniu
nshsenui
nshseuin
nshseuni
nshsienu
nshsieun
nshsineu
nshsinue
nshsiuen
nshsiune
nshsneiu
nshsneui
nshsnieu
nshsniue
nshsnuei
nshsnuie
nshsuein
nshsueni
nshsuien
nshsuine
nshsunei
nshsunie
nshueins
nshueisn
nshuenis
nshuensi
nshuesin
nshuesni
nshuiens
nshuiesn
nshuines
nshuinse
nshuisen
nshuisne
nshuneis
nshunesi
nshunies
nshunise
nshunsei
nshunsie
nshusein
nshuseni
nshusien
nshusine
nshusnei
nshusnie
nsiehnsu
nsiehnus
nsiehsnu
nsiehsun
nsiehuns
nsiehusn
nsienhsu
nsienhus
nsienshu
nsiensuh
nsienuhs
nsienush
nsieshnu
nsieshun
nsiesnhu
nsiesnuh
nsiesuhn
nsiesunh
nsieuhns
nsieuhsn
nsieunhs
nsieunsh
nsieushn
nsieusnh
nsihensu
nsihenus
nsihesnu
nsihesun
nsiheuns
nsiheusn
nsihnesu
nsihneus
nsihnseu
nsihnsue
nsihnues
nsihnuse
nsihsenu
nsihseun
nsihsneu
nsihsnue
nsihsuen
nsihsune
nsihuens
nsihuesn
nsihunes
nsihunse
nsihusen
nsihusne
nsinehsu
nsinehus
nsineshu
nsinesuh
nsineuhs
nsineush
nsinhesu
nsinheus
nsinhseu
nsinhsue
nsinhues
nsinhuse
nsinsehu
nsinseuh
nsinsheu
nsinshue
nsinsueh
nsinsuhe
nsinuehs
nsinuesh
nsinuhes
nsinuhse
nsinuseh
nsinushe
nsisehnu
nsisehun
nsisenhu
nsisenuh
nsiseuhn
nsiseunh
nsishenu
nsisheun
nsishneu
nsishnue
nsishuen
nsishune
nsisnehu
nsisneuh
nsisnheu
nsisnhue
nsisnueh
nsisnuhe
nsisuehn
nsisuenh
nsisuhen
nsisuhne
nsisuneh
nsisunhe
nsiuehns
nsiuehsn
nsiuenhs
nsiuensh
nsiueshn
nsiuesnh
nsiuhens
nsiuhesn
nsiuhnes
nsiuhnse
nsiuhsen
nsiuhsne
nsiunehs
nsiunesh
nsiunhes
nsiunhse
nsiunseh
nsiunshe
nsiusehn
nsiusenh
nsiushen
nsiushne
nsiusneh
nsiusnhe
nsnehisu
nsnehius
nsnehsiu
nsnehsui
nsnehuis
nsnehusi
nsneihsu
nsneihus
nsneishu
nsneisuh
nsneiuhs
nsneiush
nsneshiu
nsneshui
nsnesihu
nsnesiuh
nsnesuhi
nsnesuih
nsneuhis
nsneuhsi
nsneuihs
nsneuish
nsneushi
nsneusih
nsnheisu
nsnheius
nsnhesiu
nsnhesui
nsnheuis
nsnheusi
nsnhiesu
nsnhieus
nsnhiseu
nsnhisue
nsnhiues
nsnhiuse
nsnhseiu
nsnhseui
nsnhsieu
nsnhsiue
nsnhsuei
nsnhsuie
nsnhueis
nsnhuesi
nsnhuies
nsnhuise
nsnhusei
nsnhusie
nsniehsu
nsniehus
nsnieshu
nsniesuh
nsnieuhs
nsnieush
nsnihesu
nsniheus
nsnihseu
nsnihsue
nsnihues
nsnihuse
nsnisehu
nsniseuh
nsnisheu
nsnishue
nsnisueh
nsnisuhe
nsniuehs
nsniuesh
nsniuhes
nsniuhse
nsniuseh
nsniushe
nsnsehiu
nsnsehui
nsnseihu
nsnseiuh
nsnseuhi
nsnseuih
nsnsheiu
nsnsheui
nsnshieu
nsnshiue
nsnshuei
nsnshuie
nsnsiehu
nsnsieuh
nsnsiheu
nsnsihue
nsnsiueh
nsnsiuhe
nsnsuehi
nsnsueih
nsnsuhei
nsnsuhie
nsnsuieh
nsnsuihe
nsnuehis
nsnuehsi
nsnueihs
nsnueish
nsnueshi
nsnuesih
nsnuheis
nsnuhesi
nsnuhies
nsnuhise
nsnuhsei
nsnuhsie
nsnuiehs
nsnuiesh
nsnuihes
nsnuihse
nsnuiseh
nsnuishe
nsnusehi
nsnuseih
nsnushei
nsnushie
nsnusieh
nsnusihe
nssehinu
nssehiun
nssehniu
nssehnui
nssehuin
nssehuni
nsseihnu
nsseihun
nsseinhu
nsseinuh
nsseiuhn
nsseiunh
nssenhiu
nssenhui
nssenihu
nsseniuh
nssenuhi
nssenuih
nsseuhin
nsseuhni
nsseuihn
nsseuinh
nsseunhi
nsseunih
nssheinu
nssheiun
nssheniu
nsshenui
nssheuin
nssheuni
nsshienu
nsshieun
nsshineu
nsshinue
nsshiuen
nsshiune
nsshneiu
nsshneui
nsshnieu
nsshniue
nsshnuei
nsshnuie
nsshuein
nsshueni
nsshuien
nsshuine
nsshunei
nsshunie
nssiehnu
nssiehun
nssienhu
nssienuh
nssieuhn
nssieunh
nssihenu
nssiheun
nssihneu
nssihnue
nssihuen
nssihune
nssinehu
nssineuh
nssinheu
nssinhue
nssinueh
nssinuhe
nssiuehn
nssiuenh
nssiuhen
nssiuhne
nssiuneh
nssiunhe
nssnehiu
nssnehui
nssneihu
nssneiuh
nssneuhi
nssneuih
nssnheiu
nssnheui
nssnhieu
nssnhiue
nssnhuei
nssnhuie
nssniehu
nssnieuh
nssniheu
nssnihue
nssniueh
nssniuhe
nssnuehi
nssnueih
nssnuhei
nssnuhie
nssnuieh
nssnuihe
nssuehin
nssuehni
nssueihn
nssueinh
nssuenhi
nssuenih
nssuhein
nssuheni
nssuhien
nssuhine
nssuhnei
nssuhnie
nssuiehn
nssuienh
nssuihen
nssuihne
nssuineh
nssuinhe
nssunehi
nssuneih
nssunhei
nssunhie
nssunieh
nssunihe
nsuehins
nsuehisn
nsuehnis
nsuehnsi
nsuehsin
nsuehsni
nsueihns
nsueihsn
nsueinhs
nsueinsh
nsueishn
nsueisnh
nsuenhis
nsuenhsi
nsuenihs
nsuenish
nsuenshi
nsuensih
nsueshin
nsueshni
nsuesihn
nsuesinh
nsuesnhi
nsuesnih
nsuheins
nsuheisn
nsuhenis
nsuhensi
nsuhesin
nsuhesni
nsuhiens
nsuhiesn
nsuhines
nsuhinse
nsuhisen
nsuhisne
nsuhneis
nsuhnesi
nsuhnies
nsuhnise
nsuhnsei
nsuhnsie
nsuhsein
nsuhseni
nsuhsien
nsuhsine
nsuhsnei
nsuhsnie
nsuiehns
nsuiehsn
nsuienhs
nsuiensh
nsuieshn
nsuiesnh
nsuihens
nsuihesn
nsuihnes
nsuihnse
nsuihsen
nsuihsne
nsuinehs
nsuinesh
nsuinhes
nsuinhse
nsuinseh
nsuinshe
nsuisehn
nsuisenh
nsuishen
nsuishne
nsuisneh
nsuisnhe
nsunehis
nsunehsi
nsuneihs
nsuneish
nsuneshi
nsunesih
nsunheis
nsunhesi
nsunhies
nsunhise
nsunhsei
nsunhsie
nsuniehs
nsuniesh
nsunihes
nsunihse
nsuniseh
nsunishe
nsunsehi
nsunseih
nsunshei
nsunshie
nsunsieh
nsunsihe
nsusehin
nsusehni
nsuseihn
nsuseinh
nsusenhi
nsusenih
nsushein
nsusheni
nsushien
nsushine
nsushnei
nsushnie
nsusiehn
nsusienh
nsusihen
nsusihne
nsusineh
nsusinhe
nsusnehi
nsusneih
nsusnhei
nsusnhie
nsusnieh
nsusnihe
nuehinss
nuehisns
nuehissn
nuehniss
nuehnsis
nuehnssi
nuehsins
nuehsisn
nuehsnis
nuehsnsi
nuehssin
nuehssni
nueihnss
nueihsns
nueihssn
nueinhss
nueinshs
nueinssh
nueishns
nueishsn
nueisnhs
nueisnsh
nueisshn
nueissnh
nuenhiss
nuenhsis
nuenhssi
nuenihss
nuenishs
nuenissh
nuenshis
nuenshsi
nuensihs
nuensish
nuensshi
nuenssih
nueshins
nueshisn
nueshnis
nueshnsi
nueshsin
nueshsni
nuesihns
nuesihsn
nuesinhs
nuesinsh
nuesishn
nuesisnh
nuesnhis
nuesnhsi
nuesnihs
nuesnish
nuesnshi
nuesnsih
nuesshin
nuesshni
nuessihn
nuessinh
nuessnhi
nuessnih
nuheinss
nuheisns
nuheissn
nuheniss
nuhensis
nuhenssi
nuhesins
nuhesisn
nuhesnis
nuhesnsi
nuhessin
nuhessni
nuhienss
nuhiesns
nuhiessn
nuhiness
nuhinses
nuhinsse
nuhisens
nuhisesn
nuhisnes
nuhisnse
nuhissen
nuhissne
nuhneiss
nuhnesis
nuhnessi
nuhniess
nuhnises
nuhnisse
nuhnseis
nuhnsesi
nuhnsies
nuhnsise
nuhnssei
nuhnssie
nuhseins
nuhseisn
nuhsenis
nuhsensi
nuhsesin
nuhsesni
nuhsiens
nuhsiesn
nuhsines
nuhsinse
nuhsisen
nuhsisne
nuhsneis
nuhsnesi
nuhsnies
nuhsnise
nuhsnsei
nuhsnsie
nuhssein
nuhsseni
nuhssien
nuhssine
nuhssnei
nuhssnie
nuiehnss
nuiehsns
nuiehssn
nuienhss
nuienshs
nuienssh
nuieshns
nuieshsn
nuiesnhs
nuiesnsh
nuiesshn
nuiessnh
nuihenss
nuihesns
nuihessn
nuihness
nuihnses
nuihnsse
nuihsens
nuihsesn
nuihsnes
nuihsnse
nuihssen
nuihssne
nuinehss
nuineshs
nuinessh
nuinhess
nuinhses
nuinhsse
nuinsehs
nuinsesh
nuinshes
nuinshse
nuinsseh
nuinsshe
nuisehns
nuisehsn
nuisenhs
nuisensh
nuiseshn
nuisesnh
nuishens
nuishesn
nuishnes
nuishnse
nuishsen
nuishsne
nuisnehs
nuisnesh
nuisnhes
nuisnhse
nuisnseh
nuisnshe
nuissehn
nuissenh
nuisshen
nuisshne
nuissneh
nuissnhe
nunehiss
nunehsis
nunehssi
nuneihss
nuneishs
nuneissh
nuneshis
nuneshsi
nunesihs
nunesish
nunesshi
nunessih
nunheiss
nunhesis
nunhessi
nunhiess
nunhises
nunhisse
nunhseis
nunhsesi
nunhsies
nunhsise
nunhssei
nunhssie
nuniehss
nunieshs
nuniessh
nunihess
nunihses
nunihsse
nunisehs
nunisesh
nunishes
nunishse
nunisseh
nunisshe
nunsehis
nunsehsi
nunseihs
nunseish
nunseshi
nunsesih
nunsheis
nunshesi
nunshies
nunshise
nunshsei
nunshsie
nunsiehs
nunsiesh
nunsihes
nunsihse
nunsiseh
nunsishe
nunssehi
nunsseih
nunsshei
nunsshie
nunssieh
nunssihe
nusehins
nusehisn
nusehnis
nusehnsi
nusehsin
nusehsni
nuseihns
nuseihsn
nuseinhs
nuseinsh
nuseishn
nuseisnh
nusenhis
nusenhsi
nusenihs
nusenish
nusenshi
nusensih
nuseshin
nuseshni
nusesihn
nusesinh
nusesnhi
nusesnih
nusheins
nusheisn
nushenis
nushensi
nushesin
nushesni
nushiens
nushiesn
nushines
nushinse
nushisen
nushisne
nushneis
nushnesi
nushnies
nushnise
nushnsei
nushnsie
nushsein
nushseni
nushsien
nushsine
nushsnei
nushsnie
nusiehns
nusiehsn
nusienhs
nusiensh
nusieshn
nusiesnh
nusihens
nusihesn
nusihnes
nusihnse
nusihsen
nusihsne
nusinehs
nusinesh
nusinhes
nusinhse
nusinseh
nusinshe
nusisehn
nusisenh
nusishen
nusishne
nusisneh
nusisnhe
nusnehis
nusnehsi
nusneihs
nusneish
nusneshi
nusnesih
nusnheis
nusnhesi
nusnhies
nusnhise
nusnhsei
nusnhsie
nusniehs
nusniesh
nusnihes
nusnihse
nusniseh
nusnishe
nusnsehi
nusnseih
nusnshei
nusnshie
nusnsieh
nusnsihe
nussehin
nussehni
nusseihn
nusseinh
nussenhi
nussenih
nusshein
nussheni
nusshien
nusshine
nusshnei
nusshnie
nussiehn
nussienh
nussihen
nussihne
nussineh
nussinhe
nussnehi
nussneih
nussnhei
nussnhie
nussnieh
nussnihe
sehinnsu
sehinnus
sehinsnu
sehinsun
sehinuns
sehinusn
sehisnnu
sehisnun
sehisunn
sehiunns
sehiunsn
sehiusnn
sehninsu
sehninus
sehnisnu
sehnisun
sehniuns
sehniusn
sehnnisu
sehnnius
sehnnsiu
sehnnsui
sehnnuis
sehnnusi
sehnsinu
sehnsiun
sehnsniu
sehnsnui
sehnsuin
sehnsuni
sehnuins
sehnuisn
sehnunis
sehnunsi
sehnusin
sehnusni
sehsinnu
sehsinun
sehsiunn
sehsninu
sehsniun
sehsnniu
sehsnnui
sehsnuin
sehsnuni
sehsuinn
sehsunin
sehsunni
sehuinns
sehuinsn
sehuisnn
sehunins
sehunisn
sehunnis
sehunnsi
sehunsin
sehunsni
sehusinn
sehusnin
sehusnni
seihnnsu
seihnnus
seihnsnu
seihnsun
seihnuns
seihnusn
seihsnnu
seihsnun
seihsunn
seihunns
seihunsn
seihusnn
seinhnsu
seinhnus
seinhsnu
seinhsun
seinhuns
seinhusn
seinnhsu
seinnhus
seinnshu
seinnsuh
seinnuhs
seinnush
seinshnu
seinshun
seinsnhu
seinsnuh
seinsuhn
seinsunh
seinuhns
seinuhsn
seinunhs
seinunsh
seinushn
seinusnh
seishnnu
seishnun
seishunn
seisnhnu
seisnhun
seisnnhu
seisnnuh
seisnuhn
seisnunh
seisuhnn
seisunhn
seisunnh
seiuhnns
seiuhnsn
seiuhsnn
seiunhns
seiunhsn
seiunnhs
seiunnsh
seiunshn
seiunsnh
seiushnn
seiusnhn
seiusnnh
senhinsu
senhinus
senhisnu
senhisun
senhiuns
senhiusn
senhnisu
senhnius
senhnsiu
senhnsui
senhnuis
senhnusi
senhsinu
senhsiun
senhsniu
senhsnui
senhsuin
senhsuni
senhuins
senhuisn
senhunis
senhunsi
senhusin
senhusni
senihnsu
senihnus
senihsnu
senihsun
senihuns
senihusn
seninhsu
seninhus
seninshu
seninsuh
seninuhs
seninush
senishnu
senishun
senisnhu
senisnuh
senisuhn
senisunh
seniuhns
seniuhsn
seniunhs
seniunsh
seniushn
seniusnh
sennhisu
sennhius
sennhsiu
sennhsui
sennhuis
sennhusi
sennihsu
sennihus
sennishu
sennisuh
senniuhs
senniush
sennshiu
sennshui
sennsihu
sennsiuh
sennsuhi
sennsuih
sennuhis
sennuhsi
sennuihs
sennuish
sennushi
sennusih
senshinu
senshiun
senshniu
senshnui
senshuin
senshuni
sensihnu
sensihun
sensinhu
sensinuh
sensiuhn
sensiunh
sensnhiu
sensnhui
sensnihu
sensniuh
sensnuhi
sensnuih
sensuhin
sensuhni
sensuihn
sensuinh
sensunhi
sensunih
senuhins
senuhisn
senuhnis
senuhnsi
senuhsin
senuhsni
senuihns
senuihsn
senuinhs
senuinsh
senuishn
senuisnh
senunhis
senunhsi
senunihs
senunish
senunshi
senunsih
senushin
senushni
senusihn
senusinh
senusnhi
senusnih
seshinnu
seshinun
seshiunn
seshninu
seshniun
seshnniu
seshnnui
seshnuin
seshnuni
seshuinn
seshunin
seshunni
sesihnnu
sesihnun
sesihunn
sesinhnu
sesinhun
sesinnhu
sesinnuh
sesinuhn
sesinunh
sesiuhnn
sesiunhn
sesiunnh
sesnhinu
sesnhiun
sesnhniu
sesnhnui
sesnhuin
sesnhuni
sesnihnu
sesnihun
sesninhu
sesninuh
sesniuhn
sesniunh
sesnnhiu
sesnnhui
sesnnihu
sesnniuh
sesnnuhi
sesnnuih
sesnuhin
sesnuhni
sesnuihn
sesnuinh
sesnunhi
sesnunih
sesuhinn
sesuhnin
sesuhnni
sesuihnn
sesuinhn
sesuinnh
sesunhin
sesunhni
sesunihn
sesuninh
sesunnhi
sesunnih
seuhinns
seuhinsn
seuhisnn
seuhnins
seuhnisn
seuhnnis
seuhnnsi
seuhnsin
seuhnsni
seuhsinn
seuhsnin
seuhsnni
seuihnns
seuihnsn
seuihsnn
seuinhns
seuinhsn
seuinnhs
seuinnsh
seuinshn
seuinsnh
seuishnn
seuisnhn
seuisnnh
seunhins
seunhisn
seunhnis
seunhnsi
seunhsin
seunhsni
seunihns
seunihsn
seuninhs
seuninsh
seunishn
seunisnh
seunnhis
seunnhsi
seunnihs
seunnish
seunnshi
seunnsih
seunshin
seunshni
seunsihn
seunsinh
seunsnhi
seunsnih
seushinn
seushnin
seushnni
seusihnn
seusinhn
seusinnh
seusnhin
seusnhni
seusnihn
seusninh
seusnnhi
seusnnih
sheinnsu
sheinnus
sheinsnu
sheinsun
sheinuns
sheinusn
sheisnnu
sheisnun
sheisunn
sheiunns
sheiunsn
sheiusnn
sheninsu
sheninus
shenisnu
shenisun
sheniuns
sheniusn
shennisu
shennius
shennsiu
shennsui
shennuis
shennusi
shensinu
shensiun
shensniu
shensnui
shensuin
shensuni
shenuins
shenuisn
shenunis
shenunsi
shenusin
shenusni
shesinnu
shesinun
shesiunn
shesninu
shesniun
shesnniu
shesnnui
shesnuin
shesnuni
shesuinn
shesunin
shesunni
sheuinns
sheuinsn
sheuisnn
sheunins
sheunisn
sheunnis
sheunnsi
sheunsin
sheunsni
sheusinn
sheusnin
sheusnni
shiennsu
shiennus
shiensnu
shiensun
shienuns
shienusn
shiesnnu
shiesnun
shiesunn
shieunns
shieunsn
shieusnn
shinensu
shinenus
shinesnu
shinesun
shineuns
shineusn
shinnesu
shinneus
shinnseu
shinnsue
shinnues
shinnuse
shinsenu
shinseun
shinsneu
shinsnue
shinsuen
shinsune
shinuens
shinuesn
shinunes
shinunse
shinusen
shinusne
shisennu
shisenun
shiseunn
shisnenu
shisneun
shisnneu
shisnnue
shisnuen
shisnune
shisuenn
shisunen
shisunne
shiuenns
shiuensn
shiuesnn
shiunens
shiunesn
shiunnes
shiunnse
shiunsen
shiunsne
shiusenn
shiusnen
shiusnne
shneinsu
shneinus
shneisnu
shneisun
shneiuns
shneiusn
shnenisu
shnenius
shnensiu
shnensui
shnenuis
shnenusi
shnesinu
shnesiun
shnesniu
shnesnui
shnesuin
shnesuni
shneuins
shneuisn
shneunis
shneunsi
shneusin
shneusni
shniensu
shnienus
shniesnu
shniesun
shnieuns
shnieusn
shninesu
shnineus
shninseu
shninsue
shninues
shninuse
shnisenu
shniseun
shnisneu
shnisnue
shnisuen
shnisune
shniuens
shniuesn
shniunes
shniunse
shniusen
shniusne
shnneisu
shnneius
shnnesiu
shnnesui
shnneuis
shnneusi
shnniesu
shnnieus
shnniseu
shnnisue
shnniues
shnniuse
shnnseiu
shnnseui
shnnsieu
shnnsiue
shnnsuei
shnnsuie
shnnueis
shnnuesi
shnnuies
shnnuise
shnnusei
shnnusie
shnseinu
shnseiun
shnseniu
shnsenui
shnseuin
shnseuni
shnsienu
shnsieun
shnsineu
shnsinue
shnsiuen
shnsiune
shnsneiu
shnsneui
shnsnieu
shnsniue
shnsnuei
shnsnuie
shnsuein
shnsueni
shnsuien
shnsuine
shnsunei
shnsunie
shnueins
shnueisn
shnuenis
shnuensi
shnuesin
shnuesni
shnuiens
shnuiesn
shnuines
shnuinse
shnuisen
shnuisne
shnuneis
shnunesi
shnunies
shnunise
shnunsei
shnunsie
shnusein
shnuseni
shnusien
shnusine
shnusnei
shnusnie
shseinnu
shseinun
shseiunn
shseninu
shseniun
shsenniu
shsennui
shsenuin
shsenuni
shseuinn
shseunin
shseunni
shsiennu
shsienun
shsieunn
shsinenu
shsineun
shsinneu
shsinnue
shsinuen
shsinune
shsiuenn
shsiunen
shsiunne
shsneinu
shsneiun
shsneniu
shsnenui
shsneuin
shsneuni
shsnienu
shsnieun
shsnineu
shsninue
shsniuen
shsniune
shsnneiu
shsnneui
shsnnieu
shsnniue
shsnnuei
shsnnuie
shsnuein
shsnueni
shsnuien
shsnuine
shsnunei
shsnunie
shsueinn
shsuenin
shsuenni
shsuienn
shsuinen
shsuinne
shsunein
shsuneni
shsunien
shsunine
shsunnei
shsunnie
shueinns
shueinsn
shueisnn
shuenins
shuenisn
shuennis
shuennsi
shuensin
shuensni
shuesinn
shuesnin
shuesnni
shuienns
shuiensn
shuiesnn
shuinens
shuinesn
shuinnes
shuinnse
shuinsen
shuinsne
shuisenn
shuisnen
shuisnne
shuneins
shuneisn
shunenis
shunensi
shunesin
shunesni
shuniens
shuniesn
shunines
shuninse
shunisen
shunisne
shunneis
shunnesi
shunnies
shunnise
shunnsei
shunnsie
shunsein
shunseni
shunsien
shunsine
shunsnei
shunsnie
shuseinn
shusenin
shusenni
shusienn
shusinen
shusinne
shusnein
shusneni
shusnien
shusnine
shusnnei
shusnnie
siehnnsu
siehnnus
siehnsnu
siehnsun
siehnuns
siehnusn
siehsnnu
siehsnun
siehsunn
siehunns
siehunsn
siehusnn
sienhnsu
sienhnus
sienhsnu
sienhsun
sienhuns
sienhusn
siennhsu
siennhus
siennshu
siennsuh
siennuhs
siennush
sienshnu
sienshun
siensnhu
siensnuh
siensuhn
siensunh
sienuhns
sienuhsn
sienunhs
sienunsh
sienushn
sienusnh
sieshnnu
sieshnun
sieshunn
siesnhnu
siesnhun
siesnnhu
siesnnuh
siesnuhn
siesnunh
siesuhnn
siesunhn
siesunnh
sieuhnns
sieuhnsn
sieuhsnn
sieunhns
sieunhsn
sieunnhs
sieunnsh
sieunshn
sieunsnh
sieushnn
sieusnhn
sieusnnh
sihennsu
sihennus
sihensnu
sihensun
sihenuns
sihenusn
sihesnnu
sihesnun
sihesunn
siheunns
siheunsn
siheusnn
sihnensu
sihnenus
sihnesnu
sihnesun
sihneuns
sihneusn
sihnnesu
sihnneus
sihnnseu
sihnnsue
sihnnues
sihnnuse
sihnsenu
sihnseun
sihnsneu
sihnsnue
sihnsuen
sihnsune
sihnuens
sihnuesn
sihnunes
sihnunse
sihnusen
sihnusne
sihsennu
sihsenun
sihseunn
sihsnenu
sihsneun
sihsnneu
sihsnnue
sihsnuen
sihsnune
sihsuenn
sihsunen
sihsunne
sihuenns
sihuensn
sihuesnn
sihunens
sihunesn
sihunnes
sihunnse
sihunsen
sihunsne
sihusenn
sihusnen
sihusnne
sinehnsu
sinehnus
sinehsnu
sinehsun
sinehuns
sinehusn
sinenhsu
sinenhus
sinenshu
sinensuh
sinenuhs
sinenush
sineshnu
sineshun
sinesnhu
sinesnuh
sinesuhn
sinesunh
sineuhns
sineuhsn
sineunhs
sineunsh
sineushn
sineusnh
sinhensu
sinhenus
sinhesnu
sinhesun
sinheuns
sinheusn
sinhnesu
sinhneus
sinhnseu
sinhnsue
sinhnues
sinhnuse
sinhsenu
sinhseun
sinhsneu
sinhsnue
sinhsuen
sinhsune
sinhuens
sinhuesn
sinhunes
sinhunse
sinhusen
sinhusne
sinnehsu
sinnehus
sinneshu
sinnesuh
sinneuhs
sinneush
sinnhesu
sinnheus
sinnhseu
sinnhsue
sinnhues
sinnhuse
sinnsehu
sinnseuh
sinnsheu
sinnshue
sinnsueh
sinnsuhe
sinnuehs
sinnuesh
sinnuhes
sinnuhse
sinnuseh
sinnushe
sinsehnu
sinsehun
sinsenhu
sinsenuh
sinseuhn
sinseunh
sinshenu
sinsheun
sinshneu
sinshnue
sinshuen
sinshune
sinsnehu
sinsneuh
sinsnheu
sinsnhue
sinsnueh
sinsnuhe
sinsuehn
sinsuenh
sinsuhen
sinsuhne
sinsuneh
sinsunhe
sinuehns
sinuehsn
sinuenhs
sinuensh
sinueshn
sinuesnh
sinuhens
sinuhesn
sinuhnes
sinuhnse
sinuhsen
sinuhsne
sinunehs
sinunesh
sinunhes
sinunhse
sinunseh
sinunshe
sinusehn
sinusenh
sinushen
sinushne
sinusneh
sinusnhe
sisehnnu
sisehnun
sisehunn
sisenhnu
sisenhun
sisennhu
sisennuh
sisenuhn
sisenunh
siseuhnn
siseunhn
siseunnh
sishennu
sishenun
sisheunn
sishnenu
sishneun
sishnneu
sishnnue
sishnuen
sishnune
sishuenn
sishunen
sishunne
sisnehnu
sisnehun
sisnenhu
sisnenuh
sisneuhn
sisneunh
sisnhenu
sisnheun
sisnhneu
sisnhnue
sisnhuen
sisnhune
sisnnehu
sisnneuh
sisnnheu
sisnnhue
sisnnueh
sisnnuhe
sisnuehn
sisnuenh
sisnuhen
sisnuhne
sisnuneh
sisnunhe
sisuehnn
sisuenhn
sisuennh
sisuhenn
sisuhnen
sisuhnne
sisunehn
sisunenh
sisunhen
sisunhne
sisunneh
sisunnhe
siuehnns
siuehnsn
siuehsnn
siuenhns
siuenhsn
siuennhs
siuennsh
siuenshn
siuensnh
siueshnn
siuesnhn
siuesnnh
siuhenns
siuhensn
siuhesnn
siuhnens
siuhnesn
siuhnnes
siuhnnse
siuhnsen
siuhnsne
siuhsenn
siuhsnen
siuhsnne
siunehns
siunehsn
siunenhs
siunensh
siuneshn
siunesnh
siunhens
siunhesn
siunhnes
siunhnse
siunhsen
siunhsne
siunnehs
siunnesh
siunnhes
siunnhse
siunnseh
siunnshe
siunsehn
siunsenh
siunshen
siunshne
siunsneh
siunsnhe
siusehnn
siusenhn
siusennh
siushenn
siushnen
siushnne
siusnehn
siusnenh
siusnhen
siusnhne
siusnneh
siusnnhe
snehinsu
snehinus
snehisnu
snehisun
snehiuns
snehiusn
snehnisu
snehnius
snehnsiu
snehnsui
snehnuis
snehnusi
snehsinu
snehsiun
snehsniu
snehsnui
snehsuin
snehsuni
snehuins
snehuisn
snehunis
snehunsi
snehusin
snehusni
sneihnsu
sneihnus
sneihsnu
sneihsun
sneihuns
sneihusn
sneinhsu
sneinhus
sneinshu
sneinsuh
sneinuhs
sneinush
sneishnu
sneishun
sneisnhu
sneisnuh
sneisuhn
sneisunh
sneiuhns
sneiuhsn
sneiunhs
sneiunsh
sneiushn
sneiusnh
snenhisu
snenhius
snenhsiu
snenhsui
snenhuis
snenhusi
snenihsu
snenihus
snenishu
snenisuh
sneniuhs
sneniush
snenshiu
snenshui
snensihu
snensiuh
snensuhi
snensuih
snenuhis
snenuhsi
snenuihs
snenuish
snenushi
snenusih
sneshinu
sneshiun
sneshniu
sneshnui
sneshuin
sneshuni
snesihnu
snesihun
snesinhu
snesinuh
snesiuhn
snesiunh
snesnhiu
snesnhui
snesnihu
snesniuh
snesnuhi
snesnuih
snesuhin
snesuhni
snesuihn
snesuinh
snesunhi
snesunih
sneuhins
sneuhisn
sneuhnis
sneuhnsi
sneuhsin
sneuhsni
sneuihns
sneuihsn
sneuinhs
sneuinsh
sneuishn
sneuisnh
sneunhis
sneunhsi
sneunihs
sneunish
sneunshi
sneunsih
sneushin
sneushni
sneusihn
sneusinh
sneusnhi
sneusnih
snheinsu
snheinus
snheisnu
snheisun
snheiuns
snheiusn
snhenisu
snhenius
snhensiu
snhensui
snhenuis
snhenusi
snhesinu
snhesiun
snhesniu
snhesnui
snhesuin
snhesuni
snheuins
snheuisn
snheunis
snheunsi
snheusin
snheusni
snhiensu
snhienus
snhiesnu
snhiesun
snhieuns
snhieusn
snhinesu
snhineus
snhinseu
snhinsue
snhinues
snhinuse
snhisenu
snhiseun
snhisneu
snhisnue
snhisuen
snhisune
snhiuens
snhiuesn
snhiunes
snhiunse
snhiusen
snhiusne
snhneisu
snhneius
snhnesiu
snhnesui
snhneuis
snhneusi
snhniesu
snhnieus
snhniseu
snhnisue
snhniues
snhniuse
snhnseiu
snhnseui
snhnsieu
snhnsiue
snhnsuei
snhnsuie
snhnueis
snhnuesi
snhnuies
snhnuise
snhnusei
snhnusie
snhseinu
snhseiun
snhseniu
snhsenui
snhseuin
snhseuni
snhsienu
snhsieun
snhsineu
snhsinue
snhsiuen
snhsiune
snhsneiu
snhsneui
snhsnieu
snhsniue
snhsnuei
snhsnuie
snhsuein
snhsueni
snhsuien
snhsuine
snhsunei
snhsunie
snhueins
snhueisn
snhuenis
snhuensi
snhuesin
snhuesni
snhuiens
snhuiesn
snhuines
snhuinse
snhuisen
snhuisne
snhuneis
snhunesi
snhunies
snhunise
snhunsei
snhunsie
snhusein
snhuseni
snhusien
snhusine
snhusnei
snhusnie
sniehnsu
sniehnus
sniehsnu
sniehsun
sniehuns
sniehusn
snienhsu
snienhus
snienshu
sniensuh
snienuhs
snienush
snieshnu
snieshun
sniesnhu
sniesnuh
sniesuhn
sniesunh
snieuhns
snieuhsn
snieunhs
snieunsh
snieushn
snieusnh
snihensu
snihenus
snihesnu
snihesun
sniheuns
sniheusn
snihnesu
snihneus
snihnseu
snihnsue
snihnues
snihnuse
snihsenu
snihseun
snihsneu
snihsnue
snihsuen
snihsune
snihuens
snihuesn
snihunes
snihunse
snihusen
snihusne
sninehsu
sninehus
snineshu
sninesuh
snineuhs
snineush
sninhesu
sninheus
sninhseu
sninhsue
sninhues
sninhuse
sninsehu
sninseuh
sninsheu
sninshue
sninsueh
sninsuhe
sninuehs
sninuesh
sninuhes
sninuhse
sninuseh
sninushe
snisehnu
snisehun
snisenhu
snisenuh
sniseuhn
sniseunh
snishenu
snisheun
snishneu
snishnue
snishuen
snishune
snisnehu
snisneuh
snisnheu
snisnhue
snisnueh
snisnuhe
snisuehn
snisuenh
snisuhen
snisuhne
snisuneh
snisunhe
sniuehns
sniuehsn
sniuenhs
sniuensh
sniueshn
sniuesnh
sniuhens
sniuhesn
sniuhnes
sniuhnse
sniuhsen
sniuhsne
sniunehs
sniunesh
sniunhes
sniunhse
sniunseh
sniunshe
sniusehn
sniusenh
sniushen
sniushne
sniusneh
sniusnhe
snnehisu
snnehius
snnehsiu
snnehsui
snnehuis
snnehusi
snneihsu
snneihus
snneishu
snneisuh
snneiuhs
snneiush
snneshiu
snneshui
snnesihu
snnesiuh
snnesuhi
snnesuih
snneuhis
snneuhsi
snneuihs
snneuish
snneushi
snneusih
snnheisu
snnheius
snnhesiu
snnhesui
snnheuis
snnheusi
snnhiesu
snnhieus
snnhiseu
snnhisue
snnhiues
snnhiuse
snnhseiu
snnhseui
snnhsieu
snnhsiue
snnhsuei
snnhsuie
snnhueis
snnhuesi
snnhuies
snnhuise
snnhusei
snnhusie
snniehsu
snniehus
snnieshu
snniesuh
snnieuhs
snnieush
snnihesu
snniheus
snnihseu
snnihsue
snnihues
snnihuse
snnisehu
snniseuh
snnisheu
snnishue
snnisueh
snnisuhe
snniuehs
snniuesh
snniuhes
snniuhse
snniuseh
snniushe
snnsehiu
snnsehui
snnseihu
snnseiuh
snnseuhi
snnseuih
snnsheiu
snnsheui
snnshieu
snnshiue
snnshuei
snnshuie
snnsiehu
snnsieuh
snnsiheu
snnsihue
snnsiueh
snnsiuhe
snnsuehi
snnsueih
snnsuhei
snnsuhie
snnsuieh
snnsuihe
snnuehis
snnuehsi
snnueihs
snnueish
snnueshi
snnuesih
snnuheis
snnuhesi
snnuhies
snnuhise
snnuhsei
snnuhsie
snnuiehs
snnuiesh
snnuihes
snnuihse
snnuiseh
snnuishe
snnusehi
snnuseih
snnushei
snnushie
snnusieh
snnusihe
snsehinu
snsehiun
snsehniu
snsehnui
snsehuin
snsehuni
snseihnu
snseihun
snseinhu
snseinuh
snseiuhn
snseiunh
snsenhiu
snsenhui
snsenihu
snseniuh
snsenuhi
snsenuih
snseuhin
snseuhni
snseuihn
snseuinh
snseunhi
snseunih
snsheinu
snsheiun
snsheniu
snshenui
snsheuin
snsheuni
snshienu
snshieun
snshineu
snshinue
snshiuen
snshiune
snshneiu
snshneui
snshnieu
snshniue
snshnuei
snshnuie
snshuein
snshueni
snshuien
snshuine
snshunei
snshunie
snsiehnu
snsiehun
snsienhu
snsienuh
snsieuhn
snsieunh
snsihenu
snsiheun
snsihneu
snsihnue
snsihuen
snsihune
snsinehu
snsineuh
snsinheu
snsinhue
snsinueh
snsinuhe
snsiuehn
snsiuenh
snsiuhen
snsiuhne
snsiuneh
snsiunhe
snsnehiu
snsnehui
snsneihu
snsneiuh
snsneuhi
snsneuih
snsnheiu
snsnheui
snsnhieu
snsnhiue
snsnhuei
snsnhuie
snsniehu
snsnieuh
snsniheu
snsnihue
snsniueh
snsniuhe
snsnuehi
snsnueih
snsnuhei
snsnuhie
snsnuieh
snsnuihe
snsuehin
snsuehni
snsueihn
snsueinh
snsuenhi
snsuenih
snsuhein
snsuheni
snsuhien
snsuhine
snsuhnei
snsuhnie
snsuiehn
snsuienh
snsuihen
snsuihne
snsuineh
snsuinhe
snsunehi
snsuneih
snsunhei
snsunhie
snsunieh
snsunihe
snuehins
snuehisn
snuehnis
snuehnsi
snuehsin
snuehsni
snueihns
snueihsn
snueinhs
snueinsh
snueishn
snueisnh
snuenhis
snuenhsi
snuenihs
snuenish
snuenshi
snuensih
snueshin
snueshni
snuesihn
snuesinh
snuesnhi
snuesnih
snuheins
snuheisn
snuhenis
snuhensi
snuhesin
snuhesni
snuhiens
snuhiesn
snuhines
snuhinse
snuhisen
snuhisne
snuhneis
snuhnesi
snuhnies
snuhnise
snuhnsei
snuhnsie
snuhsein
snuhseni
snuhsien
snuhsine
snuhsnei
snuhsnie
snuiehns
snuiehsn
snuienhs
snuiensh
snuieshn
snuiesnh
snuihens
snuihesn
snuihnes
snuihnse
snuihsen
snuihsne
snuinehs
snuinesh
snuinhes
snuinhse
snuinseh
snuinshe
snuisehn
snuisenh
snuishen
snuishne
snuisneh
snuisnhe
snunehis
snunehsi
snuneihs
snuneish
snuneshi
snunesih
snunheis
snunhesi
snunhies
snunhise
snunhsei
snunhsie
snuniehs
snuniesh
snunihes
snunihse
snuniseh
snunishe
snunsehi
snunseih
snunshei
snunshie
snunsieh
snunsihe
snusehin
snusehni
snuseihn
snuseinh
snusenhi
snusenih
snushein
snusheni
snushien
snushine
snushnei
snushnie
snusiehn
snusienh
snusihen
snusihne
snusineh
snusinhe
snusnehi
snusneih
snusnhei
snusnhie
snusnieh
snusnihe
ssehinnu
ssehinun
ssehiunn
ssehninu
ssehniun
ssehnniu
ssehnnui
ssehnuin
ssehnuni
ssehuinn
ssehunin
ssehunni
sseihnnu
sseihnun
sseihunn
sseinhnu
sseinhun
sseinnhu
sseinnuh
sseinuhn
sseinunh
sseiuhnn
sseiunhn
sseiunnh
ssenhinu
ssenhiun
ssenhniu
ssenhnui
ssenhuin
ssenhuni
ssenihnu
ssenihun
sseninhu
sseninuh
sseniuhn
sseniunh
ssennhiu
ssennhui
ssennihu
ssenniuh
ssennuhi
ssennuih
ssenuhin
ssenuhni
ssenuihn
ssenuinh
ssenunhi
ssenunih
sseuhinn
sseuhnin
sseuhnni
sseuihnn
sseuinhn
sseuinnh
sseunhin
sseunhni
sseunihn
sseuninh
sseunnhi
sseunnih
ssheinnu
ssheinun
ssheiunn
ssheninu
ssheniun
sshenniu
sshennui
sshenuin
sshenuni
ssheuinn
ssheunin
ssheunni
sshiennu
sshienun
sshieunn
sshinenu
sshineun
sshinneu
sshinnue
sshinuen
sshinune
sshiuenn
sshiunen
sshiunne
sshneinu
sshneiun
sshneniu
sshnenui
sshneuin
sshneuni
sshnienu
sshnieun
sshnineu
sshninue
sshniuen
sshniune
sshnneiu
sshnneui
sshnnieu
sshnniue
sshnnuei
sshnnuie
sshnuein
sshnueni
sshnuien
sshnuine
sshnunei
sshnunie
sshueinn
sshuenin
sshuenni
sshuienn
sshuinen
sshuinne
sshunein
sshuneni
sshunien
sshunine
sshunnei
sshunnie
ssiehnnu
ssiehnun
ssiehunn
ssienhnu
ssienhun
ssiennhu
ssiennuh
ssienuhn
ssienunh
ssieuhnn
ssieunhn
ssieunnh
ssihennu
ssihenun
ssiheunn
ssihnenu
ssihneun
ssihnneu
ssihnnue
ssihnuen
ssihnune
ssihuenn
ssihunen
ssihunne
ssinehnu
ssinehun
ssinenhu
ssinenuh
ssineuhn
ssineunh
ssinhenu
ssinheun
ssinhneu
ssinhnue
ssinhuen
ssinhune
ssinnehu
ssinneuh
ssinnheu
ssinnhue
ssinnueh
ssinnuhe
ssinuehn
ssinuenh
ssinuhen
ssinuhne
ssinuneh
ssinunhe
ssiuehnn
ssiuenhn
ssiuennh
ssiuhenn
ssiuhnen
ssiuhnne
ssiunehn
ssiunenh
ssiunhen
ssiunhne
ssiunneh
ssiunnhe
ssnehinu
ssnehiun
ssnehniu
ssnehnui
ssnehuin
ssnehuni
ssneihnu
ssneihun
ssneinhu
ssneinuh
ssneiuhn
ssneiunh
ssnenhiu
ssnenhui
ssnenihu
ssneniuh
ssnenuhi
ssnenuih
ssneuhin
ssneuhni
ssneuihn
ssneuinh
ssneunhi
ssneunih
ssnheinu
ssnheiun
ssnheniu
ssnhenui
ssnheuin
ssnheuni
ssnhienu
ssnhieun
ssnhineu
ssnhinue
ssnhiuen
ssnhiune
ssnhneiu
ssnhneui
ssnhnieu
ssnhniue
ssnhnuei
ssnhnuie
ssnhuein
ssnhueni
ssnhuien
ssnhuine
ssnhunei
ssnhunie
ssniehnu
ssniehun
ssnienhu
ssnienuh
ssnieuhn
ssnieunh
ssnihenu
ssniheun
ssnihneu
ssnihnue
ssnihuen
ssnihune
ssninehu
ssnineuh
ssninheu
ssninhue
ssninueh
ssninuhe
ssniuehn
ssniuenh
ssniuhen
ssniuhne
ssniuneh
ssniunhe
ssnnehiu
ssnnehui
ssnneihu
ssnneiuh
ssnneuhi
ssnneuih
ssnnheiu
ssnnheui
ssnnhieu
ssnnhiue
ssnnhuei
ssnnhuie
ssnniehu
ssnnieuh
ssnniheu
ssnnihue
ssnniueh
ssnniuhe
ssnnuehi
ssnnueih
ssnnuhei
ssnnuhie
ssnnuieh
ssnnuihe
ssnuehin
ssnuehni
ssnueihn
ssnueinh
ssnuenhi
ssnuenih
ssnuhein
ssnuheni
ssnuhien
ssnuhine
ssnuhnei
ssnuhnie
ssnuiehn
ssnuienh
ssnuihen
ssnuihne
ssnuineh
ssnuinhe
ssnunehi
ssnuneih
ssnunhei
ssnunhie
ssnunieh
ssnunihe
ssuehinn
ssuehnin
ssuehnni
ssueihnn
ssueinhn
ssueinnh
ssuenhin
ssuenhni
ssuenihn
ssueninh
ssuennhi
ssuennih
ssuheinn
ssuhenin
ssuhenni
ssuhienn
ssuhinen
ssuhinne
ssuhnein
ssuhneni
ssuhnien
ssuhnine
ssuhnnei
ssuhnnie
ssuiehnn
ssuienhn
ssuiennh
ssuihenn
ssuihnen
ssuihnne
ssuinehn
ssuinenh
ssuinhen
ssuinhne
ssuinneh
ssuinnhe
ssunehin
ssunehni
ssuneihn
ssuneinh
ssunenhi
ssunenih
ssunhein
ssunheni
ssunhien
ssunhine
ssunhnei
ssunhnie
ssuniehn
ssunienh
ssunihen
ssunihne
ssunineh
ssuninhe
ssunnehi
ssunneih
ssunnhei
ssunnhie
ssunnieh
ssunnihe
suehinns
suehinsn
suehisnn
suehnins
suehnisn
suehnnis
suehnnsi
suehnsin
suehnsni
suehsinn
suehsnin
suehsnni
sueihnns
sueihnsn
sueihsnn
sueinhns
sueinhsn
sueinnhs
sueinnsh
sueinshn
sueinsnh
sueishnn
sueisnhn
sueisnnh
suenhins
suenhisn
suenhnis
suenhnsi
suenhsin
suenhsni
suenihns
suenihsn
sueninhs
sueninsh
suenishn
suenisnh
suennhis
suennhsi
suennihs
suennish
suennshi
suennsih
suenshin
suenshni
suensihn
suensinh
suensnhi
suensnih
sueshinn
sueshnin
sueshnni
suesihnn
suesinhn
suesinnh
suesnhin
suesnhni
suesnihn
suesninh
suesnnhi
suesnnih
suheinns
suheinsn
suheisnn
suhenins
suhenisn
suhennis
suhennsi
suhensin
suhensni
suhesinn
suhesnin
suhesnni
suhienns
suhiensn
suhiesnn
suhinens
suhinesn
suhinnes
suhinnse
suhinsen
suhinsne
suhisenn
suhisnen
suhisnne
suhneins
suhneisn
suhnenis
suhnensi
suhnesin
suhnesni
suhniens
suhniesn
suhnines
suhninse
suhnisen
suhnisne
suhnneis
suhnnesi
suhnnies
suhnnise
suhnnsei
suhnnsie
suhnsein
suhnseni
suhnsien
suhnsine
suhnsnei
suhnsnie
suhseinn
suhsenin
suhsenni
suhsienn
suhsinen
suhsinne
suhsnein
suhsneni
suhsnien
suhsnine
suhsnnei
suhsnnie
suiehnns
suiehnsn
suiehsnn
suienhns
suienhsn
suiennhs
suiennsh
suienshn
suiensnh
suieshnn
suiesnhn
suiesnnh
suihenns
suihensn
suihesnn
suihnens
suihnesn
suihnnes
suihnnse
suihnsen
suihnsne
suihsenn
suihsnen
suihsnne
suinehns
suinehsn
suinenhs
suinensh
suineshn
suinesnh
suinhens
suinhesn
suinhnes
suinhnse
suinhsen
suinhsne
suinnehs
suinnesh
suinnhes
suinnhse
suinnseh
suinnshe
suinsehn
suinsenh
suinshen
suinshne
suinsneh
suinsnhe
suisehnn
suisenhn
suisennh
suishenn
suishnen
suishnne
suisnehn
suisnenh
suisnhen
suisnhne
suisnneh
suisnnhe
sunehins
sunehisn
sunehnis
sunehnsi
sunehsin
sunehsni
suneihns
suneihsn
suneinhs
suneinsh
suneishn
suneisnh
sunenhis
sunenhsi
sunenihs
sunenish
sunenshi
sunensih
suneshin
suneshni
sunesihn
sunesinh
sunesnhi
sunesnih
sunheins
sunheisn
sunhenis
sunhensi
sunhesin
sunhesni
sunhiens
sunhiesn
sunhines
sunhinse
sunhisen
sunhisne
sunhneis
sunhnesi
sunhnies
sunhnise
sunhnsei
sunhnsie
sunhsein
sunhseni
sunhsien
sunhsine
sunhsnei
sunhsnie
suniehns
suniehsn
sunienhs
suniensh
sunieshn
suniesnh
sunihens
sunihesn
sunihnes
sunihnse
sunihsen
sunihsne
suninehs
suninesh
suninhes
suninhse
suninseh
suninshe
sunisehn
sunisenh
sunishen
sunishne
sunisneh
sunisnhe
sunnehis
sunnehsi
sunneihs
sunneish
sunneshi
sunnesih
sunnheis
sunnhesi
sunnhies
sunnhise
sunnhsei
sunnhsie
sunniehs
sunniesh
sunnihes
sunnihse
sunniseh
sunnishe
sunnsehi
sunnseih
sunnshei
sunnshie
sunnsieh
sunnsihe
sunsehin
sunsehni
sunseihn
sunseinh
sunsenhi
sunsenih
sunshein
sunsheni
sunshien
sunshine
sunshnei
sunshnie
sunsiehn
sunsienh
sunsihen
sunsihne
sunsineh
sunsinhe
sunsnehi
sunsneih
sunsnhei
sunsnhie
sunsnieh
sunsnihe
susehinn
susehnin
susehnni
suseihnn
suseinhn
suseinnh
susenhin
susenhni
susenihn
suseninh
susennhi
susennih
susheinn
sushenin
sushenni
sushienn
sushinen
sushinne
sushnein
sushneni
sushnien
sushnine
sushnnei
sushnnie
susiehnn
susienhn
susiennh
susihenn
susihnen
susihnne
susinehn
susinenh
susinhen
susinhne
susinneh
susinnhe
susnehin
susnehni
susneihn
susneinh
susnenhi
susnenih
susnhein
susnheni
susnhien
susnhine
susnhnei
susnhnie
susniehn
susnienh
susnihen
susnihne
susnineh
susninhe
susnnehi
susnneih
susnnhei
susnnhie
susnnieh
susnnihe
uehinnss
uehinsns
uehinssn
uehisnns
uehisnsn
uehissnn
uehninss
uehnisns
uehnissn
uehnniss
uehnnsis
uehnnssi
uehnsins
uehnsisn
uehnsnis
uehnsnsi
uehnssin
uehnssni
uehsinns
uehsinsn
uehsisnn
uehsnins
uehsnisn
uehsnnis
uehsnnsi
uehsnsin
uehsnsni
uehssinn
uehssnin
uehssnni
ueihnnss
ueihnsns
ueihnssn
ueihsnns
ueihsnsn
ueihssnn
ueinhnss
ueinhsns
ueinhssn
ueinnhss
ueinnshs
ueinnssh
ueinshns
ueinshsn
ueinsnhs
ueinsnsh
ueinsshn
ueinssnh
ueishnns
ueishnsn
ueishsnn
ueisnhns
ueisnhsn
ueisnnhs
ueisnnsh
ueisnshn
ueisnsnh
ueisshnn
ueissnhn
ueissnnh
uenhinss
uenhisns
uenhissn
uenhniss
uenhnsis
uenhnssi
uenhsins
uenhsisn
uenhsnis
uenhsnsi
uenhssin
uenhssni
uenihnss
uenihsns
uenihssn
ueninhss
ueninshs
ueninssh
uenishns
uenishsn
uenisnhs
uenisnsh
uenisshn
uenissnh
uennhiss
uennhsis
uennhssi
uennihss
uennishs
uennissh
uennshis
uennshsi
uennsihs
uennsish
uennsshi
uennssih
uenshins
uenshisn
uenshnis
uenshnsi
uenshsin
uenshsni
uensihns
uensihsn
uensinhs
uensinsh
uensishn
uensisnh
uensnhis
uensnhsi
uensnihs
uensnish
uensnshi
uensnsih
uensshin
uensshni
uenssihn
uenssinh
uenssnhi
uenssnih
ueshinns
ueshinsn
ueshisnn
ueshnins
ueshnisn
ueshnnis
ueshnnsi
ueshnsin
ueshnsni
ueshsinn
ueshsnin
ueshsnni
uesihnns
uesihnsn
uesihsnn
uesinhns
uesinhsn
uesinnhs
uesinnsh
uesinshn
uesinsnh
uesishnn
uesisnhn
uesisnnh
uesnhins
uesnhisn
uesnhnis
uesnhnsi
uesnhsin
uesnhsni
uesnihns
uesnihsn
uesninhs
uesninsh
uesnishn
uesnisnh
uesnnhis
uesnnhsi
uesnnihs
uesnnish
uesnnshi
uesnnsih
uesnshin
uesnshni
uesnsihn
uesnsinh
uesnsnhi
uesnsnih
uesshinn
uesshnin
uesshnni
uessihnn
uessinhn
uessinnh
uessnhin
uessnhni
uessnihn
uessninh
uessnnhi
uessnnih
uheinnss
uheinsns
uheinssn
uheisnns
uheisnsn
uheissnn
uheninss
uhenisns
uhenissn
uhenniss
uhennsis
uhennssi
uhensins
uhensisn
uhensnis
uhensnsi
uhenssin
uhenssni
uhesinns
uhesinsn
uhesisnn
uhesnins
uhesnisn
uhesnnis
uhesnnsi
uhesnsin
uhesnsni
uhessinn
uhessnin
uhessnni
uhiennss
uhiensns
uhienssn
uhiesnns
uhiesnsn
uhiessnn
uhinenss
uhinesns
uhinessn
uhinness
uhinnses
uhinnsse
uhinsens
uhinsesn
uhinsnes
uhinsnse
uhinssen
uhinssne
uhisenns
uhisensn
uhisesnn
uhisnens
uhisnesn
uhisnnes
uhisnnse
uhisnsen
uhisnsne
uhissenn
uhissnen
uhissnne
uhneinss
uhneisns
uhneissn
uhneniss
uhnensis
uhnenssi
uhnesins
uhnesisn
uhnesnis
uhnesnsi
uhnessin
uhnessni
uhnienss
uhniesns
uhniessn
uhniness
uhninses
uhninsse
uhnisens
uhnisesn
uhnisnes
uhnisnse
uhnissen
uhnissne
uhnneiss
uhnnesis
uhnnessi
uhnniess
uhnnises
uhnnisse
uhnnseis
uhnnsesi
uhnnsies
uhnnsise
uhnnssei
uhnnssie
uhnseins
uhnseisn
uhnsenis
uhnsensi
uhnsesin
uhnsesni
uhnsiens
uhnsiesn
uhnsines
uhnsinse
uhnsisen
uhnsisne
uhnsneis
uhnsnesi
uhnsnies
uhnsnise
uhnsnsei
uhnsnsie
uhnssein
uhnsseni
uhnssien
uhnssine
uhnssnei
uhnssnie
uhseinns
uhseinsn
uhseisnn
uhsenins
uhsenisn
uhsennis
uhsennsi
uhsensin
uhsensni
uhsesinn
uhsesnin
uhsesnni
uhsienns
uhsiensn
uhsiesnn
uhsinens
uhsinesn
uhsinnes
uhsinnse
uhsinsen
uhsinsne
uhsisenn
uhsisnen
uhsisnne
uhsneins
uhsneisn
uhsnenis
uhsnensi
uhsnesin
uhsnesni
uhsniens
uhsniesn
uhsnines
uhsninse
uhsnisen
uhsnisne
uhsnneis
uhsnnesi
uhsnnies
uhsnnise
uhsnnsei
uhsnnsie
uhsnsein
uhsnseni
uhsnsien
uhsnsine
uhsnsnei
uhsnsnie
uhsseinn
uhssenin
uhssenni
uhssienn
uhssinen
uhssinne
uhssnein
uhssneni
uhssnien
uhssnine
uhssnnei
uhssnnie
uiehnnss
uiehnsns
uiehnssn
uiehsnns
uiehsnsn
uiehssnn
uienhnss
uienhsns
uienhssn
uiennhss
uiennshs
uiennssh
uienshns
uienshsn
uiensnhs
uiensnsh
uiensshn
uienssnh
uieshnns
uieshnsn
uieshsnn
uiesnhns
uiesnhsn
uiesnnhs
uiesnnsh
uiesnshn
uiesnsnh
uiesshnn
uiessnhn
uiessnnh
uihennss
uihensns
uihenssn
uihesnns
uihesnsn
uihessnn
uihnenss
uihnesns
uihnessn
uihnness
uihnnses
uihnnsse
uihnsens
uihnsesn
uihnsnes
uihnsnse
uihnssen
uihnssne
uihsenns
uihsensn
uihsesnn
uihsnens
uihsnesn
uihsnnes
uihsnnse
uihsnsen
uihsnsne
uihssenn
uihssnen
uihssnne
uinehnss
uinehsns
uinehssn
uinenhss
uinenshs
uinenssh
uineshns
uineshsn
uinesnhs
uinesnsh
uinesshn
uinessnh
uinhenss
uinhesns
uinhessn
uinhness
uinhnses
uinhnsse
uinhsens
uinhsesn
uinhsnes
uinhsnse
uinhssen
uinhssne
uinnehss
uinneshs
uinnessh
uinnhess
uinnhses
uinnhsse
uinnsehs
uinnsesh
uinnshes
uinnshse
uinnsseh
uinnsshe
uinsehns
uinsehsn
uinsenhs
uinsensh
uinseshn
uinsesnh
uinshens
uinshesn
uinshnes
uinshnse
uinshsen
uinshsne
uinsnehs
uinsnesh
uinsnhes
uinsnhse
uinsnseh
uinsnshe
uinssehn
uinssenh
uinsshen
uinsshne
uinssneh
uinssnhe
uisehnns
uisehnsn
uisehsnn
uisenhns
uisenhsn
uisennhs
uisennsh
uisenshn
uisensnh
uiseshnn
uisesnhn
uisesnnh
uishenns
uishensn
uishesnn
uishnens
uishnesn
uishnnes
uishnnse
uishnsen
uishnsne
uishsenn
uishsnen
uishsnne
uisnehns
uisnehsn
uisnenhs
uisnensh
uisneshn
uisnesnh
uisnhens
uisnhesn
uisnhnes
uisnhnse
uisnhsen
uisnhsne
uisnnehs
uisnnesh
uisnnhes
uisnnhse
uisnnseh
uisnnshe
uisnsehn
uisnsenh
uisnshen
uisnshne
uisnsneh
uisnsnhe
uissehnn
uissenhn
uissennh
uisshenn
uisshnen
uisshnne
uissnehn
uissnenh
uissnhen
uissnhne
uissnneh
uissnnhe
unehinss
unehisns
unehissn
unehniss
unehnsis
unehnssi
unehsins
unehsisn
unehsnis
unehsnsi
unehssin
unehssni
uneihnss
uneihsns
uneihssn
uneinhss
uneinshs
uneinssh
uneishns
uneishsn
uneisnhs
uneisnsh
uneisshn
uneissnh
unenhiss
unenhsis
unenhssi
unenihss
unenishs
unenissh
unenshis
unenshsi
unensihs
unensish
unensshi
unenssih
uneshins
uneshisn
uneshnis
uneshnsi
uneshsin
uneshsni
unesihns
unesihsn
unesinhs
unesinsh
unesishn
unesisnh
unesnhis
unesnhsi
unesnihs
unesnish
unesnshi
unesnsih
unesshin
unesshni
unessihn
unessinh
unessnhi
unessnih
unheinss
unheisns
unheissn
unheniss
unhensis
unhenssi
unhesins
unhesisn
unhesnis
unhesnsi
unhessin
unhessni
unhienss
unhiesns
unhiessn
unhiness
unhinses
unhinsse
unhisens
unhisesn
unhisnes
unhisnse
unhissen
unhissne
unhneiss
unhnesis
unhnessi
unhniess
unhnises
unhnisse
unhnseis
unhnsesi
unhnsies
unhnsise
unhnssei
unhnssie
unhseins
unhseisn
unhsenis
unhsensi
unhsesin
unhsesni
unhsiens
unhsiesn
unhsines
unhsinse
unhsisen
unhsisne
unhsneis
unhsnesi
unhsnies
unhsnise
unhsnsei
unhsnsie
unhssein
unhsseni
unhssien
unhssine
unhssnei
unhssnie
uniehnss
uniehsns
uniehssn
unienhss
unienshs
unienssh
unieshns
unieshsn
uniesnhs
uniesnsh
uniesshn
uniessnh
unihenss
unihesns
unihessn
unihness
unihnses
unihnsse
unihsens
unihsesn
unihsnes
unihsnse
unihssen
unihssne
uninehss
unineshs
uninessh
uninhess
uninhses
uninhsse
uninsehs
uninsesh
uninshes
uninshse
uninsseh
uninsshe
unisehns
unisehsn
unisenhs
unisensh
uniseshn
unisesnh
unishens
unishesn
unishnes
unishnse
unishsen
unishsne
unisnehs
unisnesh
unisnhes
unisnhse
unisnseh
unisnshe
unissehn
unissenh
unisshen
unisshne
unissneh
unissnhe
unnehiss
unnehsis
unnehssi
unneihss
unneishs
unneissh
unneshis
unneshsi
unnesihs
unnesish
unnesshi
unnessih
unnheiss
unnhesis
unnhessi
unnhiess
unnhises
unnhisse
unnhseis
unnhsesi
unnhsies
unnhsise
unnhssei
unnhssie
unniehss
unnieshs
unniessh
unnihess
unnihses
unnihsse
unnisehs
unnisesh
unnishes
unnishse
unnisseh
unnisshe
unnsehis
unnsehsi
unnseihs
unnseish
unnseshi
unnsesih
unnsheis
unnshesi
unnshies
unnshise
unnshsei
unnshsie
unnsiehs
unnsiesh
unnsihes
unnsihse
unnsiseh
unnsishe
unnssehi
unnsseih
unnsshei
unnsshie
unnssieh
unnssihe
unsehins
unsehisn
unsehnis
unsehnsi
unsehsin
unsehsni
unseihns
unseihsn
unseinhs
unseinsh
unseishn
unseisnh
unsenhis
unsenhsi
unsenihs
unsenish
unsenshi
unsensih
unseshin
unseshni
unsesihn
unsesinh
unsesnhi
unsesnih
unsheins
unsheisn
unshenis
unshensi
unshesin
unshesni
unshiens
unshiesn
unshines
unshinse
unshisen
unshisne
unshneis
unshnesi
unshnies
unshnise
unshnsei
unshnsie
unshsein
unshseni
unshsien
unshsine
unshsnei
unshsnie
unsiehns
unsiehsn
unsienhs
unsiensh
unsieshn
unsiesnh
unsihens
unsihesn
unsihnes
unsihnse
unsihsen
unsihsne
unsinehs
unsinesh
unsinhes
unsinhse
unsinseh
unsinshe
unsisehn
unsisenh
unsishen
unsishne
unsisneh
unsisnhe
unsnehis
unsnehsi
unsneihs
unsneish
unsneshi
unsnesih
unsnheis
unsnhesi
unsnhies
unsnhise
unsnhsei
unsnhsie
unsniehs
unsniesh
unsnihes
unsnihse
unsniseh
unsnishe
unsnsehi
unsnseih
unsnshei
unsnshie
unsnsieh
unsnsihe
unssehin
unssehni
unsseihn
unsseinh
unssenhi
unssenih
unsshein
unssheni
unsshien
unsshine
unsshnei
unsshnie
unssiehn
unssienh
unssihen
unssihne
unssineh
unssinhe
unssnehi
unssneih
unssnhei
unssnhie
unssnieh
unssnihe
usehinns
usehinsn
usehisnn
usehnins
usehnisn
usehnnis
usehnnsi
usehnsin
usehnsni
usehsinn
usehsnin
usehsnni
useihnns
useihnsn
useihsnn
useinhns
useinhsn
useinnhs
useinnsh
useinshn
useinsnh
useishnn
useisnhn
useisnnh
usenhins
usenhisn
usenhnis
usenhnsi
usenhsin
usenhsni
usenihns
usenihsn
useninhs
useninsh
usenishn
usenisnh
usennhis
usennhsi
usennihs
usennish
usennshi
usennsih
usenshin
usenshni
usensihn
usensinh
usensnhi
usensnih
useshinn
useshnin
useshnni
usesihnn
usesinhn
usesinnh
usesnhin
usesnhni
usesnihn
usesninh
usesnnhi
usesnnih
usheinns
usheinsn
usheisnn
ushenins
ushenisn
ushennis
ushennsi
ushensin
ushensni
ushesinn
ushesnin
ushesnni
ushienns
ushiensn
ushiesnn
ushinens
ushinesn
ushinnes
ushinnse
ushinsen
ushinsne
ushisenn
ushisnen
ushisnne
ushneins
ushneisn
ushnenis
ushnensi
ushnesin
ushnesni
ushniens
ushniesn
ushnines
ushninse
ushnisen
ushnisne
ushnneis
ushnnesi
ushnnies
ushnnise
ushnnsei
ushnnsie
ushnsein
ushnseni
ushnsien
ushnsine
ushnsnei
ushnsnie
ushseinn
ushsenin
ushsenni
ushsienn
ushsinen
ushsinne
ushsnein
ushsneni
ushsnien
ushsnine
ushsnnei
ushsnnie
usiehnns
usiehnsn
usiehsnn
usienhns
usienhsn
usiennhs
usiennsh
usienshn
usiensnh
usieshnn
usiesnhn
usiesnnh
usihenns
usihensn
usihesnn
usihnens
usihnesn
usihnnes
usihnnse
usihnsen
usihnsne
usihsenn
usihsnen
usihsnne
usinehns
usinehsn
usinenhs
usinensh
usineshn
usinesnh
usinhens
usinhesn
usinhnes
usinhnse
usinhsen
usinhsne
usinnehs
usinnesh
usinnhes
usinnhse
usinnseh
usinnshe
usinsehn
usinsenh
usinshen
usinshne
usinsneh
usinsnhe
usisehnn
usisenhn
usisennh
usishenn
usishnen
usishnne
usisnehn
usisnenh
usisnhen
usisnhne
usisnneh
usisnnhe
usnehins
usnehisn
usnehnis
usnehnsi
usnehsin
usnehsni
usneihns
usneihsn
usneinhs
usneinsh
usneishn
usneisnh
usnenhis
usnenhsi
usnenihs
usnenish
usnenshi
usnensih
usneshin
usneshni
usnesihn
usnesinh
usnesnhi
usnesnih
usnheins
usnheisn
usnhenis
usnhensi
usnhesin
usnhesni
usnhiens
usnhiesn
usnhines
usnhinse
usnhisen
usnhisne
usnhneis
usnhnesi
usnhnies
usnhnise
usnhnsei
usnhnsie
usnhsein
usnhseni
usnhsien
usnhsine
usnhsnei
usnhsnie
usniehns
usniehsn
usnienhs
usniensh
usnieshn
usniesnh
usnihens
usnihesn
usnihnes
usnihnse
usnihsen
usnihsne
usninehs
usninesh
usninhes
usninhse
usninseh
usninshe
usnisehn
usnisenh
usnishen
usnishne
usnisneh
usnisnhe
usnnehis
usnnehsi
usnneihs
usnneish
usnneshi
usnnesih
usnnheis
usnnhesi
usnnhies
usnnhise
usnnhsei
usnnhsie
usnniehs
usnniesh
usnnihes
usnnihse
usnniseh
usnnishe
usnnsehi
usnnseih
usnnshei
usnnshie
usnnsieh
usnnsihe
usnsehin
usnsehni
usnseihn
usnseinh
usnsenhi
usnsenih
usnshein
usnsheni
usnshien
usnshine
usnshnei
usnshnie
usnsiehn
usnsienh
usnsihen
usnsihne
usnsineh
usnsinhe
usnsnehi
usnsneih
usnsnhei
usnsnhie
usnsnieh
usnsnihe
ussehinn
ussehnin
ussehnni
usseihnn
usseinhn
usseinnh
ussenhin
ussenhni
ussenihn
usseninh
ussennhi
ussennih
ussheinn
usshenin
usshenni
usshienn
usshinen
usshinne
usshnein
usshneni
usshnien
usshnine
usshnnei
usshnnie
ussiehnn
ussienhn
ussiennh
ussihenn
ussihnen
ussihnne
ussinehn
ussinenh
ussinhen
ussinhne
ussinneh
ussinnhe
ussnehin
ussnehni
ussneihn
ussneinh
ussnenhi
ussnenih
ussnhein
ussnheni
ussnhien
ussnhine
ussnhnei
ussnhnie
ussniehn
ussnienh
ussnihen
ussnihne
ussnineh
ussninhe
ussnnehi
ussnneih
ussnnhei
ussnnhie
ussnnieh
ussnnihe

