JOB 10 ANAGRAMS => 5040 anagrams
abinorw
abinowr
abinrow
abinrwo
abinwor
abinwro
abionrw
abionwr
abiornw
abiorwn
abiownr
abiowrn
abirnow
abirnwo
abironw
abirown
abirwno
abirwon
abiwnor
abiwnro
abiwonr
abiworn
abiwrno
abiwron
abniorw
abniowr
abnirow
abnirwo
abniwor
abniwro
abnoirw
abnoiwr
abnoriw
abnorwi
abnowir
abnowri
abnriow
abnriwo
abnroiw
abnrowi
abnrwio
abnrwoi
abnwior
abnwiro
abnwoir
abnwori
abnwrio
abnwroi
aboinrw
aboinwr
aboirnw
aboirwn
aboiwnr
aboiwrn
abonirw
aboniwr
abonriw
abonrwi
abonwir
abonwri
aborinw
aboriwn
aborniw
abornwi
aborwin
aborwni
abowinr
abowirn
abownir
abownri
abowrin
abowrni
abrinow
abrinwo
abrionw
abriown
abriwno
abriwon
abrniow
abrniwo
abrnoiw
abrnowi
abrnwio
abrnwoi
abroinw
abroiwn
abroniw
abronwi
abrowin
abrowni
abrwino
abrwion
abrwnio
abrwnoi
abrwoin
abrwoni
abwinor
abwinro
abwionr
abwiorn
abwirno
abwiron
abwnior
abwniro
abwnoir
abwnori
abwnrio
abwnroi
abwoinr
abwoirn
abwonir
abwonri
abworin
abworni
abwrino
abwrion
abwrnio
abwrnoi
abwroin
abwroni
aibnorw
aibnowr
aibnrow
aibnrwo
aibnwor
aibnwro
aibonrw
aibonwr
aibornw
aiborwn
aibownr
aibowrn
aibrnow
aibrnwo
aibronw
aibrown
aibrwno
aibrwon
aibwnor
aibwnro
aibwonr
aibworn
aibwrno
aibwron
ainborw
ainbowr
ainbrow
ainbrwo
ainbwor
ainbwro
ainobrw
ainobwr
ainorbw
ainorwb
ainowbr
ainowrb
ainrbow
ainrbwo
ainrobw
ainrowb
ainrwbo
ainrwob
ainwbor
ainwbro
ainwobr
ainworb
ainwrbo
ainwrob
aiobnrw
aiobnwr
aiobrnw
aiobrwn
aiobwnr
aiobwrn
aionbrw
aionbwr
aionrbw
aionrwb
aionwbr
aionwrb
aiorbnw
aiorbwn
aiornbw
aiornwb
aiorwbn
aiorwnb
aiowbnr
aiowbrn
aiownbr
aiownrb
aiowrbn
aiowrnb
airbnow
airbnwo
airbonw
airbown
airbwno
airbwon
airnbow
airnbwo
airnobw
airnowb
airnwbo
airnwob
airobnw
airobwn
aironbw
aironwb
airowbn
airownb
airwbno
airwbon
airwnbo
airwnob
airwobn
airwonb
aiwbnor
aiwbnro
aiwbonr
aiwborn
aiwbrno
aiwbron
aiwnbor
aiwnbro
aiwnobr
aiwnorb
aiwnrbo
aiwnrob
aiwobnr
aiwobrn
aiwonbr
aiwonrb
aiworbn
aiwornb
aiwrbno
aiwrbon
aiwrnbo
aiwrnob
aiwrobn
aiwronb
anbiorw
anbiowr
anbirow
anbirwo
anbiwor
anbiwro
anboirw
anboiwr
anboriw
anborwi
anbowir
anbowri
anbriow
anbriwo
anbroiw
anbrowi
anbrwio
anbrwoi
anbwior
anbwiro
anbwoir
anbwori
anbwrio
anbwroi
aniborw
anibowr
anibrow
anibrwo
anibwor
anibwro
aniobrw
aniobwr
aniorbw
aniorwb
aniowbr
aniowrb
anirbow
anirbwo
anirobw
anirowb
anirwbo
anirwob
aniwbor
aniwbro
aniwobr
aniworb
aniwrbo
aniwrob
anobirw
anobiwr
anobriw
anobrwi
anobwir
anobwri
anoibrw
anoibwr
anoirbw
anoirwb
anoiwbr
anoiwrb
anorbiw
anorbwi
anoribw
anoriwb
anorwbi
anorwib
anowbir
anowbri
anowibr
anowirb
anowrbi
anowrib
anrbiow
anrbiwo
anrboiw
anrbowi
anrbwio
anrbwoi
anribow
anribwo
anriobw
anriowb
anriwbo
anriwob
anrobiw
anrobwi
anroibw
anroiwb
anrowbi
anrowib
anrwbio
anrwboi
anrwibo
anrwiob
anrwobi
anrwoib
anwbior
anwbiro
anwboir
anwbori
anwbrio
anwbroi
anwibor
anwibro
anwiobr
anwiorb
anwirbo
anwirob
anwobir
anwobri
anwoibr
anwoirb
anworbi
anworib
anwrbio
anwrboi
anwribo
anwriob
anwrobi
anwroib
aobinrw
aobinwr
aobirnw
aobirwn
aobiwnr
aobiwrn
aobnirw
aobniwr
aobnriw
aobnrwi
aobnwir
aobnwri
aobrinw
aobriwn
aobrniw
aobrnwi
aobrwin
aobrwni
aobwinr
aobwirn
aobwnir
aobwnri
aobwrin
aobwrni
aoibnrw
aoibnwr
aoibrnw
aoibrwn
aoibwnr
aoibwrn
aoinbrw
aoinbwr
aoinrbw
aoinrwb
aoinwbr
aoinwrb
aoirbnw
aoirbwn
aoirnbw
aoirnwb
aoirwbn
aoirwnb
aoiwbnr
aoiwbrn
aoiwnbr
aoiwnrb
aoiwrbn
aoiwrnb
aonbirw
aonbiwr
aonbriw
aonbrwi
aonbwir
aonbwri
aonibrw
aonibwr
aonirbw
aonirwb
aoniwbr
aoniwrb
aonrbiw
aonrbwi
aonribw
aonriwb
aonrwbi
aonrwib
aonwbir
aonwbri
aonwibr
aonwirb
aonwrbi
aonwrib
aorbinw
aorbiwn
aorbniw
aorbnwi
aorbwin
aorbwni
aoribnw
aoribwn
aorinbw
aorinwb
aoriwbn
aoriwnb
aornbiw
aornbwi
aornibw
aorniwb
aornwbi
aornwib
aorwbin
aorwbni
aorwibn
aorwinb
aorwnbi
aorwnib
aowbinr
aowbirn
aowbnir
aowbnri
aowbrin
aowbrni
aowibnr
aowibrn
aowinbr
aowinrb
aowirbn
aowirnb
aownbir
aownbri
aownibr
aownirb
aownrbi
aownrib
aowrbin
aowrbni
aowribn
aowrinb
aowrnbi
aowrnib
arbinow
arbinwo
arbionw
arbiown
arbiwno
arbiwon
arbniow
arbniwo
arbnoiw
arbnowi
arbnwio
arbnwoi
arboinw
arboiwn
arboniw
arbonwi
arbowin
arbowni
arbwino
arbwion
arbwnio
arbwnoi
arbwoin
arbwoni
aribnow
aribnwo
aribonw
aribown
aribwno
aribwon
arinbow
arinbwo
arinobw
arinowb
arinwbo
arinwob
ariobnw
ariobwn
arionbw
arionwb
ariowbn
ariownb
ariwbno
ariwbon
ariwnbo
ariwnob
ariwobn
ariwonb
arnbiow
arnbiwo
arnboiw
arnbowi
arnbwio
arnbwoi
arnibow
arnibwo
arniobw
arniowb
arniwbo
arniwob
arnobiw
arnobwi
arnoibw
arnoiwb
arnowbi
arnowib
arnwbio
arnwboi
arnwibo
arnwiob
arnwobi
arnwoib
arobinw
arobiwn
arobniw
arobnwi
arobwin
arobwni
aroibnw
aroibwn
aroinbw
aroinwb
aroiwbn
aroiwnb
aronbiw
aronbwi
aronibw
aroniwb
aronwbi
aronwib
arowbin
arowbni
arowibn
arowinb
arownbi
arownib
arwbino
arwbion
arwbnio
arwbnoi
arwboin
arwboni
arwibno
arwibon
arwinbo
arwinob
arwiobn
arwionb
arwnbio
arwnboi
arwnibo
arwniob
arwnobi
arwnoib
arwobin
arwobni
arwoibn
arwoinb
arwonbi
arwonib
awbinor
awbinro
awbionr
awbiorn
awbirno
awbiron
awbnior
awbniro
awbnoir
awbnori
awbnrio
awbnroi
awboinr
awboirn
awbonir
awbonri
awborin
awborni
awbrino
awbrion
awbrnio
awbrnoi
awbroin
awbroni
awibnor
awibnro
awibonr
awiborn
awibrno
awibron
awinbor
awinbro
awinobr
awinorb
awinrbo
awinrob
awiobnr
awiobrn
awionbr
awionrb
awiorbn
awiornb
awirbno
awirbon
awirnbo
awirnob
awirobn
awironb
awnbior
awnbiro
awnboir
awnbori
awnbrio
awnbroi
awnibor
awnibro
awniobr
awniorb
awnirbo
awnirob
awnobir
awnobri
awnoibr
awnoirb
awnorbi
awnorib
awnrbio
awnrboi
awnribo
awnriob
awnrobi
awnroib
awobinr
awobirn
awobnir
awobnri
awobrin
awobrni
awoibnr
awoibrn
awoinbr
awoinrb
awoirbn
awoirnb
awonbir
awonbri
awonibr
awonirb
awonrbi
awonrib
aworbin
aworbni
aworibn
aworinb
awornbi
awornib
awrbino
awrbion
awrbnio
awrbnoi
awrboin
awrboni
awribno
awribon
awrinbo
awrinob
awriobn
awrionb
awrnbio
awrnboi
awrnibo
awrniob
awrnobi
awrnoib
awrobin
awrobni
awroibn
awroinb
awronbi
awronib
bainorw
bainowr
bainrow
bainrwo
bainwor
bainwro
baionrw
baionwr
baiornw
baiorwn
baiownr
baiowrn
bairnow
bairnwo
baironw
bairown
bairwno
bairwon
baiwnor
baiwnro
baiwonr
baiworn
baiwrno
baiwron
baniorw
baniowr
banirow
banirwo
baniwor
baniwro
banoirw
banoiwr
banoriw
banorwi
banowir
banowri
banriow
banriwo
banroiw
banrowi
banrwio
banrwoi
banwior
banwiro
banwoir
banwori
banwrio
banwroi
baoinrw
baoinwr
baoirnw
baoirwn
baoiwnr
baoiwrn
baonirw
baoniwr
baonriw
baonrwi
baonwir
baonwri
baorinw
baoriwn
baorniw
baornwi
baorwin
baorwni
baowinr
baowirn
baownir
baownri
baowrin
baowrni
barinow
barinwo
barionw
bariown
bariwno
bariwon
barniow
barniwo
barnoiw
barnowi
barnwio
barnwoi
baroinw
baroiwn
baroniw
baronwi
barowin
barowni
barwino
barwion
barwnio
barwnoi
barwoin
barwoni
bawinor
bawinro
bawionr
bawiorn
bawirno
bawiron
bawnior
bawniro
bawnoir
bawnori
bawnrio
bawnroi
bawoinr
bawoirn
bawonir
bawonri
baworin
baworni
bawrino
bawrion
bawrnio
bawrnoi
bawroin
bawroni
bianorw
bianowr
bianrow
bianrwo
bianwor
bianwro
biaonrw
biaonwr
biaornw
biaorwn
biaownr
biaowrn
biarnow
biarnwo
biaronw
biarown
biarwno
biarwon
biawnor
biawnro
biawonr
biaworn
biawrno
biawron
binaorw
binaowr
binarow
binarwo
binawor
binawro
binoarw
binoawr
binoraw
binorwa
binowar
binowra
binraow
binrawo
binroaw
binrowa
binrwao
binrwoa
binwaor
binwaro
binwoar
binwora
binwrao
binwroa
bioanrw
bioanwr
bioarnw
bioarwn
bioawnr
bioawrn
bionarw
bionawr
bionraw
bionrwa
bionwar
bionwra
bioranw
biorawn
biornaw
biornwa
biorwan
biorwna
biowanr
biowarn
biownar
biownra
biowran
biowrna
biranow
biranwo
biraonw
biraown
birawno
birawon
birnaow
birnawo
birnoaw
birnowa
birnwao
birnwoa
biroanw
biroawn
bironaw
bironwa
birowan
birowna
birwano
birwaon
birwnao
birwnoa
birwoan
birwona
biwanor
biwanro
biwaonr
biwaorn
biwarno
biwaron
biwnaor
biwnaro
biwnoar
biwnora
biwnrao
biwnroa
biwoanr
biwoarn
biwonar
biwonra
biworan
biworna
biwrano
biwraon
biwrnao
biwrnoa
biwroan
biwrona
bnaiorw
bnaiowr
bnairow
bnairwo
bnaiwor
bnaiwro
bnaoirw
bnaoiwr
bnaoriw
bnaorwi
bnaowir
bnaowri
bnariow
bnariwo
bnaroiw
bnarowi
bnarwio
bnarwoi
bnawior
bnawiro
bnawoir
bnawori
bnawrio
bnawroi
bniaorw
bniaowr
bniarow
bniarwo
bniawor
bniawro
bnioarw
bnioawr
bnioraw
bniorwa
bniowar
bniowra
bniraow
bnirawo
bniroaw
bnirowa
bnirwao
bnirwoa
bniwaor
bniwaro
bniwoar
bniwora
bniwrao
bniwroa
bnoairw
bnoaiwr
bnoariw
bnoarwi
bnoawir
bnoawri
bnoiarw
bnoiawr
bnoiraw
bnoirwa
bnoiwar
bnoiwra
bnoraiw
bnorawi
bnoriaw
bnoriwa
bnorwai
bnorwia
bnowair
bnowari
bnowiar
bnowira
bnowrai
bnowria
bnraiow
bnraiwo
bnraoiw
bnraowi
bnrawio
bnrawoi
bnriaow
bnriawo
bnrioaw
bnriowa
bnriwao
bnriwoa
bnroaiw
bnroawi
bnroiaw
bnroiwa
bnrowai
bnrowia
bnrwaio
bnrwaoi
bnrwiao
bnrwioa
bnrwoai
bnrwoia
bnwaior
bnwairo
bnwaoir
bnwaori
bnwario
bnwaroi
bnwiaor
bnwiaro
bnwioar
bnwiora
bnwirao
bnwiroa
bnwoair
bnwoari
bnwoiar
bnwoira
bnworai
bnworia
bnwraio
bnwraoi
bnwriao
bnwrioa
bnwroai
bnwroia
boainrw
boainwr
boairnw
boairwn
boaiwnr
boaiwrn
boanirw
boaniwr
boanriw
boanrwi
boanwir
boanwri
boarinw
boariwn
boarniw
boarnwi
boarwin
boarwni
boawinr
boawirn
boawnir
boawnri
boawrin
boawrni
boianrw
boianwr
boiarnw
boiarwn
boiawnr
boiawrn
boinarw
boinawr
boinraw
boinrwa
boinwar
boinwra
boiranw
boirawn
boirnaw
boirnwa
boirwan
boirwna
boiwanr
boiwarn
boiwnar
boiwnra
boiwran
boiwrna
bonairw
bonaiwr
bonariw
bonarwi
bonawir
bonawri
boniarw
boniawr
boniraw
bonirwa
boniwar
boniwra
bonraiw
bonrawi
bonriaw
bonriwa
bonrwai
bonrwia
bonwair
bonwari
bonwiar
bonwira
bonwrai
bonwria
borainw
boraiwn
boraniw
boranwi
borawin
borawni
borianw
boriawn
borinaw
borinwa
boriwan
boriwna
bornaiw
bornawi
borniaw
borniwa
bornwai
bornwia
borwain
borwani
borwian
borwina
borwnai
borwnia
bowainr
bowairn
bowanir
bowanri
bowarin
bowarni
bowianr
bowiarn
bowinar
bowinra
bowiran
bowirna
bownair
bownari
bowniar
bownira
bownrai
bownria
bowrain
bowrani
bowrian
bowrina
bowrnai
bowrnia
brainow
brainwo
braionw
braiown
braiwno
braiwon
braniow
braniwo
branoiw
branowi
branwio
branwoi
braoinw
braoiwn
braoniw
braonwi
braowin
braowni
brawino
brawion
brawnio
brawnoi
brawoin
brawoni
brianow
brianwo
briaonw
briaown
briawno
briawon
brinaow
brinawo
brinoaw
brinowa
brinwao
brinwoa
brioanw
brioawn
brionaw
brionwa
briowan
briowna
briwano
briwaon
briwnao
briwnoa
briwoan
briwona
brnaiow
brnaiwo
brnaoiw
brnaowi
brnawio
brnawoi
brniaow
brniawo
brnioaw
brniowa
brniwao
brniwoa
brnoaiw
brnoawi
brnoiaw
brnoiwa
brnowai
brnowia
brnwaio
brnwaoi
brnwiao
brnwioa
brnwoai
brnwoia
broainw
broaiwn
broaniw
broanwi
broawin
broawni
broianw
broiawn
broinaw
broinwa
broiwan
broiwna
bronaiw
bronawi
broniaw
broniwa
bronwai
bronwia
browain
browani
browian
browina
brownai
brownia
brwaino
brwaion
brwanio
brwanoi
brwaoin
brwaoni
brwiano
brwiaon
brwinao
brwinoa
brwioan
brwiona
brwnaio
brwnaoi
brwniao
brwnioa
brwnoai
brwnoia
brwoain
brwoani
brwoian
brwoina
brwonai
brwonia
bwainor
bwainro
bwaionr
bwaiorn
bwairno
bwairon
bwanior
bwaniro
bwanoir
bwanori
bwanrio
bwanroi
bwaoinr
bwaoirn
bwaonir
bwaonri
bwaorin
bwaorni
bwarino
bwarion
bwarnio
bwarnoi
bwaroin
bwaroni
bwianor
bwianro
bwiaonr
bwiaorn
bwiarno
bwiaron
bwinaor
bwinaro
bwinoar
bwinora
bwinrao
bwinroa
bwioanr
bwioarn
bwionar
bwionra
bwioran
bwiorna
bwirano
bwiraon
bwirnao
bwirnoa
bwiroan
bwirona
bwnaior
bwnairo
bwnaoir
bwnaori
bwnario
bwnaroi
bwniaor
bwniaro
bwnioar
bwniora
bwnirao
bwniroa
bwnoair
bwnoari
bwnoiar
bwnoira
bwnorai
bwnoria
bwnraio
bwnraoi
bwnriao
bwnrioa
bwnroai
bwnroia
bwoainr
bwoairn
bwoanir
bwoanri
bwoarin
bwoarni
bwoianr
bwoiarn
bwoinar
bwoinra
bwoiran
bwoirna
bwonair
bwonari
bwoniar
bwonira
bwonrai
bwonria
bworain
bworani
bworian
bworina
bwornai
bwornia
bwraino
bwraion
bwranio
bwranoi
bwraoin
bwraoni
bwriano
bwriaon
bwrinao
bwrinoa
bwrioan
bwriona
bwrnaio
bwrnaoi
bwrniao
bwrnioa
bwrnoai
bwrnoia
bwroain
bwroani
bwroian
bwroina
bwronai
bwronia
iabnorw
iabnowr
iabnrow
iabnrwo
iabnwor
iabnwro
iabonrw
iabonwr
iabornw
iaborwn
iabownr
iabowrn
iabrnow
iabrnwo
iabronw
iabrown
iabrwno
iabrwon
iabwnor
iabwnro
iabwonr
iabworn
iabwrno
iabwron
ianborw
ianbowr
ianbrow
ianbrwo
ianbwor
ianbwro
ianobrw
ianobwr
ianorbw
ianorwb
ianowbr
ianowrb
ianrbow
ianrbwo
ianrobw
ianrowb
ianrwbo
ianrwob
ianwbor
ianwbro
ianwobr
ianworb
ianwrbo
ianwrob
iaobnrw
iaobnwr
iaobrnw
iaobrwn
iaobwnr
iaobwrn
iaonbrw
iaonbwr
iaonrbw
iaonrwb
iaonwbr
iaonwrb
iaorbnw
iaorbwn
iaornbw
iaornwb
iaorwbn
iaorwnb
iaowbnr
iaowbrn
iaownbr
iaownrb
iaowrbn
iaowrnb
iarbnow
iarbnwo
iarbonw
iarbown
iarbwno
iarbwon
iarnbow
iarnbwo
iarnobw
iarnowb
iarnwbo
iarnwob
iarobnw
iarobwn
iaronbw
iaronwb
iarowbn
iarownb
iarwbno
iarwbon
iarwnbo
iarwnob
iarwobn
iarwonb
iawbnor
iawbnro
iawbonr
iawborn
iawbrno
iawbron
iawnbor
iawnbro
iawnobr
iawnorb
iawnrbo
iawnrob
iawobnr
iawobrn
iawonbr
iawonrb
iaworbn
iawornb
iawrbno
iawrbon
iawrnbo
iawrnob
iawrobn
iawronb
ibanorw
ibanowr
ibanrow
ibanrwo
ibanwor
ibanwro
ibaonrw
ibaonwr
ibaornw
ibaorwn
ibaownr
ibaowrn
ibarnow
ibarnwo
ibaronw
ibarown
ibarwno
ibarwon
ibawnor
ibawnro
ibawonr
ibaworn
ibawrno
ibawron
ibnaorw
ibnaowr
ibnarow
ibnarwo
ibnawor
ibnawro
ibnoarw
ibnoawr
ibnoraw
ibnorwa
ibnowar
ibnowra
ibnraow
ibnrawo
ibnroaw
ibnrowa
ibnrwao
ibnrwoa
ibnwaor
ibnwaro
ibnwoar
ibnwora
ibnwrao
ibnwroa
iboanrw
iboanwr
iboarnw
iboarwn
iboawnr
iboawrn
ibonarw
ibonawr
ibonraw
ibonrwa
ibonwar
ibonwra
iboranw
iborawn
ibornaw
ibornwa
iborwan
iborwna
ibowanr
ibowarn
ibownar
ibownra
ibowran
ibowrna
ibranow
ibranwo
ibraonw
ibraown
ibrawno
ibrawon
ibrnaow
ibrnawo
ibrnoaw
ibrnowa
ibrnwao
ibrnwoa
ibroanw
ibroawn
ibronaw
ibronwa
ibrowan
ibrowna
ibrwano
ibrwaon
ibrwnao
ibrwnoa
ibrwoan
ibrwona
ibwanor
ibwanro
ibwaonr
ibwaorn
ibwarno
ibwaron
ibwnaor
ibwnaro
ibwnoar
ibwnora
ibwnrao
ibwnroa
ibwoanr
ibwoarn
ibwonar
ibwonra
ibworan
ibworna
ibwrano
ibwraon
ibwrnao
ibwrnoa
ibwroan
ibwrona
inaborw
inabowr
inabrow
inabrwo
inabwor
inabwro
inaobrw
inaobwr
inaorbw
inaorwb
inaowbr
inaowrb
inarbow
inarbwo
inarobw
inarowb
inarwbo
inarwob
inawbor
inawbro
inawobr
inaworb
inawrbo
inawrob
inbaorw
inbaowr
inbarow
inbarwo
inbawor
inbawro
inboarw
inboawr
inboraw
inborwa
inbowar
inbowra
inbraow
inbrawo
inbroaw
inbrowa
inbrwao
inbrwoa
inbwaor
inbwaro
inbwoar
inbwora
inbwrao
inbwroa
inoabrw
inoabwr
inoarbw
inoarwb
inoawbr
inoawrb
inobarw
inobawr
inobraw
inobrwa
inobwar
inobwra
inorabw
inorawb
inorbaw
inorbwa
inorwab
inorwba
inowabr
inowarb
inowbar
inowbra
inowrab
inowrba
inrabow
inrabwo
inraobw
inraowb
inrawbo
inrawob
inrbaow
inrbawo
inrboaw
inrbowa
inrbwao
inrbwoa
inroabw
inroawb
inrobaw
inrobwa
inrowab
inrowba
inrwabo
inrwaob
inrwbao
inrwboa
inrwoab
inrwoba
inwabor
inwabro
inwaobr
inwaorb
inwarbo
inwarob
inwbaor
inwbaro
inwboar
inwbora
inwbrao
inwbroa
inwoabr
inwoarb
inwobar
inwobra
inworab
inworba
inwrabo
inwraob
inwrbao
inwrboa
inwroab
inwroba
ioabnrw
ioabnwr
ioabrnw
ioabrwn
ioabwnr
ioabwrn
ioanbrw
ioanbwr
ioanrbw
ioanrwb
ioanwbr
ioanwrb
ioarbnw
ioarbwn
ioarnbw
ioarnwb
ioarwbn
ioarwnb
ioawbnr
ioawbrn
ioawnbr
ioawnrb
ioawrbn
ioawrnb
iobanrw
iobanwr
iobarnw
iobarwn
iobawnr
iobawrn
iobnarw
iobnawr
iobnraw
iobnrwa
iobnwar
iobnwra
iobranw
iobrawn
iobrnaw
iobrnwa
iobrwan
iobrwna
iobwanr
iobwarn
iobwnar
iobwnra
iobwran
iobwrna
ionabrw
ionabwr
ionarbw
ionarwb
ionawbr
ionawrb
ionbarw
ionbawr
ionbraw
ionbrwa
ionbwar
ionbwra
ionrabw
ionrawb
ionrbaw
ionrbwa
ionrwab
ionrwba
ionwabr
ionwarb
ionwbar
ionwbra
ionwrab
ionwrba
iorabnw
iorabwn
ioranbw
ioranwb
iorawbn
iorawnb
iorbanw
iorbawn
iorbnaw
iorbnwa
iorbwan
iorbwna
iornabw
iornawb
iornbaw
iornbwa
iornwab
iornwba
iorwabn
iorwanb
iorwban
iorwbna
iorwnab
iorwnba
iowabnr
iowabrn
iowanbr
iowanrb
iowarbn
iowarnb
iowbanr
iowbarn
iowbnar
iowbnra
iowbran
iowbrna
iownabr
iownarb
iownbar
iownbra
iownrab
iownrba
iowrabn
iowranb
iowrban
iowrbna
iowrnab
iowrnba
irabnow
irabnwo
irabonw
irabown
irabwno
irabwon
iranbow
iranbwo
iranobw
iranowb
iranwbo
iranwob
iraobnw
iraobwn
iraonbw
iraonwb
iraowbn
iraownb
irawbno
irawbon
irawnbo
irawnob
irawobn
irawonb
irbanow
irbanwo
irbaonw
irbaown
irbawno
irbawon
irbnaow
irbnawo
irbnoaw
irbnowa
irbnwao
irbnwoa
irboanw
irboawn
irbonaw
irbonwa
irbowan
irbowna
irbwano
irbwaon
irbwnao
irbwnoa
irbwoan
irbwona
irnabow
irnabwo
irnaobw
irnaowb
irnawbo
irnawob
irnbaow
irnbawo
irnboaw
irnbowa
irnbwao
irnbwoa
irnoabw
irnoawb
irnobaw
irnobwa
irnowab
irnowba
irnwabo
irnwaob
irnwbao
irnwboa
irnwoab
irnwoba
iroabnw
iroabwn
iroanbw
iroanwb
iroawbn
iroawnb
irobanw
irobawn
irobnaw
irobnwa
irobwan
irobwna
ironabw
ironawb
ironbaw
ironbwa
ironwab
ironwba
irowabn
irowanb
irowban
irowbna
irownab
irownba
irwabno
irwabon
irwanbo
irwanob
irwaobn
irwaonb
irwbano
irwbaon
irwbnao
irwbnoa
irwboan
irwbona
irwnabo
irwnaob
irwnbao
irwnboa
irwnoab
irwnoba
irwoabn
irwoanb
irwoban
irwobna
irwonab
irwonba
iwabnor
iwabnro
iwabonr
iwaborn
iwabrno
iwabron
iwanbor
iwanbro
iwanobr
iwanorb
iwanrbo
iwanrob
iwaobnr
iwaobrn
iwaonbr
iwaonrb
iwaorbn
iwaornb
iwarbno
iwarbon
iwarnbo
iwarnob
iwarobn
iwaronb
iwbanor
iwbanro
iwbaonr
iwbaorn
iwbarno
iwbaron
iwbnaor
iwbnaro
iwbnoar
iwbnora
iwbnrao
iwbnroa
iwboanr
iwboarn
iwbonar
iwbonra
iwboran
iwborna
iwbrano
iwbraon
iwbrnao
iwbrnoa
iwbroan
iwbrona
iwnabor
iwnabro
iwnaobr
iwnaorb
iwnarbo
iwnarob
iwnbaor
iwnbaro
iwnboar
iwnbora
iwnbrao
iwnbroa
iwnoabr
iwnoarb
iwnobar
iwnobra
iwnorab
iwnorba
iwnrabo
iwnraob
iwnrbao
iwnrboa
iwnroab
iwnroba
iwoabnr
iwoabrn
iwoanbr
iwoanrb
iwoarbn
iwoarnb
iwobanr
iwobarn
iwobnar
iwobnra
iwobran
iwobrna
iwonabr
iwonarb
iwonbar
iwonbra
iwonrab
iwonrba
iworabn
iworanb
iworban
iworbna
iwornab
iwornba
iwrabno
iwrabon
iwranbo
iwranob
iwraobn
iwraonb
iwrbano
iwrbaon
iwrbnao
iwrbnoa
iwrboan
iwrbona
iwrnabo
iwrnaob
iwrnbao
iwrnboa
iwrnoab
iwrnoba
iwroabn
iwroanb
iwroban
iwrobna
iwronab
iwronba
nabiorw
nabiowr
nabirow
nabirwo
nabiwor
nabiwro
naboirw
naboiwr
naboriw
naborwi
nabowir
nabowri
nabriow
nabriwo
nabroiw
nabrowi
nabrwio
nabrwoi
nabwior
nabwiro
nabwoir
nabwori
nabwrio
nabwroi
naiborw
naibowr
naibrow
naibrwo
naibwor
naibwro
naiobrw
naiobwr
naiorbw
naiorwb
naiowbr
naiowrb
nairbow
nairbwo
nairobw
nairowb
nairwbo
nairwob
naiwbor
naiwbro
naiwobr
naiworb
naiwrbo
naiwrob
naobirw
naobiwr
naobriw
naobrwi
naobwir
naobwri
naoibrw
naoibwr
naoirbw
naoirwb
naoiwbr
naoiwrb
naorbiw
naorbwi
naoribw
naoriwb
naorwbi
naorwib
naowbir
naowbri
naowibr
naowirb
naowrbi
naowrib
narbiow
narbiwo
narboiw
narbowi
narbwio
narbwoi
naribow
naribwo
nariobw
nariowb
nariwbo
nariwob
narobiw
narobwi
naroibw
naroiwb
narowbi
narowib
narwbio
narwboi
narwibo
narwiob
narwobi
narwoib
nawbior
nawbiro
nawboir
nawbori
nawbrio
nawbroi
nawibor
nawibro
nawiobr
nawiorb
nawirbo
nawirob
nawobir
nawobri
nawoibr
nawoirb
naworbi
naworib
nawrbio
nawrboi
nawribo
nawriob
nawrobi
nawroib
nbaiorw
nbaiowr
nbairow
nbairwo
nbaiwor
nbaiwro
nbaoirw
nbaoiwr
nbaoriw
nbaorwi
nbaowir
nbaowri
nbariow
nbariwo
nbaroiw
nbarowi
nbarwio
nbarwoi
nbawior
nbawiro
nbawoir
nbawori
nbawrio
nbawroi
nbiaorw
nbiaowr
nbiarow
nbiarwo
nbiawor
nbiawro
nbioarw
nbioawr
nbioraw
nbiorwa
nbiowar
nbiowra
nbiraow
nbirawo
nbiroaw
nbirowa
nbirwao
nbirwoa
nbiwaor
nbiwaro
nbiwoar
nbiwora
nbiwrao
nbiwroa
nboairw
nboaiwr
nboariw
nboarwi
nboawir
nboawri
nboiarw
nboiawr
nboiraw
nboirwa
nboiwar
nboiwra
nboraiw
nborawi
nboriaw
nboriwa
nborwai
nborwia
nbowair
nbowari
nbowiar
nbowira
nbowrai
nbowria
nbraiow
nbraiwo
nbraoiw
nbraowi
nbrawio
nbrawoi
nbriaow
nbriawo
nbrioaw
nbriowa
nbriwao
nbriwoa
nbroaiw
nbroawi
nbroiaw
nbroiwa
nbrowai
nbrowia
nbrwaio
nbrwaoi
nbrwiao
nbrwioa
nbrwoai
nbrwoia
nbwaior
nbwairo
nbwaoir
nbwaori
nbwario
nbwaroi
nbwiaor
nbwiaro
nbwioar
nbwiora
nbwirao
nbwiroa
nbwoair
nbwoari
nbwoiar
nbwoira
nbworai
nbworia
nbwraio
nbwraoi
nbwriao
nbwrioa
nbwroai
nbwroia
niaborw
niabowr
niabrow
niabrwo
niabwor
niabwro
niaobrw
niaobwr
niaorbw
niaorwb
niaowbr
niaowrb
niarbow
niarbwo
niarobw
niarowb
niarwbo
niarwob
niawbor
niawbro
niawobr
niaworb
niawrbo
niawrob
nibaorw
nibaowr
nibarow
nibarwo
nibawor
nibawro
niboarw
niboawr
niboraw
niborwa
nibowar
nibowra
nibraow
nibrawo
nibroaw
nibrowa
nibrwao
nibrwoa
nibwaor
nibwaro
nibwoar
nibwora
nibwrao
nibwroa
nioabrw
nioabwr
nioarbw
nioarwb
nioawbr
nioawrb
niobarw
niobawr
niobraw
niobrwa
niobwar
niobwra
niorabw
niorawb
niorbaw
niorbwa
niorwab
niorwba
niowabr
niowarb
niowbar
niowbra
niowrab
niowrba
nirabow
nirabwo
niraobw
niraowb
nirawbo
nirawob
nirbaow
nirbawo
nirboaw
nirbowa
nirbwao
nirbwoa
niroabw
niroawb
nirobaw
nirobwa
nirowab
nirowba
nirwabo
nirwaob
nirwbao
nirwboa
nirwoab
nirwoba
niwabor
niwabro
niwaobr
niwaorb
niwarbo
niwarob
niwbaor
niwbaro
niwboar
niwbora
niwbrao
niwbroa
niwoabr
niwoarb
niwobar
niwobra
niworab
niworba
niwrabo
niwraob
niwrbao
niwrboa
niwroab
niwroba
noabirw
noabiwr
noabriw
noabrwi
noabwir
noabwri
noaibrw
noaibwr
noairbw
noairwb
noaiwbr
noaiwrb
noarbiw
noarbwi
noaribw
noariwb
noarwbi
noarwib
noawbir
noawbri
noawibr
noawirb
noawrbi
noawrib
nobairw
nobaiwr
nobariw
nobarwi
nobawir
nobawri
nobiarw
nobiawr
nobiraw
nobirwa
nobiwar
nobiwra
nobraiw
nobrawi
nobriaw
nobriwa
nobrwai
nobrwia
nobwair
nobwari
nobwiar
nobwira
nobwrai
nobwria
noiabrw
noiabwr
noiarbw
noiarwb
noiawbr
noiawrb
noibarw
noibawr
noibraw
noibrwa
noibwar
noibwra
noirabw
noirawb
noirbaw
noirbwa
noirwab
noirwba
noiwabr
noiwarb
noiwbar
noiwbra
noiwrab
noiwrba
norabiw
norabwi
noraibw
noraiwb
norawbi
norawib
norbaiw
norbawi
norbiaw
norbiwa
norbwai
norbwia
noriabw
noriawb
noribaw
noribwa
noriwab
noriwba
norwabi
norwaib
norwbai
norwbia
norwiab
norwiba
nowabir
nowabri
nowaibr
nowairb
nowarbi
nowarib
nowbair
nowbari
nowbiar
nowbira
nowbrai
nowbria
nowiabr
nowiarb
nowibar
nowibra
nowirab
nowirba
nowrabi
nowraib
nowrbai
nowrbia
nowriab
nowriba
nrabiow
nrabiwo
nraboiw
nrabowi
nrabwio
nrabwoi
nraibow
nraibwo
nraiobw
nraiowb
nraiwbo
nraiwob
nraobiw
nraobwi
nraoibw
nraoiwb
nraowbi
nraowib
nrawbio
nrawboi
nrawibo
nrawiob
nrawobi
nrawoib
nrbaiow
nrbaiwo
nrbaoiw
nrbaowi
nrbawio
nrbawoi
nrbiaow
nrbiawo
nrbioaw
nrbiowa
nrbiwao
nrbiwoa
nrboaiw
nrboawi
nrboiaw
nrboiwa
nrbowai
nrbowia
nrbwaio
nrbwaoi
nrbwiao
nrbwioa
nrbwoai
nrbwoia
nriabow
nriabwo
nriaobw
nriaowb
nriawbo
nriawob
nribaow
nribawo
nriboaw
nribowa
nribwao
nribwoa
nrioabw
nrioawb
nriobaw
nriobwa
nriowab
nriowba
nriwabo
nriwaob
nriwbao
nriwboa
nriwoab
nriwoba
nroabiw
nroabwi
nroaibw
nroaiwb
nroawbi
nroawib
nrobaiw
nrobawi
nrobiaw
nrobiwa
nrobwai
nrobwia
nroiabw
nroiawb
nroibaw
nroibwa
nroiwab
nroiwba
nrowabi
nrowaib
nrowbai
nrowbia
nrowiab
nrowiba
nrwabio
nrwaboi
nrwaibo
nrwaiob
nrwaobi
nrwaoib
nrwbaio
nrwbaoi
nrwbiao
nrwbioa
nrwboai
nrwboia
nrwiabo
nrwiaob
nrwibao
nrwiboa
nrwioab
nrwioba
nrwoabi
nrwoaib
nrwobai
nrwobia
nrwoiab
nrwoiba
nwabior
nwabiro
nwaboir
nwabori
nwabrio
nwabroi
nwaibor
nwaibro
nwaiobr
nwaiorb
nwairbo
nwairob
nwaobir
nwaobri
nwaoibr
nwaoirb
nwaorbi
nwaorib
nwarbio
nwarboi
nwaribo
nwariob
nwarobi
nwaroib
nwbaior
nwbairo
nwbaoir
nwbaori
nwbario
nwbaroi
nwbiaor
nwbiaro
nwbioar
nwbiora
nwbirao
nwbiroa
nwboair
nwboari
nwboiar
nwboira
nwborai
nwboria
nwbraio
nwbraoi
nwbriao
nwbrioa
nwbroai
nwbroia
nwiabor
nwiabro
nwiaobr
nwiaorb
nwiarbo
nwiarob
nwibaor
nwibaro
nwiboar
nwibora
nwibrao
nwibroa
nwioabr
nwioarb
nwiobar
nwiobra
nwiorab
nwiorba
nwirabo
nwiraob
nwirbao
nwirboa
nwiroab
nwiroba
nwoabir
nwoabri
nwoaibr
nwoairb
nwoarbi
nwoarib
nwobair
nwobari
nwobiar
nwobira
nwobrai
nwobria
nwoiabr
nwoiarb
nwoibar
nwoibra
nwoirab
nwoirba
nworabi
nworaib
nworbai
nworbia
nworiab
nworiba
nwrabio
nwraboi
nwraibo
nwraiob
nwraobi
nwraoib
nwrbaio
nwrbaoi
nwrbiao
nwrbioa
nwrboai
nwrboia
nwriabo
nwriaob
nwribao
nwriboa
nwrioab
nwrioba
nwroabi
nwroaib
nwrobai
nwrobia
nwroiab
nwroiba
oabinrw
oabinwr
oabirnw
oabirwn
oabiwnr
oabiwrn
oabnirw
oabniwr
oabnriw
oabnrwi
oabnwir
oabnwri
oabrinw
oabriwn
oabrniw
oabrnwi
oabrwin
oabrwni
oabwinr
oabwirn
oabwnir
oabwnri
oabwrin
oabwrni
oaibnrw
oaibnwr
oaibrnw
oaibrwn
oaibwnr
oaibwrn
oainbrw
oainbwr
oainrbw
oainrwb
oainwbr
oainwrb
oairbnw
oairbwn
oairnbw
oairnwb
oairwbn
oairwnb
oaiwbnr
oaiwbrn
oaiwnbr
oaiwnrb
oaiwrbn
oaiwrnb
oanbirw
oanbiwr
oanbriw
oanbrwi
oanbwir
oanbwri
oanibrw
oanibwr
oanirbw
oanirwb
oaniwbr
oaniwrb
oanrbiw
oanrbwi
oanribw
oanriwb
oanrwbi
oanrwib
oanwbir
oanwbri
oanwibr
oanwirb
oanwrbi
oanwrib
oarbinw
oarbiwn
oarbniw
oarbnwi
oarbwin
oarbwni
oaribnw
oaribwn
oarinbw
oarinwb
oariwbn
oariwnb
oarnbiw
oarnbwi
oarnibw
oarniwb
oarnwbi
oarnwib
oarwbin
oarwbni
oarwibn
oarwinb
oarwnbi
oarwnib
oawbinr
oawbirn
oawbnir
oawbnri
oawbrin
oawbrni
oawibnr
oawibrn
oawinbr
oawinrb
oawirbn
oawirnb
oawnbir
oawnbri
oawnibr
oawnirb
oawnrbi
oawnrib
oawrbin
oawrbni
oawribn
oawrinb
oawrnbi
oawrnib
obainrw
obainwr
obairnw
obairwn
obaiwnr
obaiwrn
obanirw
obaniwr
obanriw
obanrwi
obanwir
obanwri
obarinw
obariwn
obarniw
obarnwi
obarwin
obarwni
obawinr
obawirn
obawnir
obawnri
obawrin
obawrni
obianrw
obianwr
obiarnw
obiarwn
obiawnr
obiawrn
obinarw
obinawr
obinraw
obinrwa
obinwar
obinwra
obiranw
obirawn
obirnaw
obirnwa
obirwan
obirwna
obiwanr
obiwarn
obiwnar
obiwnra
obiwran
obiwrna
obnairw
obnaiwr
obnariw
obnarwi
obnawir
obnawri
obniarw
obniawr
obniraw
obnirwa
obniwar
obniwra
obnraiw
obnrawi
obnriaw
obnriwa
obnrwai
obnrwia
obnwair
obnwari
obnwiar
obnwira
obnwrai
obnwria
obrainw
obraiwn
obraniw
obranwi
obrawin
obrawni
obrianw
obriawn
obrinaw
obrinwa
obriwan
obriwna
obrnaiw
obrnawi
obrniaw
obrniwa
obrnwai
obrnwia
obrwain
obrwani
obrwian
obrwina
obrwnai
obrwnia
obwainr
obwairn
obwanir
obwanri
obwarin
obwarni
obwianr
obwiarn
obwinar
obwinra
obwiran
obwirna
obwnair
obwnari
obwniar
obwnira
obwnrai
obwnria
obwrain
obwrani
obwrian
obwrina
obwrnai
obwrnia
oiabnrw
oiabnwr
oiabrnw
oiabrwn
oiabwnr
oiabwrn
oianbrw
oianbwr
oianrbw
oianrwb
oianwbr
oianwrb
oiarbnw
oiarbwn
oiarnbw
oiarnwb
oiarwbn
oiarwnb
oiawbnr
oiawbrn
oiawnbr
oiawnrb
oiawrbn
oiawrnb
oibanrw
oibanwr
oibarnw
oibarwn
oibawnr
oibawrn
oibnarw
oibnawr
oibnraw
oibnrwa
oibnwar
oibnwra
oibranw
oibrawn
oibrnaw
oibrnwa
oibrwan
oibrwna
oibwanr
oibwarn
oibwnar
oibwnra
oibwran
oibwrna
oinabrw
oinabwr
oinarbw
oinarwb
oinawbr
oinawrb
oinbarw
oinbawr
oinbraw
oinbrwa
oinbwar
oinbwra
oinrabw
oinrawb
oinrbaw
oinrbwa
oinrwab
oinrwba
oinwabr
oinwarb
oinwbar
oinwbra
oinwrab
oinwrba
oirabnw
oirabwn
oiranbw
oiranwb
oirawbn
oirawnb
oirbanw
oirbawn
oirbnaw
oirbnwa
oirbwan
oirbwna
oirnabw
oirnawb
oirnbaw
oirnbwa
oirnwab
oirnwba
oirwabn
oirwanb
oirwban
oirwbna
oirwnab
oirwnba
oiwabnr
oiwabrn
oiwanbr
oiwanrb
oiwarbn
oiwarnb
oiwbanr
oiwbarn
oiwbnar
oiwbnra
oiwbran
oiwbrna
oiwnabr
oiwnarb
oiwnbar
oiwnbra
oiwnrab
oiwnrba
oiwrabn
oiwranb
oiwrban
oiwrbna
oiwrnab
oiwrnba
onabirw
onabiwr
onabriw
onabrwi
onabwir
onabwri
onaibrw
onaibwr
onairbw
onairwb
onaiwbr
onaiwrb
onarbiw
onarbwi
onaribw
onariwb
onarwbi
onarwib
onawbir
onawbri
onawibr
onawirb
onawrbi
onawrib
onbairw
onbaiwr
onbariw
onbarwi
onbawir
onbawri
onbiarw
onbiawr
onbiraw
onbirwa
onbiwar
onbiwra
onbraiw
onbrawi
onbriaw
onbriwa
onbrwai
onbrwia
onbwair
onbwari
onbwiar
onbwira
onbwrai
onbwria
oniabrw
oniabwr
oniarbw
oniarwb
oniawbr
oniawrb
onibarw
onibawr
onibraw
onibrwa
onibwar
onibwra
onirabw
onirawb
onirbaw
onirbwa
onirwab
onirwba
oniwabr
oniwarb
oniwbar
oniwbra
oniwrab
oniwrba
onrabiw
onrabwi
onraibw
onraiwb
onrawbi
onrawib
onrbaiw
onrbawi
onrbiaw
onrbiwa
onrbwai
onrbwia
onriabw
onriawb
onribaw
onribwa
onriwab
onriwba
onrwabi
onrwaib
onrwbai
onrwbia
onrwiab
onrwiba
onwabir
onwabri
onwaibr
onwairb
onwarbi
onwarib
onwbair
onwbari
onwbiar
onwbira
onwbrai
onwbria
onwiabr
onwiarb
onwibar
onwibra
onwirab
onwirba
onwrabi
onwraib
onwrbai
onwrbia
onwriab
onwriba
orabinw
orabiwn
orabniw
orabnwi
orabwin
orabwni
oraibnw
oraibwn
orainbw
orainwb
oraiwbn
oraiwnb
oranbiw
oranbwi
oranibw
oraniwb
oranwbi
oranwib
orawbin
orawbni
orawibn
orawinb
orawnbi
orawnib
orbainw
orbaiwn
orbaniw
orbanwi
orbawin
orbawni
orbianw
orbiawn
orbinaw
orbinwa
orbiwan
orbiwna
orbnaiw
orbnawi
orbniaw
orbniwa
orbnwai
orbnwia
orbwain
orbwani
orbwian
orbwina
orbwnai
orbwnia
oriabnw
oriabwn
orianbw
orianwb
oriawbn
oriawnb
oribanw
oribawn
oribnaw
oribnwa
oribwan
oribwna
orinabw
orinawb
orinbaw
orinbwa
orinwab
orinwba
oriwabn
oriwanb
oriwban
oriwbna
oriwnab
oriwnba
ornabiw
ornabwi
ornaibw
ornaiwb
ornawbi
ornawib
ornbaiw
ornbawi
ornbiaw
ornbiwa
ornbwai
ornbwia
orniabw
orniawb
ornibaw
ornibwa
orniwab
orniwba
ornwabi
ornwaib
ornwbai
ornwbia
ornwiab
ornwiba
orwabin
orwabni
orwaibn
orwainb
orwanbi
orwanib
orwbain
orwbani
orwbian
orwbina
orwbnai
orwbnia
orwiabn
orwianb
orwiban
orwibna
orwinab
orwinba
orwnabi
orwnaib
orwnbai
orwnbia
orwniab
orwniba
owabinr
owabirn
owabnir
owabnri
owabrin
owabrni
owaibnr
owaibrn
owainbr
owainrb
owairbn
owairnb
owanbir
owanbri
owanibr
owanirb
owanrbi
owanrib
owarbin
owarbni
owaribn
owarinb
owarnbi
owarnib
owbainr
owbairn
owbanir
owbanri
owbarin
owbarni
owbianr
owbiarn
owbinar
owbinra
owbiran
owbirna
owbnair
owbnari
owbniar
owbnira
owbnrai
owbnria
owbrain
owbrani
owbrian
owbrina
owbrnai
owbrnia
owiabnr
owiabrn
owianbr
owianrb
owiarbn
owiarnb
owibanr
owibarn
owibnar
owibnra
owibran
owibrna
owinabr
owinarb
owinbar
owinbra
owinrab
owinrba
owirabn
owiranb
owirban
owirbna
owirnab
owirnba
ownabir
ownabri
ownaibr
ownairb
ownarbi
ownarib
ownbair
ownbari
ownbiar
ownbira
ownbrai
ownbria
owniabr
owniarb
ownibar
ownibra
ownirab
ownirba
ownrabi
ownraib
ownrbai
ownrbia
ownriab
ownriba
owrabin
owrabni
owraibn
owrainb
owranbi
owranib
owrbain
owrbani
owrbian
owrbina
owrbnai
owrbnia
owriabn
owrianb
owriban
owribna
owrinab
owrinba
owrnabi
owrnaib
owrnbai
owrnbia
owrniab
owrniba
rabinow
rabinwo
rabionw
rabiown
rabiwno
rabiwon
rabniow
rabniwo
rabnoiw
rabnowi
rabnwio
rabnwoi
raboinw
raboiwn
raboniw
rabonwi
rabowin
rabowni
rabwino
rabwion
rabwnio
rabwnoi
rabwoin
rabwoni
raibnow
raibnwo
raibonw
raibown
raibwno
raibwon
rainbow
rainbwo
rainobw
rainowb
rainwbo
rainwob
raiobnw
raiobwn
raionbw
raionwb
raiowbn
raiownb
raiwbno
raiwbon
raiwnbo
raiwnob
raiwobn
raiwonb
ranbiow
ranbiwo
ranboiw
ranbowi
ranbwio
ranbwoi
ranibow
ranibwo
raniobw
raniowb
raniwbo
raniwob
ranobiw
ranobwi
ranoibw
ranoiwb
ranowbi
ranowib
ranwbio
ranwboi
ranwibo
ranwiob
ranwobi
ranwoib
raobinw
raobiwn
raobniw
raobnwi
raobwin
raobwni
raoibnw
raoibwn
raoinbw
raoinwb
raoiwbn
raoiwnb
raonbiw
raonbwi
raonibw
raoniwb
raonwbi
raonwib
raowbin
raowbni
raowibn
raowinb
raownbi
raownib
rawbino
rawbion
rawbnio
rawbnoi
rawboin
rawboni
rawibno
rawibon
rawinbo
rawinob
rawiobn
rawionb
rawnbio
rawnboi
rawnibo
rawniob
rawnobi
rawnoib
rawobin
rawobni
rawoibn
rawoinb
rawonbi
rawonib
rbainow
rbainwo
rbaionw
rbaiown
rbaiwno
rbaiwon
rbaniow
rbaniwo
rbanoiw
rbanowi
rbanwio
rbanwoi
rbaoinw
rbaoiwn
rbaoniw
rbaonwi
rbaowin
rbaowni
rbawino
rbawion
rbawnio
rbawnoi
rbawoin
rbawoni
rbianow
rbianwo
rbiaonw
rbiaown
rbiawno
rbiawon
rbinaow
rbinawo
rbinoaw
rbinowa
rbinwao
rbinwoa
rbioanw
rbioawn
rbionaw
rbionwa
rbiowan
rbiowna
rbiwano
rbiwaon
rbiwnao
rbiwnoa
rbiwoan
rbiwona
rbnaiow
rbnaiwo
rbnaoiw
rbnaowi
rbnawio
rbnawoi
rbniaow
rbniawo
rbnioaw
rbniowa
rbniwao
rbniwoa
rbnoaiw
rbnoawi
rbnoiaw
rbnoiwa
rbnowai
rbnowia
rbnwaio
rbnwaoi
rbnwiao
rbnwioa
rbnwoai
rbnwoia
rboainw
rboaiwn
rboaniw
rboanwi
rboawin
rboawni
rboianw
rboiawn
rboinaw
rboinwa
rboiwan
rboiwna
rbonaiw
rbonawi
rboniaw
rboniwa
rbonwai
rbonwia
rbowain
rbowani
rbowian
rbowina
rbownai
rbownia
rbwaino
rbwaion
rbwanio
rbwanoi
rbwaoin
rbwaoni
rbwiano
rbwiaon
rbwinao
rbwinoa
rbwioan
rbwiona
rbwnaio
rbwnaoi
rbwniao
rbwnioa
rbwnoai
rbwnoia
rbwoain
rbwoani
rbwoian
rbwoina
rbwonai
rbwonia
riabnow
riabnwo
riabonw
riabown
riabwno
riabwon
rianbow
rianbwo
rianobw
rianowb
rianwbo
rianwob
riaobnw
riaobwn
riaonbw
riaonwb
riaowbn
riaownb
riawbno
riawbon
riawnbo
riawnob
riawobn
riawonb
ribanow
ribanwo
ribaonw
ribaown
ribawno
ribawon
ribnaow
ribnawo
ribnoaw
ribnowa
ribnwao
ribnwoa
riboanw
riboawn
ribonaw
ribonwa
ribowan
ribowna
ribwano
ribwaon
ribwnao
ribwnoa
ribwoan
ribwona
rinabow
rinabwo
rinaobw
rinaowb
rinawbo
rinawob
rinbaow
rinbawo
rinboaw
rinbowa
rinbwao
rinbwoa
rinoabw
rinoawb
rinobaw
rinobwa
rinowab
rinowba
rinwabo
rinwaob
rinwbao
rinwboa
rinwoab
rinwoba
rioabnw
rioabwn
rioanbw
rioanwb
rioawbn
rioawnb
riobanw
riobawn
riobnaw
riobnwa
riobwan
riobwna
rionabw
rionawb
rionbaw
rionbwa
rionwab
rionwba
riowabn
riowanb
riowban
riowbna
riownab
riownba
riwabno
riwabon
riwanbo
riwanob
riwaobn
riwaonb
riwbano
riwbaon
riwbnao
riwbnoa
riwboan
riwbona
riwnabo
riwnaob
riwnbao
riwnboa
riwnoab
riwnoba
riwoabn
riwoanb
riwoban
riwobna
riwonab
riwonba
rnabiow
rnabiwo
rnaboiw
rnabowi
rnabwio
rnabwoi
rnaibow
rnaibwo
rnaiobw
rnaiowb
rnaiwbo
rnaiwob
rnaobiw
rnaobwi
rnaoibw
rnaoiwb
rnaowbi
rnaowib
rnawbio
rnawboi
rnawibo
rnawiob
rnawobi
rnawoib
rnbaiow
rnbaiwo
rnbaoiw
rnbaowi
rnbawio
rnbawoi
rnbiaow
rnbiawo
rnbioaw
rnbiowa
rnbiwao
rnbiwoa
rnboaiw
rnboawi
rnboiaw
rnboiwa
rnbowai
rnbowia
rnbwaio
rnbwaoi
rnbwiao
rnbwioa
rnbwoai
rnbwoia
rniabow
rniabwo
rniaobw
rniaowb
rniawbo
rniawob
rnibaow
rnibawo
rniboaw
rnibowa
rnibwao
rnibwoa
rnioabw
rnioawb
rniobaw
rniobwa
rniowab
rniowba
rniwabo
rniwaob
rniwbao
rniwboa
rniwoab
rniwoba
rnoabiw
rnoabwi
rnoaibw
rnoaiwb
rnoawbi
rnoawib
rnobaiw
rnobawi
rnobiaw
rnobiwa
rnobwai
rnobwia
rnoiabw
rnoiawb
rnoibaw
rnoibwa
rnoiwab
rnoiwba
rnowabi
rnowaib
rnowbai
rnowbia
rnowiab
rnowiba
rnwabio
rnwaboi
rnwaibo
rnwaiob
rnwaobi
rnwaoib
rnwbaio
rnwbaoi
rnwbiao
rnwbioa
rnwboai
rnwboia
rnwiabo
rnwiaob
rnwibao
rnwiboa
rnwioab
rnwioba
rnwoabi
rnwoaib
rnwobai
rnwobia
rnwoiab
rnwoiba
roabinw
roabiwn
roabniw
roabnwi
roabwin
roabwni
roaibnw
roaibwn
roainbw
roainwb
roaiwbn
roaiwnb
roanbiw
roanbwi
roanibw
roaniwb
roanwbi
roanwib
roawbin
roawbni
roawibn
roawinb
roawnbi
roawnib
robainw
robaiwn
robaniw
robanwi
robawin
robawni
robianw
robiawn
robinaw
robinwa
robiwan
robiwna
robnaiw
robnawi
robniaw
robniwa
robnwai
robnwia
robwain
robwani
robwian
robwina
robwnai
robwnia
roiabnw
roiabwn
roianbw
roianwb
roiawbn
roiawnb
roibanw
roibawn
roibnaw
roibnwa
roibwan
roibwna
roinabw
roinawb
roinbaw
roinbwa
roinwab
roinwba
roiwabn
roiwanb
roiwban
roiwbna
roiwnab
roiwnba
ronabiw
ronabwi
ronaibw
ronaiwb
ronawbi
ronawib
ronbaiw
ronbawi
ronbiaw
ronbiwa
ronbwai
ronbwia
roniabw
roniawb
ronibaw
ronibwa
roniwab
roniwba
ronwabi
ronwaib
ronwbai
ronwbia
ronwiab
ronwiba
rowabin
rowabni
rowaibn
rowainb
rowanbi
rowanib
rowbain
rowbani
rowbian
rowbina
rowbnai
rowbnia
rowiabn
rowianb
rowiban
rowibna
rowinab
rowinba
rownabi
rownaib
rownbai
rownbia
rowniab
rowniba
rwabino
rwabion
rwabnio
rwabnoi
rwaboin
rwaboni
rwaibno
rwaibon
rwainbo
rwainob
rwaiobn
rwaionb
rwanbio
rwanboi
rwanibo
rwaniob
rwanobi
rwanoib
rwaobin
rwaobni
rwaoibn
rwaoinb
rwaonbi
rwaonib
rwbaino
rwbaion
rwbanio
rwbanoi
rwbaoin
rwbaoni
rwbiano
rwbiaon
rwbinao
rwbinoa
rwbioan
rwbiona
rwbnaio
rwbnaoi
rwbniao
rwbnioa
rwbnoai
rwbnoia
rwboain
rwboani
rwboian
rwboina
rwbonai
rwbonia
rwiabno
rwiabon
rwianbo
rwianob
rwiaobn
rwiaonb
rwibano
rwibaon
rwibnao
rwibnoa
rwiboan
rwibona
rwinabo
rwinaob
rwinbao
rwinboa
rwinoab
rwinoba
rwioabn
rwioanb
rwioban
rwiobna
rwionab
rwionba
rwnabio
rwnaboi
rwnaibo
rwnaiob
rwnaobi
rwnaoib
rwnbaio
rwnbaoi
rwnbiao
rwnbioa
rwnboai
rwnboia
rwniabo
rwniaob
rwnibao
rwniboa
rwnioab
rwnioba
rwnoabi
rwnoaib
rwnobai
rwnobia
rwnoiab
rwnoiba
rwoabin
rwoabni
rwoaibn
rwoainb
rwoanbi
rwoanib
rwobain
rwobani
rwobian
rwobina
rwobnai
rwobnia
rwoiabn
rwoianb
rwoiban
rwoibna
rwoinab
rwoinba
rwonabi
rwonaib
rwonbai
rwonbia
rwoniab
rwoniba
wabinor
wabinro
wabionr
wabiorn
wabirno
wabiron
wabnior
wabniro
wabnoir
wabnori
wabnrio
wabnroi
waboinr
waboirn
wabonir
wabonri
waborin
waborni
wabrino
wabrion
wabrnio
wabrnoi
wabroin
wabroni
waibnor
waibnro
waibonr
waiborn
waibrno
waibron
wainbor
wainbro
wainobr
wainorb
wainrbo
wainrob
waiobnr
waiobrn
waionbr
waionrb
waiorbn
waiornb
wairbno
wairbon
wairnbo
wairnob
wairobn
waironb
wanbior
wanbiro
wanboir
wanbori
wanbrio
wanbroi
wanibor
wanibro
waniobr
waniorb
wanirbo
wanirob
wanobir
wanobri
wanoibr
wanoirb
wanorbi
wanorib
wanrbio
wanrboi
wanribo
wanriob
wanrobi
wanroib
waobinr
waobirn
waobnir
waobnri
waobrin
waobrni
waoibnr
waoibrn
waoinbr
waoinrb
waoirbn
waoirnb
waonbir
waonbri
waonibr
waonirb
waonrbi
waonrib
waorbin
waorbni
waoribn
waorinb
waornbi
waornib
warbino
warbion
warbnio
warbnoi
warboin
warboni
waribno
waribon
warinbo
warinob
wariobn
warionb
warnbio
warnboi
warnibo
warniob
warnobi
warnoib
warobin
warobni
waroibn
waroinb
waronbi
waronib
wbainor
wbainro
wbaionr
wbaiorn
wbairno
wbairon
wbanior
wbaniro
wbanoir
wbanori
wbanrio
wbanroi
wbaoinr
wbaoirn
wbaonir
wbaonri
wbaorin
wbaorni
wbarino
wbarion
wbarnio
wbarnoi
wbaroin
wbaroni
wbianor
wbianro
wbiaonr
wbiaorn
wbiarno
wbiaron
wbinaor
wbinaro
wbinoar
wbinora
wbinrao
wbinroa
wbioanr
wbioarn
wbionar
wbionra
wbioran
wbiorna
wbirano
wbiraon
wbirnao
wbirnoa
wbiroan
wbirona
wbnaior
wbnairo
wbnaoir
wbnaori
wbnario
wbnaroi
wbniaor
wbniaro
wbnioar
wbniora
wbnirao
wbniroa
wbnoair
wbnoari
wbnoiar
wbnoira
wbnorai
wbnoria
wbnraio
wbnraoi
wbnriao
wbnrioa
wbnroai
wbnroia
wboainr
wboairn
wboanir
wboanri
wboarin
wboarni
wboianr
wboiarn
wboinar
wboinra
wboiran
wboirna
wbonair
wbonari
wboniar
wbonira
wbonrai
wbonria
wborain
wborani
wborian
wborina
wbornai
wbornia
wbraino
wbraion
wbranio
wbranoi
wbraoin
wbraoni
wbriano
wbriaon
wbrinao
wbrinoa
wbrioan
wbriona
wbrnaio
wbrnaoi
wbrniao
wbrnioa
wbrnoai
wbrnoia
wbroain
wbroani
wbroian
wbroina
wbronai
wbronia
wiabnor
wiabnro
wiabonr
wiaborn
wiabrno
wiabron
wianbor
wianbro
wianobr
wianorb
wianrbo
wianrob
wiaobnr
wiaobrn
wiaonbr
wiaonrb
wiaorbn
wiaornb
wiarbno
wiarbon
wiarnbo
wiarnob
wiarobn
wiaronb
wibanor
wibanro
wibaonr
wibaorn
wibarno
wibaron
wibnaor
wibnaro
wibnoar
wibnora
wibnrao
wibnroa
wiboanr
wiboarn
wibonar
wibonra
wiboran
wiborna
wibrano
wibraon
wibrnao
wibrnoa
wibroan
wibrona
winabor
winabro
winaobr
winaorb
winarbo
winarob
winbaor
winbaro
winboar
winbora
winbrao
winbroa
winoabr
winoarb
winobar
winobra
winorab
winorba
winrabo
winraob
winrbao
winrboa
winroab
winroba
wioabnr
wioabrn
wioanbr
wioanrb
wioarbn
wioarnb
wiobanr
wiobarn
wiobnar
wiobnra
wiobran
wiobrna
wionabr
wionarb
wionbar
wionbra
wionrab
wionrba
wiorabn
wioranb
wiorban
wiorbna
wiornab
wiornba
wirabno
wirabon
wiranbo
wiranob
wiraobn
wiraonb
wirbano
wirbaon
wirbnao
wirbnoa
wirboan
wirbona
wirnabo
wirnaob
wirnbao
wirnboa
wirnoab
wirnoba
wiroabn
wiroanb
wiroban
wirobna
wironab
wironba
wnabior
wnabiro
wnaboir
wnabori
wnabrio
wnabroi
wnaibor
wnaibro
wnaiobr
wnaiorb
wnairbo
wnairob
wnaobir
wnaobri
wnaoibr
wnaoirb
wnaorbi
wnaorib
wnarbio
wnarboi
wnaribo
wnariob
wnarobi
wnaroib
wnbaior
wnbairo
wnbaoir
wnbaori
wnbario
wnbaroi
wnbiaor
wnbiaro
wnbioar
wnbiora
wnbirao
wnbiroa
wnboair
wnboari
wnboiar
wnboira
wnborai
wnboria
wnbraio
wnbraoi
wnbriao
wnbrioa
wnbroai
wnbroia
wniabor
wniabro
wniaobr
wniaorb
wniarbo
wniarob
wnibaor
wnibaro
wniboar
wnibora
wnibrao
wnibroa
wnioabr
wnioarb
wniobar
wniobra
wniorab
wniorba
wnirabo
wniraob
wnirbao
wnirboa
wniroab
wniroba
wnoabir
wnoabri
wnoaibr
wnoairb
wnoarbi
wnoarib
wnobair
wnobari
wnobiar
wnobira
wnobrai
wnobria
wnoiabr
wnoiarb
wnoibar
wnoibra
wnoirab
wnoirba
wnorabi
wnoraib
wnorbai
wnorbia
wnoriab
wnoriba
wnrabio
wnraboi
wnraibo
wnraiob
wnraobi
wnraoib
wnrbaio
wnrbaoi
wnrbiao
wnrbioa
wnrboai
wnrboia
wnriabo
wnriaob
wnribao
wnriboa
wnrioab
wnrioba
wnroabi
wnroaib
wnrobai
wnrobia
wnroiab
wnroiba
woabinr
woabirn
woabnir
woabnri
woabrin
woabrni
woaibnr
woaibrn
woainbr
woainrb
woairbn
woairnb
woanbir
woanbri
woanibr
woanirb
woanrbi
woanrib
woarbin
woarbni
woaribn
woarinb
woarnbi
woarnib
wobainr
wobairn
wobanir
wobanri
wobarin
wobarni
wobianr
wobiarn
wobinar
wobinra
wobiran
wobirna
wobnair
wobnari
wobniar
wobnira
wobnrai
wobnria
wobrain
wobrani
wobrian
wobrina
wobrnai
wobrnia
woiabnr
woiabrn
woianbr
woianrb
woiarbn
woiarnb
woibanr
woibarn
woibnar
woibnra
woibran
woibrna
woinabr
woinarb
woinbar
woinbra
woinrab
woinrba
woirabn
woiranb
woirban
woirbna
woirnab
woirnba
wonabir
wonabri
wonaibr
wonairb
wonarbi
wonarib
wonbair
wonbari
wonbiar
wonbira
wonbrai
wonbria
woniabr
woniarb
wonibar
wonibra
wonirab
wonirba
wonrabi
wonraib
wonrbai
wonrbia
wonriab
wonriba
worabin
worabni
woraibn
worainb
woranbi
woranib
worbain
worbani
worbian
worbina
worbnai
worbnia
woriabn
worianb
woriban
woribna
worinab
worinba
wornabi
wornaib
wornbai
wornbia
worniab
worniba
wrabino
wrabion
wrabnio
wrabnoi
wraboin
wraboni
wraibno
wraibon
wrainbo
wrainob
wraiobn
wraionb
wranbio
wranboi
wranibo
wraniob
wranobi
wranoib
wraobin
wraobni
wraoibn
wraoinb
wraonbi
wraonib
wrbaino
wrbaion
wrbanio
wrbanoi
wrbaoin
wrbaoni
wrbiano
wrbiaon
wrbinao
wrbinoa
wrbioan
wrbiona
wrbnaio
wrbnaoi
wrbniao
wrbnioa
wrbnoai
wrbnoia
wrboain
wrboani
wrboian
wrboina
wrbonai
wrbonia
wriabno
wriabon
wrianbo
wrianob
wriaobn
wriaonb
wribano
wribaon
wribnao
wribnoa
wriboan
wribona
wrinabo
wrinaob
wrinbao
wrinboa
wrinoab
wrinoba
wrioabn
wrioanb
wrioban
wriobna
wrionab
wrionba
wrnabio
wrnaboi
wrnaibo
wrnaiob
wrnaobi
wrnaoib
wrnbaio
wrnbaoi
wrnbiao
wrnbioa
wrnboai
wrnboia
wrniabo
wrniaob
wrnibao
wrniboa
wrnioab
wrnioba
wrnoabi
wrnoaib
wrnobai
wrnobia
wrnoiab
wrnoiba
wroabin
wroabni
wroaibn
wroainb
wroanbi
wroanib
wrobain
wrobani
wrobian
wrobina
wrobnai
wrobnia
wroiabn
wroianb
wroiban
wroibna
wroinab
wroinba
wronabi
wronaib
wronbai
wronbia
wroniab
wroniba

